#
# There is insufficient memory for the Java Runtime Environment to continue.
# Native memory allocation (mmap) failed to map 12288 bytes for committing reserved memory.
# Possible reasons:
#   The system is out of physical RAM or swap space
#   In 32 bit mode, the process size limit was hit
# Possible solutions:
#   Reduce memory load on the system
#   Increase physical memory or swap space
#   Check if swap backing store is full
#   Use 64 bit Java on a 64 bit OS
#   Decrease Java heap size (-Xmx/-Xms)
#   Decrease number of Java threads
#   Decrease Java thread stack sizes (-Xss)
#   Set larger code cache with -XX:ReservedCodeCacheSize=
# This output file may be truncated or incomplete.
#
#  Out of Memory Error (os_linux.cpp:2643), pid=27976, tid=0x58977b40
#
# JRE version: OpenJDK Runtime Environment (8.0_181-b13) (build 1.8.0_181-8u181-b13-0ubuntu0.16.04.1-b13)
# Java VM: OpenJDK Server VM (25.181-b13 mixed mode linux-x86 )
# Failed to write core dump. Core dumps have been disabled. To enable core dumping, try "ulimit -c unlimited" before starting Java again
#

---------------  T H R E A D  ---------------

Current thread (0x0ade7000):  JavaThread "Text Viewer Hover Presenter" daemon [_thread_new, id=29088, stack(0x58927000,0x58978000)]

Stack: [0x58927000,0x58978000],  sp=0x58977030,  free space=320k
Native frames: (J=compiled Java code, j=interpreted, Vv=VM code, C=native code)
V  [libjvm.so+0x8ddab4]
V  [libjvm.so+0x3aa8f6]
V  [libjvm.so+0x7479ea]
V  [libjvm.so+0x741ae0]
V  [libjvm.so+0x748f84]
V  [libjvm.so+0x7414fd]
V  [libjvm.so+0x888e7f]
V  [libjvm.so+0x744f45]
C  [libpthread.so.0+0x6295]  start_thread+0xe5
C  [libc.so.6+0xe70ae]  clone+0x6e


---------------  P R O C E S S  ---------------

Java Threads: ( => current thread )
=>0x0ade7000 JavaThread "Text Viewer Hover Presenter" daemon [_thread_new, id=29088, stack(0x58927000,0x58978000)]
  0x6566cc00 JavaThread "Worker-38" [_thread_blocked, id=29086, stack(0x5d812000,0x5d863000)]
  0x6566c400 JavaThread "Worker-37" [_thread_blocked, id=29074, stack(0x5dc6a000,0x5dcbb000)]
  0x65690800 JavaThread "Worker-36" [_thread_blocked, id=29059, stack(0x57ef3000,0x57f44000)]
  0x0afb9c00 JavaThread "Worker-35" [_thread_blocked, id=29021, stack(0x5703c000,0x5708d000)]
  0x09ae8000 JavaThread "org.eclipse.cdt.internal.ui.text.CReconciler" daemon [_thread_blocked, id=28807, stack(0x4dcaf000,0x4dd00000)]
  0x5e02b400 JavaThread "Worker-33" [_thread_blocked, id=28752, stack(0x57f44000,0x57f95000)]
  0x097b4c00 JavaThread "org.eclipse.cdt.internal.ui.text.CReconciler" daemon [_thread_blocked, id=28704, stack(0x570bc000,0x5710d000)]
  0x0ae49000 JavaThread "Worker-31" [_thread_blocked, id=28698, stack(0x588d6000,0x58927000)]
  0x65691000 JavaThread "Worker-30" [_thread_blocked, id=28697, stack(0x4de69000,0x4deba000)]
  0x654c9000 JavaThread "Worker-29" [_thread_blocked, id=28696, stack(0x5d908000,0x5d959000)]
  0x0abce800 JavaThread "AWT-XAWT" daemon [_thread_in_native, id=28425, stack(0x5dba7000,0x5dbf8000)]
  0x0ab72800 JavaThread "Java2D Disposer" daemon [_thread_blocked, id=28424, stack(0x587e3000,0x58834000)]
  0x5c9e2400 JavaThread "[ThreadPool Manager] - Idle Thread" daemon [_thread_blocked, id=28036, stack(0x5720d000,0x5725e000)]
  0x5d388400 JavaThread "Provisioning Event Dispatcher" daemon [_thread_blocked, id=28031, stack(0x5725e000,0x572af000)]
  0x5821dc00 JavaThread "Thread-7" [_thread_blocked, id=28022, stack(0x58732000,0x58783000)]
  0x0a1f1000 JavaThread "org.eclipse.cdt.internal.ui.text.CReconciler" daemon [_thread_blocked, id=28007, stack(0x5ba23000,0x5ba74000)]
  0x091c1000 JavaThread "EventAdmin Async Event Dispatcher Thread" daemon [_thread_blocked, id=28004, stack(0x5f54e000,0x5f59f000)]
  0x6569a800 JavaThread "Bundle File Closer" daemon [_thread_blocked, id=28001, stack(0x5cf50000,0x5cfa1000)]
  0x08ccc000 JavaThread "EMF Reference Cleaner" daemon [_thread_blocked, id=27997, stack(0x5f76a000,0x5f7bb000)]
  0x61ba7000 JavaThread "Worker-JM" [_thread_blocked, id=27996, stack(0x5f9bb000,0x5fa0c000)]
  0x08c41c00 JavaThread "[Timer] - Main Queue Handler" daemon [_thread_blocked, id=27995, stack(0x5fb0c000,0x5fb5d000)]
  0x08c0a800 JavaThread "Start Level: Equinox Container: 801cde95-9163-0019-11eb-8762374cff10" daemon [_thread_blocked, id=27993, stack(0x5fbae000,0x5fbff000)]
  0x08c08000 JavaThread "Framework Event Dispatcher: Equinox Container: 801cde95-9163-0019-11eb-8762374cff10" daemon [_thread_blocked, id=27992, stack(0x61e2b000,0x61e7c000)]
  0x08bcb800 JavaThread "Active Thread: Equinox Container: 801cde95-9163-0019-11eb-8762374cff10" [_thread_blocked, id=27991, stack(0x61e7c000,0x61ecd000)]
  0x0897a000 JavaThread "Service Thread" daemon [_thread_blocked, id=27989, stack(0x62513000,0x62564000)]
  0x0896fc00 JavaThread "C1 CompilerThread2" daemon [_thread_blocked, id=27988, stack(0x6207d000,0x620fe000)]
  0x0896e400 JavaThread "C2 CompilerThread1" daemon [_thread_blocked, id=27987, stack(0x620fe000,0x6217f000)]
  0x0896c400 JavaThread "C2 CompilerThread0" daemon [_thread_blocked, id=27986, stack(0x6217f000,0x62200000)]
  0x0896ac00 JavaThread "Signal Dispatcher" daemon [_thread_blocked, id=27985, stack(0x6512e000,0x6517f000)]
  0x08950400 JavaThread "Finalizer" daemon [_thread_blocked, id=27984, stack(0x6532e000,0x6537f000)]
  0x0894d800 JavaThread "Reference Handler" daemon [_thread_blocked, id=27983, stack(0x6552e000,0x6557f000)]
  0x087d4800 JavaThread "main" [_thread_in_native, id=27976, stack(0xbf888000,0xbf8d8000)]

Other Threads:
  0x08949000 VMThread [stack: 0x62564000,0x625e5000] [id=27982]
  0x0897b800 WatcherThread [stack: 0x61ffc000,0x6207d000] [id=27990]

VM state:not at safepoint (normal execution)

VM Mutex/Monitor currently owned by a thread: None

Heap:
 PSYoungGen      total 233216K, used 16541K [0x904c0000, 0xa02c0000, 0xa5a00000)
  eden space 231936K, 7% used [0x904c0000,0x914e7408,0x9e740000)
  from space 1280K, 0% used [0x9e740000,0x9e740000,0x9e880000)
  to   space 14080K, 0% used [0x9f500000,0x9f500000,0xa02c0000)
 ParOldGen       total 252160K, used 54083K [0x65a00000, 0x75040000, 0x904c0000)
  object space 252160K, 21% used [0x65a00000,0x68ed0e50,0x75040000)
 Metaspace       used 70980K, capacity 74673K, committed 74752K, reserved 75056K

Card table byte_map: [0x657ff000,0x65a00000] byte_map_base: 0x654d2000

Marking Bits: (ParMarkBitMap*) 0xb5d0c8e0
 Begin Bits: [0x63000000, 0x64000000)
 End Bits:   [0x64000000, 0x65000000)

Polling page: 0xb775d000

CodeCache: size=245760Kb used=58934Kb max_used=59071Kb free=186825Kb
 bounds [0xa5f93000, 0xa999b000, 0xb4f93000]
 total_blobs=17668 nmethods=17351 adapters=227
 compilation: enabled

Compilation events (10 events):
Event: 2590,236 Thread 0x0896e400 nmethod 23918 0xa9986388 code [0xa99864a0, 0xa99865fc]
Event: 2590,236 Thread 0x0896c400 nmethod 23917 0xa79352c8 code [0xa79353c0, 0xa7935410]
Event: 2591,888 Thread 0x0896c400 23919       4       org.eclipse.jface.text.source.AnnotationModel::getAnnotationIterator (184 bytes)
Event: 2592,154 Thread 0x0896c400 nmethod 23919 0xa76ffc48 code [0xa76fffe0, 0xa7702300]
Event: 2592,412 Thread 0x0896e400 23920       4       org.eclipse.jface.text.source.AnnotationRulerColumn$Tuple::<init> (15 bytes)
Event: 2592,434 Thread 0x0896e400 nmethod 23920 0xa675ce88 code [0xa675cf80, 0xa675cfd0]
Event: 2597,828 Thread 0x0896fc00 23921       3       org.eclipse.swt.custom.StyledText::sendSelectionEvent (45 bytes)
Event: 2597,967 Thread 0x0896fc00 nmethod 23921 0xa79be748 code [0xa79be9c0, 0xa79bf96c]
Event: 2597,967 Thread 0x0896fc00 23922       3       org.eclipse.jface.text.source.DefaultCharacterPairMatcher::findMatchingPeer (84 bytes)
Event: 2597,969 Thread 0x0896fc00 nmethod 23922 0xa6522588 code [0xa6522740, 0xa6522f28]

GC Heap History (10 events):
Event: 2403,688 GC heap before
{Heap before GC invocations=63 (full 28):
 PSYoungGen      total 232192K, used 48K [0x904c0000, 0xa0640000, 0xa5a00000)
  eden space 231936K, 0% used [0x904c0000,0x904c0000,0x9e740000)
  from space 256K, 18% used [0x9e740000,0x9e74c000,0x9e780000)
  to   space 15872K, 0% used [0x9f6c0000,0x9f6c0000,0xa0640000)
 ParOldGen       total 252160K, used 54084K [0x65a00000, 0x75040000, 0x904c0000)
  object space 252160K, 21% used [0x65a00000,0x68ed13a0,0x75040000)
 Metaspace       used 70906K, capacity 74577K, committed 74624K, reserved 75056K
Event: 2404,752 GC heap after
Heap after GC invocations=63 (full 28):
 PSYoungGen      total 232192K, used 0K [0x904c0000, 0xa0640000, 0xa5a00000)
  eden space 231936K, 0% used [0x904c0000,0x904c0000,0x9e740000)
  from space 256K, 0% used [0x9e740000,0x9e740000,0x9e780000)
  to   space 15872K, 0% used [0x9f6c0000,0x9f6c0000,0xa0640000)
 ParOldGen       total 252160K, used 54087K [0x65a00000, 0x75040000, 0x904c0000)
  object space 252160K, 21% used [0x65a00000,0x68ed1c18,0x75040000)
 Metaspace       used 70906K, capacity 74577K, committed 74624K, reserved 75056K
}
Event: 2474,970 GC heap before
{Heap before GC invocations=64 (full 28):
 PSYoungGen      total 232192K, used 8161K [0x904c0000, 0xa0640000, 0xa5a00000)
  eden space 231936K, 3% used [0x904c0000,0x90cb87f8,0x9e740000)
  from space 256K, 0% used [0x9e740000,0x9e740000,0x9e780000)
  to   space 15872K, 0% used [0x9f6c0000,0x9f6c0000,0xa0640000)
 ParOldGen       total 252160K, used 54087K [0x65a00000, 0x75040000, 0x904c0000)
  object space 252160K, 21% used [0x65a00000,0x68ed1c18,0x75040000)
 Metaspace       used 70912K, capacity 74609K, committed 74752K, reserved 75056K
Event: 2475,106 GC heap after
Heap after GC invocations=64 (full 28):
 PSYoungGen      total 246272K, used 368K [0x904c0000, 0xa04c0000, 0xa5a00000)
  eden space 231936K, 0% used [0x904c0000,0x904c0000,0x9e740000)
  from space 14336K, 2% used [0x9f6c0000,0x9f71c000,0xa04c0000)
  to   space 15104K, 0% used [0x9e740000,0x9e740000,0x9f600000)
 ParOldGen       total 252160K, used 54087K [0x65a00000, 0x75040000, 0x904c0000)
  object space 252160K, 21% used [0x65a00000,0x68ed1c18,0x75040000)
 Metaspace       used 70912K, capacity 74609K, committed 74752K, reserved 75056K
}
Event: 2475,115 GC heap before
{Heap before GC invocations=65 (full 29):
 PSYoungGen      total 246272K, used 368K [0x904c0000, 0xa04c0000, 0xa5a00000)
  eden space 231936K, 0% used [0x904c0000,0x904c0000,0x9e740000)
  from space 14336K, 2% used [0x9f6c0000,0x9f71c000,0xa04c0000)
  to   space 15104K, 0% used [0x9e740000,0x9e740000,0x9f600000)
 ParOldGen       total 252160K, used 54087K [0x65a00000, 0x75040000, 0x904c0000)
  object space 252160K, 21% used [0x65a00000,0x68ed1c18,0x75040000)
 Metaspace       used 70912K, capacity 74609K, committed 74752K, reserved 75056K
Event: 2476,120 GC heap after
Heap after GC invocations=65 (full 29):
 PSYoungGen      total 246272K, used 0K [0x904c0000, 0xa04c0000, 0xa5a00000)
  eden space 231936K, 0% used [0x904c0000,0x904c0000,0x9e740000)
  from space 14336K, 0% used [0x9f6c0000,0x9f6c0000,0xa04c0000)
  to   space 15104K, 0% used [0x9e740000,0x9e740000,0x9f600000)
 ParOldGen       total 252160K, used 54224K [0x65a00000, 0x75040000, 0x904c0000)
  object space 252160K, 21% used [0x65a00000,0x68ef4138,0x75040000)
 Metaspace       used 70912K, capacity 74609K, committed 74752K, reserved 75056K
}
Event: 2564,781 GC heap before
{Heap before GC invocations=66 (full 29):
 PSYoungGen      total 246272K, used 67978K [0x904c0000, 0xa04c0000, 0xa5a00000)
  eden space 231936K, 29% used [0x904c0000,0x94722b50,0x9e740000)
  from space 14336K, 0% used [0x9f6c0000,0x9f6c0000,0xa04c0000)
  to   space 15104K, 0% used [0x9e740000,0x9e740000,0x9f600000)
 ParOldGen       total 252160K, used 54224K [0x65a00000, 0x75040000, 0x904c0000)
  object space 252160K, 21% used [0x65a00000,0x68ef4138,0x75040000)
 Metaspace       used 70967K, capacity 74673K, committed 74752K, reserved 75056K
Event: 2564,822 GC heap after
Heap after GC invocations=66 (full 29):
 PSYoungGen      total 233216K, used 1184K [0x904c0000, 0xa02c0000, 0xa5a00000)
  eden space 231936K, 0% used [0x904c0000,0x904c0000,0x9e740000)
  from space 1280K, 92% used [0x9e740000,0x9e868020,0x9e880000)
  to   space 14080K, 0% used [0x9f500000,0x9f500000,0xa02c0000)
 ParOldGen       total 252160K, used 54224K [0x65a00000, 0x75040000, 0x904c0000)
  object space 252160K, 21% used [0x65a00000,0x68ef4138,0x75040000)
 Metaspace       used 70967K, capacity 74673K, committed 74752K, reserved 75056K
}
Event: 2564,823 GC heap before
{Heap before GC invocations=67 (full 30):
 PSYoungGen      total 233216K, used 1184K [0x904c0000, 0xa02c0000, 0xa5a00000)
  eden space 231936K, 0% used [0x904c0000,0x904c0000,0x9e740000)
  from space 1280K, 92% used [0x9e740000,0x9e868020,0x9e880000)
  to   space 14080K, 0% used [0x9f500000,0x9f500000,0xa02c0000)
 ParOldGen       total 252160K, used 54224K [0x65a00000, 0x75040000, 0x904c0000)
  object space 252160K, 21% used [0x65a00000,0x68ef4138,0x75040000)
 Metaspace       used 70967K, capacity 74673K, committed 74752K, reserved 75056K
Event: 2565,640 GC heap after
Heap after GC invocations=67 (full 30):
 PSYoungGen      total 233216K, used 0K [0x904c0000, 0xa02c0000, 0xa5a00000)
  eden space 231936K, 0% used [0x904c0000,0x904c0000,0x9e740000)
  from space 1280K, 0% used [0x9e740000,0x9e740000,0x9e880000)
  to   space 14080K, 0% used [0x9f500000,0x9f500000,0xa02c0000)
 ParOldGen       total 252160K, used 54083K [0x65a00000, 0x75040000, 0x904c0000)
  object space 252160K, 21% used [0x65a00000,0x68ed0e50,0x75040000)
 Metaspace       used 70967K, capacity 74673K, committed 74752K, reserved 75056K
}

Deoptimization events (10 events):
Event: 2193,350 Thread 0x5e02b400 Uncommon trap: reason=array_check action=maybe_recompile pc=0xa9863804 method=org.eclipse.cdt.core.parser.util.ArrayUtil.appendAt(Ljava/lang/Class;[Ljava/lang/Object;ILjava/lang/Object;)[Ljava/lang/Object; @ 75
Event: 2193,351 Thread 0x5e02b400 Uncommon trap: reason=array_check action=maybe_recompile pc=0xa98637a8 method=org.eclipse.cdt.core.parser.util.ArrayUtil.appendAt(Ljava/lang/Class;[Ljava/lang/Object;ILjava/lang/Object;)[Ljava/lang/Object; @ 27
Event: 2193,351 Thread 0x5e02b400 Uncommon trap: reason=array_check action=maybe_recompile pc=0xa98637a8 method=org.eclipse.cdt.core.parser.util.ArrayUtil.appendAt(Ljava/lang/Class;[Ljava/lang/Object;ILjava/lang/Object;)[Ljava/lang/Object; @ 27
Event: 2193,861 Thread 0x087d4800 Uncommon trap: reason=unstable_if action=reinterpret pc=0xa6b1c0c8 method=org.eclipse.core.internal.registry.ReferenceMap.put(ILjava/lang/Object;)V @ 63
Event: 2411,176 Thread 0x654c9000 Uncommon trap: reason=predicate action=maybe_recompile pc=0xa981fa5c method=org.eclipse.emf.common.util.SegmentSequence$Builder.reverse()Lorg/eclipse/emf/common/util/SegmentSequence$Builder; @ 12
Event: 2515,401 Thread 0x654c9000 Uncommon trap: reason=unstable_if action=reinterpret pc=0xa7d99b5c method=org.eclipse.cdt.core.dom.ast.ASTTypeUtil.appendType(Lorg/eclipse/cdt/core/dom/ast/IType;ZLjava/lang/StringBuilder;)V @ 146
Event: 2559,781 Thread 0x09ae8000 Uncommon trap: reason=array_check action=maybe_recompile pc=0xa98b2ee0 method=org.eclipse.cdt.core.parser.util.ArrayUtil.appendAt(Ljava/lang/Class;[Ljava/lang/Object;ILjava/lang/Object;)[Ljava/lang/Object; @ 106
Event: 2559,781 Thread 0x09ae8000 Uncommon trap: reason=array_check action=maybe_recompile pc=0xa98b2ee0 method=org.eclipse.cdt.core.parser.util.ArrayUtil.appendAt(Ljava/lang/Class;[Ljava/lang/Object;ILjava/lang/Object;)[Ljava/lang/Object; @ 106
Event: 2560,067 Thread 0x65690800 Uncommon trap: reason=unstable_if action=reinterpret pc=0xa7d1cfcc method=org.eclipse.cdt.internal.core.pdom.db.BTree.insert(Lorg/eclipse/cdt/internal/core/pdom/db/Chunk;JIJJ)J @ 411
Event: 2576,956 Thread 0x09ae8000 Uncommon trap: reason=unstable_if action=reinterpret pc=0xa835396c method=org.eclipse.cdt.internal.core.model.CElement.equals(Lorg/eclipse/cdt/core/model/ICElement;Lorg/eclipse/cdt/core/model/ICElement;)Z @ 99

Classes redefined (0 events):
No events

Internal exceptions (10 events):
Event: 1773,247 Thread 0x5bef4400 Exception <a 'java/lang/NullPointerException'> (0x92bfe210) thrown at [/build/openjdk-8-3XyyOX/openjdk-8-8u181-b13/src/hotspot/src/share/vm/interpreter/linkResolver.cpp, line 1287]
Event: 1773,272 Thread 0x5f458000 Exception <a 'java/lang/UnsatisfiedLinkError': org.eclipse.cdt.utils.spawner.SpawnerInputStream.available0(I)I> (0x93ae5da8) thrown at [/build/openjdk-8-3XyyOX/openjdk-8-8u181-b13/src/hotspot/src/share/vm/prims/nativeLookup.cpp, line 378]
Event: 1774,274 Thread 0x5df59800 Exception <a 'java/lang/UnsatisfiedLinkError': org.eclipse.cdt.utils.spawner.SpawnerInputStream.available0(I)I> (0x951dc360) thrown at [/build/openjdk-8-3XyyOX/openjdk-8-8u181-b13/src/hotspot/src/share/vm/prims/nativeLookup.cpp, line 378]
Event: 1774,876 Thread 0x5d6c3000 Exception <a 'java/lang/UnsatisfiedLinkError': org.eclipse.cdt.utils.spawner.SpawnerInputStream.available0(I)I> (0x96b11ea8) thrown at [/build/openjdk-8-3XyyOX/openjdk-8-8u181-b13/src/hotspot/src/share/vm/prims/nativeLookup.cpp, line 378]
Event: 1808,935 Thread 0x5f679400 Exception <a 'java/lang/InterruptedException'> (0x919715c0) thrown at [/build/openjdk-8-3XyyOX/openjdk-8-8u181-b13/src/hotspot/src/share/vm/runtime/objectMonitor.cpp, line 1684]
Event: 1813,897 Thread 0x622cb400 Exception <a 'java/lang/InterruptedException'> (0x923610a0) thrown at [/build/openjdk-8-3XyyOX/openjdk-8-8u181-b13/src/hotspot/src/share/vm/runtime/objectMonitor.cpp, line 1684]
Event: 2043,234 Thread 0x5bef4400 Exception <a 'java/io/FileNotFoundException'> (0x938071f8) thrown at [/build/openjdk-8-3XyyOX/openjdk-8-8u181-b13/src/hotspot/src/share/vm/prims/jni.cpp, line 709]
Event: 2058,103 Thread 0x087d4800 Implicit null exception at 0xa8717225 to 0xa871a8e5
Event: 2067,468 Thread 0x087d4800 Implicit null exception at 0xa62ccd0b to 0xa62cd785
Event: 2494,198 Thread 0x0afb9c00 Exception <a 'java/io/FileNotFoundException'> (0x905438e8) thrown at [/build/openjdk-8-3XyyOX/openjdk-8-8u181-b13/src/hotspot/src/share/vm/prims/jni.cpp, line 709]

Events (10 events):
Event: 2589,836 Thread 0x0896fc00 flushing nmethod 0xa816ecc8
Event: 2589,844 Thread 0x0896fc00 flushing nmethod 0xa84f7e48
Event: 2589,976 Thread 0x0896fc00 flushing nmethod 0xa8799788
Event: 2589,978 Thread 0x0896fc00 flushing nmethod 0xa8878488
Event: 2589,980 Thread 0x0896fc00 flushing nmethod 0xa89bc5c8
Event: 2590,240 Thread 0x0896e400 flushing nmethod 0xa8b17cc8
Event: 2590,241 Thread 0x0896e400 flushing nmethod 0xa8ba6688
Event: 2590,242 Thread 0x0896e400 flushing nmethod 0xa8c24008
Event: 2592,162 Thread 0x0896c400 flushing nmethod 0xa9863288
Event: 2599,508 Thread 0x0ade7000 Thread added: 0x0ade7000


Dynamic libraries:
08048000-0804c000 r-xp 00000000 08:01 928626     /home/etudiant/eclipse/cpp-mars/eclipse/eclipse
0804c000-0804d000 rw-p 00004000 08:01 928626     /home/etudiant/eclipse/cpp-mars/eclipse/eclipse
08784000-0b094000 rw-p 00000000 00:00 0          [heap]
4d700000-4d7fc000 rw-p 00000000 00:00 0 
4d7fc000-4d800000 ---p 00000000 00:00 0 
4da8d000-4db0d000 rw-s 00000000 00:05 54755347   /SYSV00000000 (deleted)
4db0d000-4dbcd000 rw-p 00000000 00:00 0 
4dbcd000-4dc10000 ---p 00000000 00:00 0 
4dc10000-4dc5e000 rw-p 00000000 00:00 0 
4dc5e000-4dc61000 ---p 00000000 00:00 0 
4dc61000-4dcaf000 rw-p 00000000 00:00 0 
4dcaf000-4dcb2000 ---p 00000000 00:00 0 
4dcb2000-4dd00000 rw-p 00000000 00:00 0 
4dd00000-4dd22000 rw-p 00000000 00:00 0 
4dd22000-4de00000 ---p 00000000 00:00 0 
4de18000-4de1b000 ---p 00000000 00:00 0 
4de1b000-4de69000 rw-p 00000000 00:00 0 
4de69000-4de6c000 ---p 00000000 00:00 0 
4de6c000-4deba000 rw-p 00000000 00:00 0 
4deba000-4debd000 ---p 00000000 00:00 0 
4debd000-4df0b000 rw-p 00000000 00:00 0 
4df0b000-4df0e000 ---p 00000000 00:00 0 
4df0e000-4df5c000 rw-p 00000000 00:00 0 
4df5c000-4df5f000 ---p 00000000 00:00 0 
4df5f000-4dfad000 rw-p 00000000 00:00 0 
4dfad000-4dfb0000 ---p 00000000 00:00 0 
4dfb0000-4e0fe000 rw-p 00000000 00:00 0 
4e0fe000-4f217000 r-xp 00000000 08:01 928872     /home/etudiant/eclipse/cpp-mars/eclipse/dropins/com.trolltech.qtcppdesignerplugins.linux.x86/dependentlibs/libQtWebKitCppIntegration.so.4.6.1
4f217000-4f2ad000 rw-p 01119000 08:01 928872     /home/etudiant/eclipse/cpp-mars/eclipse/dropins/com.trolltech.qtcppdesignerplugins.linux.x86/dependentlibs/libQtWebKitCppIntegration.so.4.6.1
4f2ad000-4f2c0000 rw-p 00000000 00:00 0 
4f2c0000-4f403000 r-xp 00000000 08:01 928860     /home/etudiant/eclipse/cpp-mars/eclipse/dropins/com.trolltech.qtcppdesignerplugins.linux.x86/dependentlibs/libQtNetworkCppIntegration.so.4.6.1
4f403000-4f407000 rw-p 00142000 08:01 928860     /home/etudiant/eclipse/cpp-mars/eclipse/dropins/com.trolltech.qtcppdesignerplugins.linux.x86/dependentlibs/libQtNetworkCppIntegration.so.4.6.1
4f407000-4f44b000 r-xp 00000000 08:01 928864     /home/etudiant/eclipse/cpp-mars/eclipse/dropins/com.trolltech.qtcppdesignerplugins.linux.x86/dependentlibs/libQtSqlCppIntegration.so.4.6.1
4f44b000-4f44c000 rw-p 00044000 08:01 928864     /home/etudiant/eclipse/cpp-mars/eclipse/dropins/com.trolltech.qtcppdesignerplugins.linux.x86/dependentlibs/libQtSqlCppIntegration.so.4.6.1
4f44c000-4f767000 r-xp 00000000 08:01 928868     /home/etudiant/eclipse/cpp-mars/eclipse/dropins/com.trolltech.qtcppdesignerplugins.linux.x86/dependentlibs/libQt3SupportCppIntegration.so.4.6.1
4f767000-4f777000 rw-p 0031a000 08:01 928868     /home/etudiant/eclipse/cpp-mars/eclipse/dropins/com.trolltech.qtcppdesignerplugins.linux.x86/dependentlibs/libQt3SupportCppIntegration.so.4.6.1
4f777000-4f80b000 r--p 00000000 08:01 1050181    /usr/share/fonts/truetype/abyssinica/AbyssinicaSIL-R.ttf
4f80b000-4f90b000 rw-p 00000000 00:00 0 
4f90b000-4fa0b000 rw-p 00000000 00:00 0 
4fa0b000-4fcc6000 r-xp 00000000 08:01 928765     /home/etudiant/eclipse/cpp-mars/eclipse/dropins/com.trolltech.qtcpp.linux.x86_4.6.1/lib/libQtCoreCppIntegration.so.4.6.1
4fcc6000-4fccf000 rw-p 002bb000 08:01 928765     /home/etudiant/eclipse/cpp-mars/eclipse/dropins/com.trolltech.qtcpp.linux.x86_4.6.1/lib/libQtCoreCppIntegration.so.4.6.1
4fccf000-50827000 r-xp 00000000 08:01 928769     /home/etudiant/eclipse/cpp-mars/eclipse/dropins/com.trolltech.qtcpp.linux.x86_4.6.1/lib/libQtGuiCppIntegration.so.4.6.1
50827000-50851000 rw-p 00b57000 08:01 928769     /home/etudiant/eclipse/cpp-mars/eclipse/dropins/com.trolltech.qtcpp.linux.x86_4.6.1/lib/libQtGuiCppIntegration.so.4.6.1
50851000-50853000 rw-p 00000000 00:00 0 
50853000-50854000 ---p 00000000 00:00 0 
50854000-51054000 rw-p 00000000 00:00 0 
51067000-510b4000 r-xp 00000000 08:01 928855     /home/etudiant/eclipse/cpp-mars/eclipse/dropins/com.trolltech.qtcppdesignerplugins.linux.x86/libqt3supportwidgets.so
510b4000-510b7000 rw-p 0004c000 08:01 928855     /home/etudiant/eclipse/cpp-mars/eclipse/dropins/com.trolltech.qtcppdesignerplugins.linux.x86/libqt3supportwidgets.so
510b7000-51104000 r-xp 00000000 08:01 394109     /usr/lib/jvm/java-8-openjdk-i386/jre/lib/i386/libfontmanager.so
51104000-51105000 ---p 0004d000 08:01 394109     /usr/lib/jvm/java-8-openjdk-i386/jre/lib/i386/libfontmanager.so
51105000-51106000 r--p 0004d000 08:01 394109     /usr/lib/jvm/java-8-openjdk-i386/jre/lib/i386/libfontmanager.so
51106000-51107000 rw-p 0004e000 08:01 394109     /usr/lib/jvm/java-8-openjdk-i386/jre/lib/i386/libfontmanager.so
51107000-51843000 r-xp 00000000 08:01 928781     /home/etudiant/eclipse/cpp-mars/eclipse/dropins/com.trolltech.qtcpp.linux.x86_4.6.1/lib/libQtDesignerCppIntegration.so.4.6.1
51843000-51855000 rw-p 0073c000 08:01 928781     /home/etudiant/eclipse/cpp-mars/eclipse/dropins/com.trolltech.qtcpp.linux.x86_4.6.1/lib/libQtDesignerCppIntegration.so.4.6.1
51855000-51856000 ---p 00000000 00:00 0 
51856000-52056000 rw-p 00000000 00:00 0 
5209a000-52126000 r-xp 00000000 08:01 394129     /usr/lib/jvm/java-8-openjdk-i386/jre/lib/i386/libawt.so
52126000-52127000 ---p 0008c000 08:01 394129     /usr/lib/jvm/java-8-openjdk-i386/jre/lib/i386/libawt.so
52127000-52128000 r--p 0008c000 08:01 394129     /usr/lib/jvm/java-8-openjdk-i386/jre/lib/i386/libawt.so
52128000-5212f000 rw-p 0008d000 08:01 394129     /usr/lib/jvm/java-8-openjdk-i386/jre/lib/i386/libawt.so
5212f000-52153000 rw-p 00000000 00:00 0 
52153000-523e5000 r-xp 00000000 08:01 928777     /home/etudiant/eclipse/cpp-mars/eclipse/dropins/com.trolltech.qtcpp.linux.x86_4.6.1/lib/libQtScriptCppIntegration.so.4.6.1
523e5000-523f0000 rw-p 00291000 08:01 928777     /home/etudiant/eclipse/cpp-mars/eclipse/dropins/com.trolltech.qtcpp.linux.x86_4.6.1/lib/libQtScriptCppIntegration.so.4.6.1
523f0000-52400000 rw-p 00000000 00:00 0 
52400000-52489000 rw-p 00000000 00:00 0 
52489000-52500000 ---p 00000000 00:00 0 
52511000-52531000 rw-p 00000000 00:00 0 
52531000-52582000 r-xp 00000000 08:01 394117     /usr/lib/jvm/java-8-openjdk-i386/jre/lib/i386/libawt_xawt.so
52582000-52583000 r--p 00050000 08:01 394117     /usr/lib/jvm/java-8-openjdk-i386/jre/lib/i386/libawt_xawt.so
52583000-52585000 rw-p 00051000 08:01 394117     /usr/lib/jvm/java-8-openjdk-i386/jre/lib/i386/libawt_xawt.so
52585000-52586000 rw-p 00000000 00:00 0 
52586000-52631000 r-xp 00000000 08:01 265535     /lib/i386-linux-gnu/libgcrypt.so.20.0.5
52631000-52632000 r--p 000aa000 08:01 265535     /lib/i386-linux-gnu/libgcrypt.so.20.0.5
52632000-52635000 rw-p 000ab000 08:01 265535     /lib/i386-linux-gnu/libgcrypt.so.20.0.5
52635000-528f2000 r-xp 00000000 08:01 928785     /home/etudiant/eclipse/cpp-mars/eclipse/dropins/com.trolltech.qtcpp.linux.x86_4.6.1/lib/libQtDesignerComponentsCppIntegration.so.4.6.1
528f2000-52900000 rw-p 002bd000 08:01 928785     /home/etudiant/eclipse/cpp-mars/eclipse/dropins/com.trolltech.qtcpp.linux.x86_4.6.1/lib/libQtDesignerComponentsCppIntegration.so.4.6.1
52900000-529f9000 rw-p 00000000 00:00 0 
529f9000-52a00000 ---p 00000000 00:00 0 
52a00000-52af8000 rw-p 00000000 00:00 0 
52af8000-52b00000 ---p 00000000 00:00 0 
52b00000-52d00000 rw-p 00000000 00:00 0 
52d00000-52dfe000 rw-p 00000000 00:00 0 
52dfe000-52e00000 ---p 00000000 00:00 0 
52e00000-52f00000 rw-p 00000000 00:00 0 
52f00000-52f6a000 rw-p 00000000 00:00 0 
52f6a000-53000000 ---p 00000000 00:00 0 
5300c000-53058000 r--p 00000000 08:01 1050249    /usr/share/fonts/truetype/noto/NotoSans-Bold.ttf
53058000-53059000 ---p 00000000 00:00 0 
53059000-53859000 rw-p 00000000 00:00 0 
53859000-5385a000 ---p 00000000 00:00 0 
5385a000-5405a000 rw-p 00000000 00:00 0 
54065000-540b0000 r--p 00000000 08:01 1050252    /usr/share/fonts/truetype/noto/NotoSans-Regular.ttf
540b0000-5413b000 r-xp 00000000 08:01 265781     /lib/i386-linux-gnu/libsystemd.so.0.14.0
5413b000-5413d000 r--p 0008a000 08:01 265781     /lib/i386-linux-gnu/libsystemd.so.0.14.0
5413d000-5413e000 rw-p 0008c000 08:01 265781     /lib/i386-linux-gnu/libsystemd.so.0.14.0
5413e000-54195000 r-xp 00000000 08:01 265741     /lib/i386-linux-gnu/libdbus-1.so.3.14.6
54195000-54196000 ---p 00057000 08:01 265741     /lib/i386-linux-gnu/libdbus-1.so.3.14.6
54196000-54197000 r--p 00057000 08:01 265741     /lib/i386-linux-gnu/libdbus-1.so.3.14.6
54197000-54198000 rw-p 00058000 08:01 265741     /lib/i386-linux-gnu/libdbus-1.so.3.14.6
54198000-541fa000 r-xp 00000000 08:01 528188     /usr/lib/i386-linux-gnu/libXt.so.6.0.0
541fa000-541fb000 ---p 00062000 08:01 528188     /usr/lib/i386-linux-gnu/libXt.so.6.0.0
541fb000-541fc000 r--p 00062000 08:01 528188     /usr/lib/i386-linux-gnu/libXt.so.6.0.0
541fc000-541ff000 rw-p 00063000 08:01 528188     /usr/lib/i386-linux-gnu/libXt.so.6.0.0
541ff000-54200000 rw-p 00000000 00:00 0 
54200000-542fc000 rw-p 00000000 00:00 0 
542fc000-54300000 ---p 00000000 00:00 0 
5430f000-5432f000 rw-p 00000000 00:00 0 
5432f000-54358000 r-xp 00000000 08:01 528401     /usr/lib/i386-linux-gnu/libdbus-glib-1.so.2.3.3
54358000-54359000 ---p 00029000 08:01 528401     /usr/lib/i386-linux-gnu/libdbus-glib-1.so.2.3.3
54359000-5435a000 r--p 00029000 08:01 528401     /usr/lib/i386-linux-gnu/libdbus-glib-1.so.2.3.3
5435a000-5435b000 rw-p 0002a000 08:01 528401     /usr/lib/i386-linux-gnu/libdbus-glib-1.so.2.3.3
5435b000-5445b000 rw-p 00000000 00:00 0 
5445b000-5455b000 rw-p 00000000 00:00 0 
5455b000-5465b000 rw-p 00000000 00:00 0 
5465b000-5475b000 rw-p 00000000 00:00 0 
5475b000-5485b000 rw-p 00000000 00:00 0 
5485b000-56111000 r-xp 00000000 08:01 527695     /usr/lib/i386-linux-gnu/libicudata.so.55.1
56111000-56112000 r--p 018b5000 08:01 527695     /usr/lib/i386-linux-gnu/libicudata.so.55.1
56112000-56113000 rw-p 018b6000 08:01 527695     /usr/lib/i386-linux-gnu/libicudata.so.55.1
56113000-56137000 r-xp 00000000 08:01 266463     /lib/i386-linux-gnu/liblzma.so.5.0.0
56137000-56138000 r--p 00023000 08:01 266463     /lib/i386-linux-gnu/liblzma.so.5.0.0
56138000-56139000 rw-p 00024000 08:01 266463     /lib/i386-linux-gnu/liblzma.so.5.0.0
56139000-562c0000 r-xp 00000000 08:01 527699     /usr/lib/i386-linux-gnu/libicuuc.so.55.1
562c0000-562ca000 r--p 00186000 08:01 527699     /usr/lib/i386-linux-gnu/libicuuc.so.55.1
562ca000-562cb000 rw-p 00190000 08:01 527699     /usr/lib/i386-linux-gnu/libicuuc.so.55.1
562cb000-562cf000 rw-p 00000000 00:00 0 
562cf000-564a9000 r-xp 00000000 08:01 527703     /usr/lib/i386-linux-gnu/libxml2.so.2.9.3
564a9000-564aa000 ---p 001da000 08:01 527703     /usr/lib/i386-linux-gnu/libxml2.so.2.9.3
564aa000-564ae000 r--p 001da000 08:01 527703     /usr/lib/i386-linux-gnu/libxml2.so.2.9.3
564ae000-564af000 rw-p 001de000 08:01 527703     /usr/lib/i386-linux-gnu/libxml2.so.2.9.3
564af000-564b0000 rw-p 00000000 00:00 0 
564b0000-564f0000 r-xp 00000000 08:01 528377     /usr/lib/i386-linux-gnu/libcroco-0.6.so.3.0.1
564f0000-564f1000 ---p 00040000 08:01 528377     /usr/lib/i386-linux-gnu/libcroco-0.6.so.3.0.1
564f1000-564f3000 r--p 00040000 08:01 528377     /usr/lib/i386-linux-gnu/libcroco-0.6.so.3.0.1
564f3000-564f4000 rw-p 00042000 08:01 528377     /usr/lib/i386-linux-gnu/libcroco-0.6.so.3.0.1
564f4000-56534000 r-xp 00000000 08:01 529111     /usr/lib/i386-linux-gnu/librsvg-2.so.2.40.13
56534000-56535000 r--p 0003f000 08:01 529111     /usr/lib/i386-linux-gnu/librsvg-2.so.2.40.13
56535000-56536000 rw-p 00040000 08:01 529111     /usr/lib/i386-linux-gnu/librsvg-2.so.2.40.13
56536000-56551000 r-xp 00000000 08:01 525300     /usr/lib/i386-linux-gnu/gio/modules/libgioremote-volume-monitor.so
56551000-56552000 ---p 0001b000 08:01 525300     /usr/lib/i386-linux-gnu/gio/modules/libgioremote-volume-monitor.so
56552000-56553000 r--p 0001b000 08:01 525300     /usr/lib/i386-linux-gnu/gio/modules/libgioremote-volume-monitor.so
56553000-56554000 rw-p 0001c000 08:01 525300     /usr/lib/i386-linux-gnu/gio/modules/libgioremote-volume-monitor.so
56554000-56654000 rw-p 00000000 00:00 0 
56654000-56754000 rw-p 00000000 00:00 0 
56754000-56800000 r--p 00000000 08:01 1050183    /usr/share/fonts/truetype/dejavu/DejaVuSans-Bold.ttf
56800000-56900000 rw-p 00000000 00:00 0 
56900000-56a00000 rw-p 00000000 00:00 0 
56a00000-56b00000 rw-p 00000000 00:00 0 
56b00000-56c00000 rw-p 00000000 00:00 0 
56c00000-56d00000 rw-p 00000000 00:00 0 
56d00000-56ef9000 rw-p 00000000 00:00 0 
56ef9000-56f00000 ---p 00000000 00:00 0 
56f00000-57000000 rw-p 00000000 00:00 0 
57009000-5703c000 r--s 00294000 08:01 929923     /home/etudiant/.p2/pool/plugins/org.eclipse.egit.ui_4.1.1.201511131810-r.jar
5703c000-5703f000 ---p 00000000 00:00 0 
5703f000-5708d000 rw-p 00000000 00:00 0 
570bc000-570bf000 ---p 00000000 00:00 0 
570bf000-5720d000 rw-p 00000000 00:00 0 
5720d000-57210000 ---p 00000000 00:00 0 
57210000-5725e000 rw-p 00000000 00:00 0 
5725e000-57261000 ---p 00000000 00:00 0 
57261000-572af000 rw-p 00000000 00:00 0 
572b1000-572e4000 r-xp 00000000 08:01 528572     /usr/lib/i386-linux-gnu/libgconf-2.so.4.1.5
572e4000-572e5000 r--p 00032000 08:01 528572     /usr/lib/i386-linux-gnu/libgconf-2.so.4.1.5
572e5000-572e6000 rw-p 00033000 08:01 528572     /usr/lib/i386-linux-gnu/libgconf-2.so.4.1.5
572e6000-572fc000 r-xp 00000000 08:01 528121     /usr/lib/i386-linux-gnu/libICE.so.6.3.0
572fc000-572fd000 r--p 00015000 08:01 528121     /usr/lib/i386-linux-gnu/libICE.so.6.3.0
572fd000-572fe000 rw-p 00016000 08:01 528121     /usr/lib/i386-linux-gnu/libICE.so.6.3.0
572fe000-57400000 rw-p 00000000 00:00 0 
57400000-57500000 rw-p 00000000 00:00 0 
57500000-5754a000 rw-p 00000000 00:00 0 
5754a000-57600000 ---p 00000000 00:00 0 
57600000-57700000 rw-p 00000000 00:00 0 
57700000-577ff000 rw-p 00000000 00:00 0 
577ff000-57800000 ---p 00000000 00:00 0 
57800000-57900000 rw-p 00000000 00:00 0 
57900000-57a00000 rw-p 00000000 00:00 0 
57a00000-57a36000 rw-p 00000000 00:00 0 
57a36000-57b00000 ---p 00000000 00:00 0 
57b01000-57c01000 rw-p 00000000 00:00 0 
57c01000-57d01000 rw-p 00000000 00:00 0 
57d1a000-57d51000 r--s 0028c000 08:01 929807     /home/etudiant/.p2/pool/plugins/org.eclipse.debug.ui_3.11.101.v20160203-1230.jar
57d55000-57da0000 r-xp 00000000 08:01 928773     /home/etudiant/eclipse/cpp-mars/eclipse/dropins/com.trolltech.qtcpp.linux.x86_4.6.1/lib/libQtXmlCppIntegration.so.4.6.1
57da0000-57da2000 rw-p 0004b000 08:01 928773     /home/etudiant/eclipse/cpp-mars/eclipse/dropins/com.trolltech.qtcpp.linux.x86_4.6.1/lib/libQtXmlCppIntegration.so.4.6.1
57da2000-57da5000 ---p 00000000 00:00 0 
57da5000-57ef3000 rw-p 00000000 00:00 0 
57ef3000-57ef6000 ---p 00000000 00:00 0 
57ef6000-57f44000 rw-p 00000000 00:00 0 
57f44000-57f47000 ---p 00000000 00:00 0 
57f47000-57f95000 rw-p 00000000 00:00 0 
57fab000-57fdb000 r-xp 00000000 08:01 928822     /home/etudiant/eclipse/cpp-mars/eclipse/dropins/com.trolltech.qtcppdesigner.linux.x86_1.6.1/lib/libqtcppdesigner.so
57fdb000-57fdd000 rw-p 0002f000 08:01 928822     /home/etudiant/eclipse/cpp-mars/eclipse/dropins/com.trolltech.qtcppdesigner.linux.x86_1.6.1/lib/libqtcppdesigner.so
57fdd000-58000000 r--s 00187000 08:01 929664     /home/etudiant/.p2/pool/plugins/org.eclipse.cdt.dsf.gdb_4.8.0.201602051005.jar
58000000-58100000 rw-p 00000000 00:00 0 
58100000-58161000 rw-p 00000000 00:00 0 
58161000-58200000 ---p 00000000 00:00 0 
58200000-582fe000 rw-p 00000000 00:00 0 
582fe000-58300000 ---p 00000000 00:00 0 
58300000-58400000 rw-p 00000000 00:00 0 
58400000-58500000 rw-p 00000000 00:00 0 
58500000-58600000 rw-p 00000000 00:00 0 
58600000-58700000 rw-p 00000000 00:00 0 
58700000-58714000 r-xp 00000000 08:01 266440     /lib/i386-linux-gnu/libgpg-error.so.0.17.0
58714000-58715000 r--p 00013000 08:01 266440     /lib/i386-linux-gnu/libgpg-error.so.0.17.0
58715000-58716000 rw-p 00014000 08:01 266440     /lib/i386-linux-gnu/libgpg-error.so.0.17.0
58716000-58732000 r--s 00144000 08:01 930403     /home/etudiant/.p2/pool/plugins/org.eclipse.team.ui_3.7.200.v20150203-1452.jar
58732000-58735000 ---p 00000000 00:00 0 
58735000-58783000 rw-p 00000000 00:00 0 
58783000-587e3000 rw-s 00000000 00:05 50397209   /SYSV00000000 (deleted)
587e3000-587e6000 ---p 00000000 00:00 0 
587e6000-58834000 rw-p 00000000 00:00 0 
58834000-58837000 ---p 00000000 00:00 0 
58837000-58885000 rw-p 00000000 00:00 0 
58885000-58888000 ---p 00000000 00:00 0 
58888000-588d6000 rw-p 00000000 00:00 0 
588d6000-588d9000 ---p 00000000 00:00 0 
588d9000-58927000 rw-p 00000000 00:00 0 
5892a000-58a78000 rw-p 00000000 00:00 0 
58a78000-58b78000 rw-p 00000000 00:00 0 
58b78000-58b79000 ---p 00000000 00:00 0 
58b79000-59379000 rw-p 00000000 00:00 0 
59379000-5937a000 ---p 00000000 00:00 0 
5937a000-59b7a000 rw-p 00000000 00:00 0 
59b7a000-59bb1000 r-xp 00000000 08:01 525311     /usr/lib/i386-linux-gnu/gvfs/libgvfscommon.so
59bb1000-59bb2000 ---p 00037000 08:01 525311     /usr/lib/i386-linux-gnu/gvfs/libgvfscommon.so
59bb2000-59bb4000 r--p 00037000 08:01 525311     /usr/lib/i386-linux-gnu/gvfs/libgvfscommon.so
59bb4000-59bb5000 rw-p 00039000 08:01 525311     /usr/lib/i386-linux-gnu/gvfs/libgvfscommon.so
59bb5000-59bec000 r-xp 00000000 08:01 525301     /usr/lib/i386-linux-gnu/gio/modules/libgvfsdbus.so
59bec000-59bed000 r--p 00036000 08:01 525301     /usr/lib/i386-linux-gnu/gio/modules/libgvfsdbus.so
59bed000-59bee000 rw-p 00037000 08:01 525301     /usr/lib/i386-linux-gnu/gio/modules/libgvfsdbus.so
59bee000-59c0a000 r--p 00000000 08:01 138800     /usr/share/icons/gnome/icon-theme.cache
59c0a000-59c3c000 r--p 00000000 08:01 1074524    /usr/share/icons/elementary-xfce/icon-theme.cache
59c3c000-59c6e000 r--p 00000000 08:01 1074524    /usr/share/icons/elementary-xfce/icon-theme.cache
59c6e000-59d6e000 rw-p 00000000 00:00 0 
59d7e000-59e7e000 rw-p 00000000 00:00 0 
59e87000-59eaf000 r--s 001c9000 08:01 930428     /home/etudiant/.p2/pool/plugins/org.eclipse.tracecompass.tmf.ui_1.2.0.201602091005.jar
59eaf000-59eb2000 ---p 00000000 00:00 0 
59eb2000-5a000000 rw-p 00000000 00:00 0 
5a000000-5a100000 rw-p 00000000 00:00 0 
5a100000-5a200000 rw-p 00000000 00:00 0 
5a200000-5a300000 rw-p 00000000 00:00 0 
5a300000-5a400000 rw-p 00000000 00:00 0 
5a400000-5a500000 rw-p 00000000 00:00 0 
5a500000-5a600000 rw-p 00000000 00:00 0 
5a600000-5a700000 rw-p 00000000 00:00 0 
5a700000-5a800000 rw-p 00000000 00:00 0 
5a800000-5a900000 rw-p 00000000 00:00 0 
5a900000-5a9fa000 rw-p 00000000 00:00 0 
5a9fa000-5aa00000 ---p 00000000 00:00 0 
5aa00000-5ab00000 rw-p 00000000 00:00 0 
5ab00000-5ad00000 rw-p 00000000 00:00 0 
5ad00000-5ae00000 rw-p 00000000 00:00 0 
5ae00000-5af00000 rw-p 00000000 00:00 0 
5af00000-5b000000 rw-p 00000000 00:00 0 
5b000000-5b0fa000 rw-p 00000000 00:00 0 
5b0fa000-5b100000 ---p 00000000 00:00 0 
5b100000-5b1d9000 rw-p 00000000 00:00 0 
5b1d9000-5b200000 ---p 00000000 00:00 0 
5b200000-5b300000 rw-p 00000000 00:00 0 
5b300000-5b400000 rw-p 00000000 00:00 0 
5b400000-5b500000 rw-p 00000000 00:00 0 
5b500000-5b600000 rw-p 00000000 00:00 0 
5b600000-5b700000 rw-p 00000000 00:00 0 
5b700000-5b7fe000 rw-p 00000000 00:00 0 
5b7fe000-5b800000 ---p 00000000 00:00 0 
5b800000-5b900000 rw-p 00000000 00:00 0 
5b900000-5ba00000 rw-p 00000000 00:00 0 
5ba07000-5ba23000 r--p 00000000 08:01 138800     /usr/share/icons/gnome/icon-theme.cache
5ba23000-5ba26000 ---p 00000000 00:00 0 
5ba26000-5bb74000 rw-p 00000000 00:00 0 
5bb84000-5bbc2000 r--p 00000000 08:01 1082432    /usr/share/fonts/truetype/dejavu/DejaVuSansMono-BoldOblique.ttf
5bbc2000-5bc00000 r--p 00000000 08:01 1082433    /usr/share/fonts/truetype/dejavu/DejaVuSansMono-Oblique.ttf
5bc00000-5bd00000 rw-p 00000000 00:00 0 
5bd00000-5bef9000 rw-p 00000000 00:00 0 
5bef9000-5bf00000 ---p 00000000 00:00 0 
5bf00000-5c000000 rw-p 00000000 00:00 0 
5c000000-5c0f9000 rw-p 00000000 00:00 0 
5c0f9000-5c100000 ---p 00000000 00:00 0 
5c105000-5c205000 rw-p 00000000 00:00 0 
5c214000-5c265000 r--p 00000000 08:01 1050185    /usr/share/fonts/truetype/dejavu/DejaVuSansMono-Bold.ttf
5c265000-5c2b9000 r--p 00000000 08:01 1050186    /usr/share/fonts/truetype/dejavu/DejaVuSansMono.ttf
5c2b9000-5c300000 r--p 00000000 08:01 1050250    /usr/share/fonts/truetype/noto/NotoSans-BoldItalic.ttf
5c300000-5c400000 rw-p 00000000 00:00 0 
5c400000-5c4ff000 rw-p 00000000 00:00 0 
5c4ff000-5c500000 ---p 00000000 00:00 0 
5c500000-5c600000 rw-p 00000000 00:00 0 
5c600000-5c6e8000 rw-p 00000000 00:00 0 
5c6e8000-5c700000 ---p 00000000 00:00 0 
5c702000-5c71d000 r--p 00000000 08:01 794996     /usr/share/locale-langpack/fr/LC_MESSAGES/glib20.mo
5c735000-5c77a000 r--p 00000000 08:01 1050251    /usr/share/fonts/truetype/noto/NotoSans-Italic.ttf
5c77a000-5c87a000 rw-p 00000000 00:00 0 
5c87c000-5c89d000 r--s 001f0000 08:01 930093     /home/etudiant/.p2/pool/plugins/org.eclipse.jgit_4.1.1.201511131810-r.jar
5c8af000-5c900000 r--s 004dd000 08:01 929528     /home/etudiant/.p2/pool/plugins/org.eclipse.cdt.core_5.11.0.201602051005.jar
5c900000-5c9fe000 rw-p 00000000 00:00 0 
5c9fe000-5ca00000 ---p 00000000 00:00 0 
5ca00000-5cb00000 rw-p 00000000 00:00 0 
5cb00000-5cc00000 rw-p 00000000 00:00 0 
5cc00000-5cd00000 rw-p 00000000 00:00 0 
5cd00000-5ce00000 rw-p 00000000 00:00 0 
5ce00000-5cf00000 rw-p 00000000 00:00 0 
5cf05000-5cf1e000 r--s 00189000 08:01 930398     /home/etudiant/.p2/pool/plugins/org.eclipse.rse.ui_3.3.100.201503112018.jar
5cf2d000-5cf50000 r--s 001a6000 08:01 930271     /home/etudiant/.p2/pool/plugins/org.eclipse.mylyn.tasks.ui_3.18.0.v20151211-2235.jar
5cf50000-5cf53000 ---p 00000000 00:00 0 
5cf53000-5cfa1000 rw-p 00000000 00:00 0 
5cfa1000-5d000000 r--s 00579000 08:01 929766     /home/etudiant/.p2/pool/plugins/org.eclipse.cdt.ui_5.11.0.201602051005.jar
5d000000-5d100000 rw-p 00000000 00:00 0 
5d100000-5d1e4000 rw-p 00000000 00:00 0 
5d1e4000-5d200000 ---p 00000000 00:00 0 
5d200000-5d300000 rw-p 00000000 00:00 0 
5d300000-5d4fa000 rw-p 00000000 00:00 0 
5d4fa000-5d500000 ---p 00000000 00:00 0 
5d500000-5d5fe000 rw-p 00000000 00:00 0 
5d5fe000-5d600000 ---p 00000000 00:00 0 
5d600000-5d700000 rw-p 00000000 00:00 0 
5d700000-5d7fa000 rw-p 00000000 00:00 0 
5d7fa000-5d800000 ---p 00000000 00:00 0 
5d812000-5d815000 ---p 00000000 00:00 0 
5d815000-5d863000 rw-p 00000000 00:00 0 
5d863000-5d88e000 r-xp 00000000 08:01 394111     /usr/lib/jvm/java-8-openjdk-i386/jre/lib/i386/libsunec.so
5d88e000-5d88f000 ---p 0002b000 08:01 394111     /usr/lib/jvm/java-8-openjdk-i386/jre/lib/i386/libsunec.so
5d88f000-5d891000 r--p 0002b000 08:01 394111     /usr/lib/jvm/java-8-openjdk-i386/jre/lib/i386/libsunec.so
5d891000-5d892000 rw-p 0002d000 08:01 394111     /usr/lib/jvm/java-8-openjdk-i386/jre/lib/i386/libsunec.so
5d899000-5d8a1000 rw-p 00000000 00:00 0 
5d8a1000-5d8bc000 r--s 00112000 08:01 929648     /home/etudiant/.p2/pool/plugins/org.eclipse.cdt.debug.ui_7.5.0.201602051005.jar
5d8bc000-5d908000 r--p 00000000 08:01 1050249    /usr/share/fonts/truetype/noto/NotoSans-Bold.ttf
5d908000-5d90b000 ---p 00000000 00:00 0 
5d90b000-5da59000 rw-p 00000000 00:00 0 
5da59000-5db59000 rw-p 00000000 00:00 0 
5db5c000-5db64000 rw-p 00000000 00:00 0 
5db64000-5db6e000 r--s 00067000 08:01 930240     /home/etudiant/.p2/pool/plugins/org.eclipse.ltk.ui.refactoring_3.7.200.v20140625-1835.jar
5db6e000-5db85000 r--s 00130000 08:01 929492     /home/etudiant/.p2/pool/plugins/org.apache.xerces_2.9.0.v201101211617.jar
5db85000-5db8e000 r--s 00065000 08:01 929729     /home/etudiant/.p2/pool/plugins/org.eclipse.cdt.make.core_7.3.0.201602051005.jar
5db8e000-5db98000 r--p 00000000 08:01 153233     /usr/share/icons/elementary-xfce-darker/icon-theme.cache
5db99000-5dba6000 r--s 0009b000 08:01 933980     /home/etudiant/.p2/pool/plugins/org.eclipse.oomph.setup.ui_1.9.0.v20171221-1140.jar
5dba7000-5dbaa000 ---p 00000000 00:00 0 
5dbaa000-5dbf8000 rw-p 00000000 00:00 0 
5dbf8000-5dc00000 r--s 0003c000 08:01 930429     /home/etudiant/.p2/pool/plugins/org.eclipse.ui_3.107.0.v20150507-1945.jar
5dc00000-5dc05000 r--s 00039000 08:01 930404     /home/etudiant/.p2/pool/plugins/org.eclipse.text_3.5.400.v20150505-1044.jar
5dc05000-5dc0c000 r--s 00042000 08:01 933949     /home/etudiant/.p2/pool/plugins/org.eclipse.oomph.p2.ui_1.9.0.v20171221-1140.jar
5dc0c000-5dc16000 r--p 00000000 08:01 153233     /usr/share/icons/elementary-xfce-darker/icon-theme.cache
5dc16000-5dc27000 r--s 000bc000 08:01 929502     /home/etudiant/.p2/pool/plugins/org.eclipse.cdt.autotools.ui_1.0.1.201602051005.jar
5dc27000-5dc35000 r--s 000ae000 08:01 929776     /home/etudiant/.p2/pool/plugins/org.eclipse.compare_3.5.600.v20150420-1449.jar
5dc35000-5dc46000 r--s 00137000 08:01 929730     /home/etudiant/.p2/pool/plugins/org.eclipse.cdt.managedbuilder.core_8.3.0.201602051005.jar
5dc46000-5dc51000 r--s 00085000 08:01 930494     /home/etudiant/.p2/pool/plugins/org.eclipse.ui.workbench.texteditor_3.9.100.v20141023-1946.jar
5dc53000-5dc59000 r--s 00041000 08:01 929837     /home/etudiant/.p2/pool/plugins/org.eclipse.e4.ui.workbench_1.3.1.v20160203-0951.jar
5dc59000-5dc60000 r--s 00069000 08:01 929920     /home/etudiant/.p2/pool/plugins/org.eclipse.egit.core_4.1.1.201511131810-r.jar
5dc60000-5dc6a000 r--s 000ce000 08:01 929793     /home/etudiant/.p2/pool/plugins/org.eclipse.core.resources_3.10.1.v20150725-1910.jar
5dc6a000-5dc6d000 ---p 00000000 00:00 0 
5dc6d000-5ddbb000 rw-p 00000000 00:00 0 
5ddbc000-5ddc4000 r--s 0005b000 08:01 930402     /home/etudiant/.p2/pool/plugins/org.eclipse.team.core_3.7.100.v20150203-1452.jar
5ddc6000-5ddce000 rw-p 00000000 00:00 0 
5ddce000-5ddd7000 r--s 0005f000 08:01 930441     /home/etudiant/.p2/pool/plugins/org.eclipse.ui.navigator_3.6.0.v20150422-0725.jar
5ddd7000-5dddc000 r--s 002f9000 08:01 394168     /usr/lib/jvm/java-8-openjdk-i386/jre/lib/charsets.jar
5dddc000-5ddef000 r--s 00346000 08:01 394136     /usr/lib/jvm/java-8-openjdk-i386/jre/lib/resources.jar
5ddf1000-5ddf8000 r-xp 00000000 08:01 528143     /usr/lib/i386-linux-gnu/libSM.so.6.0.1
5ddf8000-5ddf9000 r--p 00006000 08:01 528143     /usr/lib/i386-linux-gnu/libSM.so.6.0.1
5ddf9000-5ddfa000 rw-p 00007000 08:01 528143     /usr/lib/i386-linux-gnu/libSM.so.6.0.1
5ddfa000-5de00000 r--s 00050000 08:01 929839     /home/etudiant/.p2/pool/plugins/org.eclipse.e4.ui.workbench.renderers.swt_0.13.0.v20150901-1347.jar
5de00000-5df00000 rw-p 00000000 00:00 0 
5df00000-5dffa000 rw-p 00000000 00:00 0 
5dffa000-5e000000 ---p 00000000 00:00 0 
5e000000-5e200000 rw-p 00000000 00:00 0 
5e200000-5e300000 rw-p 00000000 00:00 0 
5e300000-5e400000 rw-p 00000000 00:00 0 
5e400000-5e4fe000 rw-p 00000000 00:00 0 
5e4fe000-5e500000 ---p 00000000 00:00 0 
5e500000-5e5e9000 rw-p 00000000 00:00 0 
5e5e9000-5e600000 ---p 00000000 00:00 0 
5e600000-5e700000 rw-p 00000000 00:00 0 
5e700000-5e7fa000 rw-p 00000000 00:00 0 
5e7fa000-5e800000 ---p 00000000 00:00 0 
5e800000-5e8fa000 rw-p 00000000 00:00 0 
5e8fa000-5e900000 ---p 00000000 00:00 0 
5e900000-5ea00000 rw-p 00000000 00:00 0 
5ea00000-5eb00000 rw-p 00000000 00:00 0 
5eb00000-5ebff000 rw-p 00000000 00:00 0 
5ebff000-5ec00000 ---p 00000000 00:00 0 
5ec00000-5ec0c000 r--s 00082000 08:01 930433     /home/etudiant/.p2/pool/plugins/org.eclipse.ui.editors_3.9.0.v20150213-1939.jar
5ec0f000-5ec19000 r--s 00071000 08:01 929732     /home/etudiant/.p2/pool/plugins/org.eclipse.cdt.managedbuilder.ui_8.2.2.201602051005.jar
5ec20000-5ec34000 r--s 000e5000 08:01 930092     /home/etudiant/.p2/pool/plugins/org.eclipse.jface.text_3.10.0.v20150603-1752.jar
5ec34000-5ec38000 r--s 00021000 08:01 929524     /home/etudiant/.p2/pool/plugins/org.eclipse.cdt.codan.core_3.3.0.201602051005.jar
5ec39000-5ec3f000 r--s 0003f000 08:01 929958     /home/etudiant/.p2/pool/plugins/org.eclipse.emf.edit_2.11.1.v20160208-0841.jar
5ec41000-5ec49000 r--s 0004a000 08:01 930239     /home/etudiant/.p2/pool/plugins/org.eclipse.ltk.core.refactoring_3.6.201.v20150819-1034.jar
5ec49000-5ec52000 r--s 00067000 08:01 930267     /home/etudiant/.p2/pool/plugins/org.eclipse.mylyn.tasks.core_3.18.0.v20151202-0115.jar
5ec54000-5ec64000 r--s 000a1000 08:01 929666     /home/etudiant/.p2/pool/plugins/org.eclipse.cdt.dsf.gdb.ui_2.5.0.201602051005.jar
5ec64000-5ec6c000 r--s 00051000 08:01 929798     /home/etudiant/.p2/pool/plugins/org.eclipse.debug.core_3.10.0.v20150303-1130.jar
5ec6c000-5ec74000 rw-p 00000000 00:00 0 
5ec74000-5ec79000 r-xp 00000000 08:01 265386     /lib/i386-linux-gnu/libnss_dns-2.23.so
5ec79000-5ec7a000 r--p 00004000 08:01 265386     /lib/i386-linux-gnu/libnss_dns-2.23.so
5ec7a000-5ec7b000 rw-p 00005000 08:01 265386     /lib/i386-linux-gnu/libnss_dns-2.23.so
5ec7f000-5ec80000 r-xp 00000000 08:01 530393     /usr/lib/i386-linux-gnu/gdk-pixbuf-2.0/2.10.0/loaders/libpixbufloader-svg.so
5ec80000-5ec81000 ---p 00001000 08:01 530393     /usr/lib/i386-linux-gnu/gdk-pixbuf-2.0/2.10.0/loaders/libpixbufloader-svg.so
5ec81000-5ec82000 r--p 00001000 08:01 530393     /usr/lib/i386-linux-gnu/gdk-pixbuf-2.0/2.10.0/loaders/libpixbufloader-svg.so
5ec82000-5ec83000 rw-p 00002000 08:01 530393     /usr/lib/i386-linux-gnu/gdk-pixbuf-2.0/2.10.0/loaders/libpixbufloader-svg.so
5ec83000-5ec8d000 r-xp 00000000 08:01 928932     /home/etudiant/eclipse/cpp-mars/eclipse/configuration/org.eclipse.osgi/426/0/.cp/libswt-atk-gtk-4530.so
5ec8d000-5ec8e000 rw-p 00009000 08:01 928932     /home/etudiant/eclipse/cpp-mars/eclipse/configuration/org.eclipse.osgi/426/0/.cp/libswt-atk-gtk-4530.so
5ec8e000-5ec92000 r--s 00021000 08:01 930442     /home/etudiant/.p2/pool/plugins/org.eclipse.ui.navigator.resources_3.5.1.v20160128-1644.jar
5ec92000-5ed92000 rw-p 00000000 00:00 0 
5ed92000-5ed97000 r-xp 00000000 08:01 527776     /usr/lib/i386-linux-gnu/gdk-pixbuf-2.0/2.10.0/loaders/libpixbufloader-png.so
5ed97000-5ed98000 r--p 00004000 08:01 527776     /usr/lib/i386-linux-gnu/gdk-pixbuf-2.0/2.10.0/loaders/libpixbufloader-png.so
5ed98000-5ed99000 rw-p 00005000 08:01 527776     /usr/lib/i386-linux-gnu/gdk-pixbuf-2.0/2.10.0/loaders/libpixbufloader-png.so
5ed99000-5ede4000 r--p 00000000 08:01 1050252    /usr/share/fonts/truetype/noto/NotoSans-Regular.ttf
5ede4000-5edec000 r--s 00000000 08:01 807049     /var/cache/fontconfig/945677eb7aeaf62f1d50efc3fb3ec7d8-le32d4.cache-6
5edec000-5edf0000 r--s 00000000 08:01 807046     /var/cache/fontconfig/2cd17615ca594fa2959ae173292e504c-le32d4.cache-6
5edf0000-5edf1000 r--s 00000000 08:01 804601     /var/cache/fontconfig/0d8c3b2ac0904cb8a57a757ad11a4a08-le32d4.cache-6
5edf1000-5ee00000 r--s 00000000 08:01 804579     /var/cache/fontconfig/04aabc0a78ac019cf9454389977116d2-le32d4.cache-6
5ee00000-5ee01000 r--s 00000000 08:01 804536     /var/cache/fontconfig/1ac9eb803944fde146138c791f5cc56a-le32d4.cache-6
5ee01000-5ee04000 r--s 00000000 08:01 804437     /var/cache/fontconfig/385c0604a188198f04d133e54aba7fe7-le32d4.cache-6
5ee04000-5ee05000 r--s 00000000 08:01 804436     /var/cache/fontconfig/dc05db6664285cc2f12bf69c139ae4c3-le32d4.cache-6
5ee05000-5ee07000 r--s 00000000 08:01 804435     /var/cache/fontconfig/767a8244fc0220cfb567a839d0392e0b-le32d4.cache-6
5ee07000-5ee08000 r--s 00000000 08:01 799835     /var/cache/fontconfig/4794a0821666d79190d59a36cb4f44b5-le32d4.cache-6
5ee08000-5ee24000 r--s 00000000 08:01 804429     /var/cache/fontconfig/0bd3dc0958fa2205aaaa8ebb13e2872b-le32d4.cache-6
5ee24000-5ee28000 r--s 00000000 08:01 804427     /var/cache/fontconfig/8801497958630a81b71ace7c5f9b32a8-le32d4.cache-6
5ee28000-5ee29000 r--s 00000000 08:01 804421     /var/cache/fontconfig/bab58bb527bb656aaa9f116d68a48d89-le32d4.cache-6
5ee29000-5ee2e000 r--s 00000000 08:01 804417     /var/cache/fontconfig/3047814df9a2f067bd2d96a2b9c36e5a-le32d4.cache-6
5ee2e000-5ee2f000 r--s 00000000 08:01 804414     /var/cache/fontconfig/56cf4f4769d0f4abc89a4895d7bd3ae1-le32d4.cache-6
5ee2f000-5ee33000 r--s 00000000 08:01 804412     /var/cache/fontconfig/b47c4e1ecd0709278f4910c18777a504-le32d4.cache-6
5ee33000-5ee43000 r--s 00000000 08:01 804407     /var/cache/fontconfig/d52a8644073d54c13679302ca1180695-le32d4.cache-6
5ee43000-5ee4c000 r--s 00000000 08:01 803331     /var/cache/fontconfig/d589a48862398ed80a3d6066f4f56f4c-le32d4.cache-6
5ee4c000-5ee54000 r--s 00000000 08:01 803324     /var/cache/fontconfig/83bf95040141907cd45bb53cf7c1c148-le32d4.cache-6
5ee54000-5ee62000 r--s 00000000 08:01 803066     /var/cache/fontconfig/9b89f8e3dae116d678bbf48e5f21f69b-le32d4.cache-6
5ee62000-5ee67000 r-xp 00000000 08:01 528190     /usr/lib/i386-linux-gnu/libXtst.so.6.1.0
5ee67000-5ee68000 r--p 00004000 08:01 528190     /usr/lib/i386-linux-gnu/libXtst.so.6.1.0
5ee68000-5ee69000 rw-p 00005000 08:01 528190     /usr/lib/i386-linux-gnu/libXtst.so.6.1.0
5ee69000-5ee6a000 r--s 00000000 08:01 804413     /var/cache/fontconfig/b9d506c9ac06c20b433354fa67a72993-le32d4.cache-6
5ee6a000-5ee6b000 r--s 00000000 08:01 804400     /var/cache/fontconfig/551ecf3b0e8b0bca0f25c0944f561853-le32d4.cache-6
5ee6b000-5ee6c000 r--s 00000000 08:01 803330     /var/cache/fontconfig/30829fa25452a46451e813d634d7f916-le32d4.cache-6
5ee6c000-5ee6f000 r--s 00000000 08:01 803325     /var/cache/fontconfig/75114ca45c98e8a441da0ff356701271-le32d4.cache-6
5ee6f000-5ee71000 r--s 00000000 08:01 803293     /var/cache/fontconfig/e13b20fdb08344e0e664864cc2ede53d-le32d4.cache-6
5ee71000-5ee74000 r--s 00000000 08:01 799843     /var/cache/fontconfig/7ef2298fde41cc6eeb7af42e48b7d293-le32d4.cache-6
5ee74000-5ee78000 rwxp 00000000 00:00 0 
5ee78000-5ee80000 r-xp 00000000 08:01 928919     /home/etudiant/eclipse/cpp-mars/eclipse/configuration/org.eclipse.osgi/426/0/.cp/libswt-cairo-gtk-4530.so
5ee80000-5ee81000 rw-p 00007000 08:01 928919     /home/etudiant/eclipse/cpp-mars/eclipse/configuration/org.eclipse.osgi/426/0/.cp/libswt-cairo-gtk-4530.so
5ee81000-5eee3000 r-xp 00000000 08:01 928903     /home/etudiant/eclipse/cpp-mars/eclipse/configuration/org.eclipse.osgi/426/0/.cp/libswt-pi-gtk-4530.so
5eee3000-5eee5000 rw-p 00061000 08:01 928903     /home/etudiant/eclipse/cpp-mars/eclipse/configuration/org.eclipse.osgi/426/0/.cp/libswt-pi-gtk-4530.so
5eee5000-5eee6000 rw-p 00000000 00:00 0 
5eee6000-5eee9000 r-xp 00000000 08:01 928916     /home/etudiant/eclipse/cpp-mars/eclipse/configuration/org.eclipse.osgi/426/0/.cp/libswt-gtk-4530.so
5eee9000-5eeea000 rw-p 00003000 08:01 928916     /home/etudiant/eclipse/cpp-mars/eclipse/configuration/org.eclipse.osgi/426/0/.cp/libswt-gtk-4530.so
5eeea000-5efeb000 rw-p 00000000 00:00 0 
5efeb000-5f0eb000 rw-p 00000000 00:00 0 
5f0eb000-5f100000 r--s 0024a000 08:01 930401     /home/etudiant/.p2/pool/plugins/org.eclipse.swt.gtk.linux.x86_3.104.2.v20160212-1350.jar
5f100000-5f200000 rw-p 00000000 00:00 0 
5f200000-5f3fb000 rw-p 00000000 00:00 0 
5f3fb000-5f400000 ---p 00000000 00:00 0 
5f400000-5f4fe000 rw-p 00000000 00:00 0 
5f4fe000-5f500000 ---p 00000000 00:00 0 
5f500000-5f501000 r--s 00000000 08:01 803329     /var/cache/fontconfig/0c9eb80ebd1c36541ebe2852d3bb0c49-le32d4.cache-6
5f501000-5f502000 r-xp 00000000 08:01 527570     /usr/lib/i386-linux-gnu/libgthread-2.0.so.0.4800.2
5f502000-5f503000 r--p 00000000 08:01 527570     /usr/lib/i386-linux-gnu/libgthread-2.0.so.0.4800.2
5f503000-5f504000 rw-p 00001000 08:01 527570     /usr/lib/i386-linux-gnu/libgthread-2.0.so.0.4800.2
5f505000-5f50b000 r--p 00000000 08:01 138756     /usr/share/icons/hicolor/icon-theme.cache
5f50b000-5f54e000 r--s 003a3000 08:01 930493     /home/etudiant/.p2/pool/plugins/org.eclipse.ui.workbench_3.107.1.v20160120-2131.jar
5f54e000-5f551000 ---p 00000000 00:00 0 
5f551000-5f59f000 rw-p 00000000 00:00 0 
5f59f000-5f600000 r--s 00a99000 08:01 929395     /home/etudiant/.p2/pool/plugins/com.ibm.icu_54.1.1.v201501272100.jar
5f600000-5f6ff000 rw-p 00000000 00:00 0 
5f6ff000-5f700000 ---p 00000000 00:00 0 
5f705000-5f708000 r--s 00018000 08:01 929790     /home/etudiant/.p2/pool/plugins/org.eclipse.core.jobs_3.7.0.v20150330-2103.jar
5f708000-5f70f000 r--s 00051000 08:01 929932     /home/etudiant/.p2/pool/plugins/org.eclipse.emf.common_2.11.1.v20160208-0816.jar
5f714000-5f715000 r--s 00004000 08:01 930400     /home/etudiant/.p2/pool/plugins/org.eclipse.swt_3.104.2.v20160212-1350.jar
5f715000-5f72a000 r--s 0010e000 08:01 930090     /home/etudiant/.p2/pool/plugins/org.eclipse.jface_3.11.1.v20160128-1644.jar
5f72a000-5f72f000 r-xp 00000000 08:01 928873     /home/etudiant/eclipse/cpp-mars/eclipse/dropins/com.trolltech.qtcppdesignerplugins.linux.x86/libqwebview.so
5f72f000-5f730000 rw-p 00004000 08:01 928873     /home/etudiant/eclipse/cpp-mars/eclipse/dropins/com.trolltech.qtcppdesignerplugins.linux.x86/libqwebview.so
5f730000-5f736000 r--p 00000000 08:01 138756     /usr/share/icons/hicolor/icon-theme.cache
5f736000-5f73b000 r--s 00035000 08:01 929959     /home/etudiant/.p2/pool/plugins/org.eclipse.emf.edit.ui_2.11.1.v20160208-0841.jar
5f73b000-5f73f000 r--s 00019000 08:01 929786     /home/etudiant/.p2/pool/plugins/org.eclipse.core.filebuffers_3.5.500.v20140723-1040.jar
5f73f000-5f747000 r--s 00073000 08:01 930374     /home/etudiant/.p2/pool/plugins/org.eclipse.rse.files.ui_3.2.200.201502052140.jar
5f74a000-5f751000 r--s 00046000 08:01 930253     /home/etudiant/.p2/pool/plugins/org.eclipse.mylyn.commons.ui_3.18.0.v20151116-1930.jar
5f753000-5f756000 r-xp 00000000 08:01 525859     /usr/lib/i386-linux-gnu/gconv/UTF-16.so
5f756000-5f757000 r--p 00002000 08:01 525859     /usr/lib/i386-linux-gnu/gconv/UTF-16.so
5f757000-5f758000 rw-p 00003000 08:01 525859     /usr/lib/i386-linux-gnu/gconv/UTF-16.so
5f758000-5f75c000 r--s 00035000 08:01 929957     /home/etudiant/.p2/pool/plugins/org.eclipse.emf.ecore.xmi_2.11.1.v20160208-0816.jar
5f75d000-5f766000 r--s 0004a000 08:01 929665     /home/etudiant/.p2/pool/plugins/org.eclipse.cdt.dsf_2.6.0.201602051005.jar
5f766000-5f76a000 r--s 0001c000 08:01 929526     /home/etudiant/.p2/pool/plugins/org.eclipse.cdt.codan.ui_3.2.0.201602051005.jar
5f76a000-5f76d000 ---p 00000000 00:00 0 
5f76d000-5f8bb000 rw-p 00000000 00:00 0 
5f8bb000-5f9bb000 rw-p 00000000 00:00 0 
5f9bb000-5f9be000 ---p 00000000 00:00 0 
5f9be000-5fb0c000 rw-p 00000000 00:00 0 
5fb0c000-5fb0f000 ---p 00000000 00:00 0 
5fb0f000-5fb5d000 rw-p 00000000 00:00 0 
5fb5e000-5fb62000 r-xp 00000000 08:01 266211     /lib/i386-linux-gnu/libuuid.so.1.3.0
5fb62000-5fb63000 r--p 00003000 08:01 266211     /lib/i386-linux-gnu/libuuid.so.1.3.0
5fb63000-5fb64000 rw-p 00004000 08:01 266211     /lib/i386-linux-gnu/libuuid.so.1.3.0
5fb64000-5fb70000 r--s 00081000 08:01 929637     /home/etudiant/.p2/pool/plugins/org.eclipse.cdt.debug.mi.core_7.3.0.201602051005.jar
5fb70000-5fb74000 r--s 00023000 08:01 929638     /home/etudiant/.p2/pool/plugins/org.eclipse.cdt.debug.mi.ui_6.2.0.201602051005.jar
5fb74000-5fb7c000 r--s 00000000 08:01 933683     /home/etudiant/.local/share/gvfs-metadata/root-b38a09ea.log
5fb7c000-5fb86000 r--s 00070000 08:01 929728     /home/etudiant/.p2/pool/plugins/org.eclipse.cdt.make.ui_7.2.0.201602051005.jar
5fb86000-5fb8a000 r--s 00021000 08:01 930434     /home/etudiant/.p2/pool/plugins/org.eclipse.ui.externaltools_3.3.0.v20150302-1002.jar
5fb8a000-5fb92000 r--s 00055000 08:01 930227     /home/etudiant/.p2/pool/plugins/org.eclipse.linuxtools.systemtap.ui.ide_2.3.0.201602162146.jar
5fb92000-5fb95000 r-xp 00000000 08:01 1088624    /home/etudiant/eclipse/cpp-mars/eclipse/configuration/org.eclipse.osgi/60/0/.cp/os/linux/x86/libspawner.so
5fb95000-5fb96000 rw-p 00002000 08:01 1088624    /home/etudiant/eclipse/cpp-mars/eclipse/configuration/org.eclipse.osgi/60/0/.cp/os/linux/x86/libspawner.so
5fb96000-5fba4000 r--s 00081000 08:01 929636     /home/etudiant/.p2/pool/plugins/org.eclipse.cdt.debug.core_7.7.0.201602051005.jar
5fba4000-5fba9000 r--s 00039000 08:01 929708     /home/etudiant/.p2/pool/plugins/org.eclipse.cdt.launch_7.3.0.201602051005.jar
5fba9000-5fbae000 r--s 00031000 08:01 929829     /home/etudiant/.p2/pool/plugins/org.eclipse.e4.ui.css.swt_0.12.0.v20150511-1003.jar
5fbae000-5fbb1000 ---p 00000000 00:00 0 
5fbb1000-5fcff000 rw-p 00000000 00:00 0 
5fcff000-61900000 rw-p 00000000 00:00 0 
61900000-61a00000 rw-p 00000000 00:00 0 
61a00000-61b00000 rw-p 00000000 00:00 0 
61b00000-61bfd000 rw-p 00000000 00:00 0 
61bfd000-61c00000 ---p 00000000 00:00 0 
61c00000-61cf0000 rw-p 00000000 00:00 0 
61cf0000-61d00000 ---p 00000000 00:00 0 
61d00000-61dfd000 rw-p 00000000 00:00 0 
61dfd000-61e00000 ---p 00000000 00:00 0 
61e02000-61e04000 r--s 00007000 08:01 930262     /home/etudiant/.p2/pool/plugins/org.eclipse.mylyn.ide.ui_3.18.0.v20151013-1847.jar
61e04000-61e08000 r--p 00000000 08:01 1074530    /usr/share/icons/elementary-xfce-dark/icon-theme.cache
61e08000-61e0c000 r--p 00000000 08:01 1074530    /usr/share/icons/elementary-xfce-dark/icon-theme.cache
61e0c000-61e10000 r--s 00029000 08:01 929840     /home/etudiant/.p2/pool/plugins/org.eclipse.e4.ui.workbench.swt_0.13.0.v20150504-0621.jar
61e10000-61e12000 r--s 00002000 08:01 929529     /home/etudiant/.p2/pool/plugins/org.eclipse.cdt.core.linux_5.3.0.201602051005.jar
61e13000-61e17000 r--s 00020000 08:01 930212     /home/etudiant/.p2/pool/plugins/org.eclipse.linuxtools.profiling.launch_3.2.0.201602162146.jar
61e17000-61e1b000 r--s 00020000 08:01 930209     /home/etudiant/.p2/pool/plugins/org.eclipse.linuxtools.perf_1.2.0.201602162146.jar
61e1c000-61e1e000 r--s 00004000 08:01 930165     /home/etudiant/.p2/pool/plugins/org.eclipse.linuxtools.gcov.launch_1.1.0.201602162146.jar
61e1e000-61e22000 r--s 0002b000 08:01 930432     /home/etudiant/.p2/pool/plugins/org.eclipse.ui.console_3.6.100.v20150822-1912.jar
61e24000-61e25000 r--s 00000000 08:01 933661     /home/etudiant/.local/share/gvfs-metadata/root
61e25000-61e28000 r--s 0000e000 08:01 930217     /home/etudiant/.p2/pool/plugins/org.eclipse.linuxtools.rpm.ui_1.1.0.201602162146.jar
61e28000-61e2b000 r--s 00016000 08:01 930490     /home/etudiant/.p2/pool/plugins/org.eclipse.ui.views_3.8.0.v20150422-0725.jar
61e2b000-61e2e000 ---p 00000000 00:00 0 
61e2e000-61e7c000 rw-p 00000000 00:00 0 
61e7c000-61e7f000 ---p 00000000 00:00 0 
61e7f000-61ecd000 rw-p 00000000 00:00 0 
61ecd000-61ee3000 r-xp 00000000 08:01 394103     /usr/lib/jvm/java-8-openjdk-i386/jre/lib/i386/libnet.so
61ee3000-61ee4000 r--p 00015000 08:01 394103     /usr/lib/jvm/java-8-openjdk-i386/jre/lib/i386/libnet.so
61ee4000-61ee5000 rw-p 00016000 08:01 394103     /usr/lib/jvm/java-8-openjdk-i386/jre/lib/i386/libnet.so
61ee5000-61efa000 r--s 0012b000 08:01 930293     /home/etudiant/.p2/pool/plugins/org.eclipse.osgi_3.10.102.v20160118-1700.jar
61efa000-61f5a000 rw-s 00000000 00:05 44892184   /SYSV00000000 (deleted)
61f5a000-61f5d000 r--s 00017000 08:01 930207     /home/etudiant/.p2/pool/plugins/org.eclipse.linuxtools.oprofile.launch_1.0.1.201602162146.jar
61f5d000-61f61000 r--s 00025000 08:01 930258     /home/etudiant/.p2/pool/plugins/org.eclipse.mylyn.context.ui_3.18.0.v20151014-2324.jar
61f61000-61f63000 r--s 00005000 08:01 929811     /home/etudiant/.p2/pool/plugins/org.eclipse.e4.core.commands_0.11.0.v20150422-0725.jar
61f63000-61f66000 r--p 00000000 08:01 801381     /usr/share/locale-langpack/fr/LC_MESSAGES/atk10.mo
61f66000-61f68000 r--s 00007000 08:01 929531     /home/etudiant/.p2/pool/plugins/org.eclipse.cdt.core.native_5.8.1.201602051005.jar
61f68000-61f6c000 r--s 00022000 08:01 930727     /home/etudiant/.p2/pool/plugins/org.gna.eclox.ui_0.8.0.jar
61f6c000-61f6e000 r-xp 00000000 08:01 266499     /lib/i386-linux-gnu/libnss_mdns4_minimal.so.2
61f6e000-61f6f000 r--p 00001000 08:01 266499     /lib/i386-linux-gnu/libnss_mdns4_minimal.so.2
61f6f000-61f70000 rw-p 00002000 08:01 266499     /lib/i386-linux-gnu/libnss_mdns4_minimal.so.2
61f70000-61f72000 r--s 00012000 08:01 930234     /home/etudiant/.p2/pool/plugins/org.eclipse.linuxtools.valgrind.launch_3.0.0.201602162146.jar
61f72000-61f75000 r--s 0001c000 08:01 929499     /home/etudiant/.p2/pool/plugins/org.eclipse.cdt.autotools.core_1.5.0.201602051005.jar
61f75000-61f78000 r--s 00010000 08:01 929744     /home/etudiant/.p2/pool/plugins/org.eclipse.cdt.mylyn.ui_3.18.0.v20151013-1847.jar
61f78000-61f79000 r--p 00000000 00:00 0 
61f79000-61f7a000 r--s 00005000 08:01 934238     /home/etudiant/.p2/pool/plugins/net.mihai-nita.ansicon.plugin_1.3.5.201612301822.jar
61f7a000-61f7d000 r--s 0000d000 08:01 929787     /home/etudiant/.p2/pool/plugins/org.eclipse.core.filesystem_1.5.0.v20150725-1910.jar
61f7d000-61f81000 r--s 00020000 08:01 928751     /home/etudiant/eclipse/cpp-mars/eclipse/dropins/com.trolltech.qtcppproject_1.6.1.jar
61f81000-61f83000 r-xp 00000000 08:01 928939     /home/etudiant/eclipse/cpp-mars/eclipse/configuration/org.eclipse.osgi/105/0/.cp/os/linux/x86/libunixfile_1_0_0.so
61f83000-61f84000 rw-p 00001000 08:01 928939     /home/etudiant/eclipse/cpp-mars/eclipse/configuration/org.eclipse.osgi/105/0/.cp/os/linux/x86/libunixfile_1_0_0.so
61f84000-61f86000 r--s 00007000 08:01 929797     /home/etudiant/.p2/pool/plugins/org.eclipse.core.variables_3.2.800.v20130819-1716.jar
61f86000-61f89000 r--s 00010000 08:01 929525     /home/etudiant/.p2/pool/plugins/org.eclipse.cdt.codan.core.cxx_3.3.0.201602051005.jar
61f8a000-61f8c000 r--s 0000b000 08:01 929813     /home/etudiant/.p2/pool/plugins/org.eclipse.e4.core.di_1.5.0.v20150421-2214.jar
61f8c000-61f92000 r-xp 00000000 08:01 527784     /usr/lib/i386-linux-gnu/gdk-pixbuf-2.0/2.10.0/loaders/libpixbufloader-gif.so
61f92000-61f93000 r--p 00005000 08:01 527784     /usr/lib/i386-linux-gnu/gdk-pixbuf-2.0/2.10.0/loaders/libpixbufloader-gif.so
61f93000-61f94000 rw-p 00006000 08:01 527784     /usr/lib/i386-linux-gnu/gdk-pixbuf-2.0/2.10.0/loaders/libpixbufloader-gif.so
61f94000-61fbb000 r--s 00218000 08:01 930436     /home/etudiant/.p2/pool/plugins/org.eclipse.ui.ide_3.11.0.v20150825-2158.jar
61fbb000-61fbc000 r-xp 00000000 08:01 527827     /usr/lib/i386-linux-gnu/gtk-2.0/2.10.0/immodules/im-cedilla.so
61fbc000-61fbd000 r--p 00000000 08:01 527827     /usr/lib/i386-linux-gnu/gtk-2.0/2.10.0/immodules/im-cedilla.so
61fbd000-61fbe000 rw-p 00001000 08:01 527827     /usr/lib/i386-linux-gnu/gtk-2.0/2.10.0/immodules/im-cedilla.so
61fbe000-61ffa000 r-xp 00000000 08:01 525298     /usr/lib/i386-linux-gnu/gtk-2.0/2.10.0/engines/libmurrine.so
61ffa000-61ffb000 r--p 0003b000 08:01 525298     /usr/lib/i386-linux-gnu/gtk-2.0/2.10.0/engines/libmurrine.so
61ffb000-61ffc000 rw-p 0003c000 08:01 525298     /usr/lib/i386-linux-gnu/gtk-2.0/2.10.0/engines/libmurrine.so
61ffc000-61ffd000 ---p 00000000 00:00 0 
61ffd000-6207d000 rw-p 00000000 00:00 0 
6207d000-62080000 ---p 00000000 00:00 0 
62080000-620fe000 rw-p 00000000 00:00 0 
620fe000-62101000 ---p 00000000 00:00 0 
62101000-6217f000 rw-p 00000000 00:00 0 
6217f000-62182000 ---p 00000000 00:00 0 
62182000-62200000 rw-p 00000000 00:00 0 
62200000-622fb000 rw-p 00000000 00:00 0 
622fb000-62300000 ---p 00000000 00:00 0 
62300000-623fe000 rw-p 00000000 00:00 0 
623fe000-62400000 ---p 00000000 00:00 0 
62400000-624fd000 rw-p 00000000 00:00 0 
624fd000-62500000 ---p 00000000 00:00 0 
62500000-62511000 r-xp 00000000 08:01 394123     /usr/lib/jvm/java-8-openjdk-i386/jre/lib/i386/libnio.so
62511000-62512000 r--p 00010000 08:01 394123     /usr/lib/jvm/java-8-openjdk-i386/jre/lib/i386/libnio.so
62512000-62513000 rw-p 00011000 08:01 394123     /usr/lib/jvm/java-8-openjdk-i386/jre/lib/i386/libnio.so
62513000-62516000 ---p 00000000 00:00 0 
62516000-62564000 rw-p 00000000 00:00 0 
62564000-62565000 ---p 00000000 00:00 0 
62565000-625e5000 rw-p 00000000 00:00 0 
625e5000-627b4000 r--s 03c32000 08:01 394135     /usr/lib/jvm/java-8-openjdk-i386/jre/lib/rt.jar
627b4000-62bfa000 rw-p 00000000 00:00 0 
62bfa000-62c00000 ---p 00000000 00:00 0 
62c00000-65000000 rw-p 00000000 00:00 0 
65000000-65100000 rw-p 00000000 00:00 0 
65100000-65102000 r--s 00005000 08:01 929834     /home/etudiant/.p2/pool/plugins/org.eclipse.e4.ui.services_1.2.0.v20150422-0725.jar
65102000-65103000 r--s 00003000 08:01 928748     /home/etudiant/eclipse/cpp-mars/eclipse/dropins/com.trolltech.qtcpp_1.6.1.jar
65103000-65105000 r--s 0000e000 08:01 930723     /home/etudiant/.p2/pool/plugins/org.gna.eclox.core_0.8.0.jar
65105000-65107000 r--s 00016000 08:01 930111     /home/etudiant/.p2/pool/plugins/org.eclipse.linuxtools.callgraph.launch_2.0.0.201602162146.jar
65107000-6510b000 r--s 0001d000 08:01 930427     /home/etudiant/.p2/pool/plugins/org.eclipse.tracecompass.tmf.remote.ui_1.0.0.201602091005.jar
6510b000-6510f000 r--s 00029000 08:01 930056     /home/etudiant/.p2/pool/plugins/org.eclipse.equinox.registry_3.6.0.v20150318-1503.jar
6510f000-6512e000 r--s 00000000 08:01 796909     /usr/share/mime/mime.cache
6512e000-65131000 ---p 00000000 00:00 0 
65131000-6517f000 rw-p 00000000 00:00 0 
6517f000-65180000 ---p 00000000 00:00 0 
65180000-65200000 rw-p 00000000 00:00 0 
65200000-652fc000 rw-p 00000000 00:00 0 
652fc000-65300000 ---p 00000000 00:00 0 
65300000-65302000 r--s 00004000 08:01 930373     /home/etudiant/.p2/pool/plugins/org.eclipse.rse.efs.ui_2.1.400.201403100950.jar
65302000-65303000 r--s 00004000 08:01 929530     /home/etudiant/.p2/pool/plugins/org.eclipse.cdt.core.linux.x86_5.3.0.201602051005.jar
65303000-65305000 r--s 00002000 08:01 929804     /home/etudiant/.p2/pool/plugins/org.eclipse.core.runtime.compatibility.registry_3.6.0.v20150318-1505/runtime_registry_compatibility.jar
65305000-65308000 r--s 00021000 08:01 929838     /home/etudiant/.p2/pool/plugins/org.eclipse.e4.ui.workbench.addons.swt_1.2.0.v20150512-1414.jar
65308000-6530a000 r--s 0000a000 08:01 930363     /home/etudiant/.p2/pool/plugins/org.eclipse.remote.jsch.ui_1.0.0.201601141453.jar
6530a000-6530c000 r--s 00007000 08:01 928749     /home/etudiant/eclipse/cpp-mars/eclipse/dropins/com.trolltech.qtcppdesigner_1.6.1.jar
6530d000-6530f000 r--s 0000d000 08:01 928750     /home/etudiant/eclipse/cpp-mars/eclipse/dropins/com.trolltech.qtcppdesigner.qtcpp_1.6.1.jar
6530f000-6532e000 r--s 00000000 08:01 796909     /usr/share/mime/mime.cache
6532e000-65331000 ---p 00000000 00:00 0 
65331000-6537f000 rw-p 00000000 00:00 0 
6537f000-65380000 ---p 00000000 00:00 0 
65380000-65400000 rw-p 00000000 00:00 0 
65400000-65500000 rw-p 00000000 00:00 0 
65500000-65502000 r--s 0000b000 08:01 929731     /home/etudiant/.p2/pool/plugins/org.eclipse.cdt.managedbuilder.gnu.ui_8.3.0.201602051005.jar
65502000-65504000 r--s 0000f000 08:01 930265     /home/etudiant/.p2/pool/plugins/org.eclipse.mylyn.resources.ui_3.18.0.v20151013-1847.jar
65504000-65507000 r--s 00019000 08:01 929975     /home/etudiant/.p2/pool/plugins/org.eclipse.equinox.common_3.7.0.v20150402-1709.jar
65507000-65511000 r-xp 00000000 08:01 525724     /usr/lib/i386-linux-gnu/gtk-2.0/2.10.0/engines/libpixmap.so
65511000-65512000 r--p 00009000 08:01 525724     /usr/lib/i386-linux-gnu/gtk-2.0/2.10.0/engines/libpixmap.so
65512000-65513000 rw-p 0000a000 08:01 525724     /usr/lib/i386-linux-gnu/gtk-2.0/2.10.0/engines/libpixmap.so
65513000-6552e000 r--s 001d6000 08:01 394142     /usr/lib/jvm/java-8-openjdk-i386/jre/lib/ext/nashorn.jar
6552e000-65531000 ---p 00000000 00:00 0 
65531000-6557f000 rw-p 00000000 00:00 0 
6557f000-65580000 ---p 00000000 00:00 0 
65580000-65600000 rw-p 00000000 00:00 0 
65600000-656ff000 rw-p 00000000 00:00 0 
656ff000-65700000 ---p 00000000 00:00 0 
65700000-65701000 r-xp 00000000 08:01 1088657    /home/etudiant/eclipse/cpp-mars/eclipse/configuration/org.eclipse.osgi/60/0/.cp/os/linux/x86/libpty.so
65701000-65702000 rw-p 00001000 08:01 1088657    /home/etudiant/eclipse/cpp-mars/eclipse/configuration/org.eclipse.osgi/60/0/.cp/os/linux/x86/libpty.so
65702000-65705000 r-xp 00000000 08:01 527774     /usr/lib/i386-linux-gnu/gdk-pixbuf-2.0/2.10.0/loaders/libpixbufloader-bmp.so
65705000-65706000 r--p 00002000 08:01 527774     /usr/lib/i386-linux-gnu/gdk-pixbuf-2.0/2.10.0/loaders/libpixbufloader-bmp.so
65706000-65707000 rw-p 00003000 08:01 527774     /usr/lib/i386-linux-gnu/gdk-pixbuf-2.0/2.10.0/loaders/libpixbufloader-bmp.so
65707000-65709000 r--s 00039000 08:01 930294     /home/etudiant/.p2/pool/plugins/org.eclipse.osgi.compatibility.state_1.0.100.v20150402-1551.jar
65709000-6570b000 r--s 00016000 08:01 394153     /usr/lib/jvm/java-8-openjdk-i386/jre/lib/jce.jar
6570b000-65710000 r--s 0009d000 08:01 394134     /usr/lib/jvm/java-8-openjdk-i386/jre/lib/jsse.jar
65710000-65712000 r--s 0000b000 08:01 929987     /home/etudiant/.p2/pool/plugins/org.eclipse.equinox.launcher_1.3.100.v20150511-1540.jar
65712000-65715000 r--s 00038000 08:01 394144     /usr/lib/jvm/java-8-openjdk-i386/jre/lib/ext/sunpkcs11.jar
65715000-65730000 r--s 00394000 08:01 394143     /usr/lib/jvm/java-8-openjdk-i386/jre/lib/ext/cldrdata.jar
65730000-6577e000 rw-p 00000000 00:00 0 
6577e000-6577f000 ---p 00000000 00:00 0 
6577f000-6587b000 rw-p 00000000 00:00 0 
6587b000-65954000 ---p 00000000 00:00 0 
65954000-659d4000 rw-p 00000000 00:00 0 
659d4000-659ff000 ---p 00000000 00:00 0 
659ff000-75040000 rw-p 00000000 00:00 0 
75040000-904c0000 ---p 00000000 00:00 0 
904c0000-a02c0000 rw-p 00000000 00:00 0 
a02c0000-a5a00000 ---p 00000000 00:00 0 
a5a00000-a5a0a000 r--s 00116000 08:01 394147     /usr/lib/jvm/java-8-openjdk-i386/jre/lib/ext/localedata.jar
a5a0a000-a5af9000 rw-p 00000000 00:00 0 
a5af9000-a5bd3000 ---p 00000000 00:00 0 
a5bd3000-a5cbc000 rw-p 00000000 00:00 0 
a5cbc000-a5f93000 ---p 00000000 00:00 0 
a5f93000-a999b000 rwxp 00000000 00:00 0 
a999b000-b4f93000 ---p 00000000 00:00 0 
b4f93000-b4f9e000 r-xp 00000000 08:01 265389     /lib/i386-linux-gnu/libnss_files-2.23.so
b4f9e000-b4f9f000 r--p 0000a000 08:01 265389     /lib/i386-linux-gnu/libnss_files-2.23.so
b4f9f000-b4fa0000 rw-p 0000b000 08:01 265389     /lib/i386-linux-gnu/libnss_files-2.23.so
b4fa0000-b4fa6000 rw-p 00000000 00:00 0 
b4fa6000-b4fb1000 r-xp 00000000 08:01 265392     /lib/i386-linux-gnu/libnss_nis-2.23.so
b4fb1000-b4fb2000 r--p 0000a000 08:01 265392     /lib/i386-linux-gnu/libnss_nis-2.23.so
b4fb2000-b4fb3000 rw-p 0000b000 08:01 265392     /lib/i386-linux-gnu/libnss_nis-2.23.so
b4fb3000-b4fca000 r-xp 00000000 08:01 265373     /lib/i386-linux-gnu/libnsl-2.23.so
b4fca000-b4fcb000 r--p 00016000 08:01 265373     /lib/i386-linux-gnu/libnsl-2.23.so
b4fcb000-b4fcc000 rw-p 00017000 08:01 265373     /lib/i386-linux-gnu/libnsl-2.23.so
b4fcc000-b4fce000 rw-p 00000000 00:00 0 
b4fce000-b4fd6000 r-xp 00000000 08:01 265384     /lib/i386-linux-gnu/libnss_compat-2.23.so
b4fd6000-b4fd7000 r--p 00007000 08:01 265384     /lib/i386-linux-gnu/libnss_compat-2.23.so
b4fd7000-b4fd8000 rw-p 00008000 08:01 265384     /lib/i386-linux-gnu/libnss_compat-2.23.so
b4fd8000-b4fda000 r--s 00001000 08:01 394145     /usr/lib/jvm/java-8-openjdk-i386/jre/lib/ext/dnsns.jar
b4fda000-b4fdc000 r--s 00008000 08:01 394149     /usr/lib/jvm/java-8-openjdk-i386/jre/lib/ext/sunec.jar
b4fdc000-b4fe2000 r--s 0003b000 08:01 394148     /usr/lib/jvm/java-8-openjdk-i386/jre/lib/ext/sunjce_provider.jar
b4fe2000-b4fe3000 r--s 00010000 08:01 394146     /usr/lib/jvm/java-8-openjdk-i386/jre/lib/ext/zipfs.jar
b4fe3000-b4fe6000 r--s 0000f000 08:01 394141     /usr/lib/jvm/java-8-openjdk-i386/jre/lib/ext/icedtea-sound.jar
b4fe6000-b4fee000 r-xp 00000000 08:01 394116     /usr/lib/jvm/java-8-openjdk-i386/jre/lib/i386/libzip.so
b4fee000-b4fef000 r--p 00007000 08:01 394116     /usr/lib/jvm/java-8-openjdk-i386/jre/lib/i386/libzip.so
b4fef000-b4ff0000 rw-p 00008000 08:01 394116     /usr/lib/jvm/java-8-openjdk-i386/jre/lib/i386/libzip.so
b4ff0000-b5018000 r-xp 00000000 08:01 394133     /usr/lib/jvm/java-8-openjdk-i386/jre/lib/i386/libjava.so
b5018000-b5019000 r--p 00027000 08:01 394133     /usr/lib/jvm/java-8-openjdk-i386/jre/lib/i386/libjava.so
b5019000-b501a000 rw-p 00028000 08:01 394133     /usr/lib/jvm/java-8-openjdk-i386/jre/lib/i386/libjava.so
b501a000-b5036000 r-xp 00000000 08:01 266434     /lib/i386-linux-gnu/libgcc_s.so.1
b5036000-b5037000 rw-p 0001b000 08:01 266434     /lib/i386-linux-gnu/libgcc_s.so.1
b5037000-b51a4000 r-xp 00000000 08:01 527491     /usr/lib/i386-linux-gnu/libstdc++.so.6.0.21
b51a4000-b51a5000 ---p 0016d000 08:01 527491     /usr/lib/i386-linux-gnu/libstdc++.so.6.0.21
b51a5000-b51aa000 r--p 0016d000 08:01 527491     /usr/lib/i386-linux-gnu/libstdc++.so.6.0.21
b51aa000-b51ab000 rw-p 00172000 08:01 527491     /usr/lib/i386-linux-gnu/libstdc++.so.6.0.21
b51ab000-b51ae000 rw-p 00000000 00:00 0 
b51ae000-b51b6000 rw-s 00000000 08:01 393230     /tmp/hsperfdata_etudiant/27976
b51b6000-b51c4000 r-xp 00000000 08:01 394121     /usr/lib/jvm/java-8-openjdk-i386/jre/lib/i386/libverify.so
b51c4000-b51c5000 r--p 0000d000 08:01 394121     /usr/lib/jvm/java-8-openjdk-i386/jre/lib/i386/libverify.so
b51c5000-b51c6000 rw-p 0000e000 08:01 394121     /usr/lib/jvm/java-8-openjdk-i386/jre/lib/i386/libverify.so
b51c6000-b5ca0000 r-xp 00000000 08:01 394098     /usr/lib/jvm/java-8-openjdk-i386/jre/lib/i386/server/libjvm.so
b5ca0000-b5ca1000 ---p 00ada000 08:01 394098     /usr/lib/jvm/java-8-openjdk-i386/jre/lib/i386/server/libjvm.so
b5ca1000-b5ce7000 r--p 00ada000 08:01 394098     /usr/lib/jvm/java-8-openjdk-i386/jre/lib/i386/server/libjvm.so
b5ce7000-b5cfe000 rw-p 00b20000 08:01 394098     /usr/lib/jvm/java-8-openjdk-i386/jre/lib/i386/server/libjvm.so
b5cfe000-b611d000 rw-p 00000000 00:00 0 
b611d000-b6148000 r--p 00000000 08:01 795042     /usr/share/locale-langpack/fr/LC_MESSAGES/gtk20-properties.mo
b6148000-b616e000 r--p 00000000 08:01 794920     /usr/share/locale-langpack/fr/LC_MESSAGES/libc.mo
b616e000-b6192000 r-xp 00000000 08:01 528248     /usr/lib/i386-linux-gnu/libatk-1.0.so.0.21809.1
b6192000-b6194000 r--p 00023000 08:01 528248     /usr/lib/i386-linux-gnu/libatk-1.0.so.0.21809.1
b6194000-b6195000 rw-p 00025000 08:01 528248     /usr/lib/i386-linux-gnu/libatk-1.0.so.0.21809.1
b6195000-b6682000 r-xp 00000000 08:01 527819     /usr/lib/i386-linux-gnu/libgtk-x11-2.0.so.0.2400.30
b6682000-b6683000 ---p 004ed000 08:01 527819     /usr/lib/i386-linux-gnu/libgtk-x11-2.0.so.0.2400.30
b6683000-b6687000 r--p 004ed000 08:01 527819     /usr/lib/i386-linux-gnu/libgtk-x11-2.0.so.0.2400.30
b6687000-b6689000 rw-p 004f1000 08:01 527819     /usr/lib/i386-linux-gnu/libgtk-x11-2.0.so.0.2400.30
b6689000-b668b000 rw-p 00000000 00:00 0 
b668b000-b66b0000 r-xp 00000000 08:01 527922     /usr/lib/i386-linux-gnu/libgraphite2.so.3.0.1
b66b0000-b66b1000 ---p 00025000 08:01 527922     /usr/lib/i386-linux-gnu/libgraphite2.so.3.0.1
b66b1000-b66b2000 r--p 00025000 08:01 527922     /usr/lib/i386-linux-gnu/libgraphite2.so.3.0.1
b66b2000-b66b3000 rw-p 00026000 08:01 527922     /usr/lib/i386-linux-gnu/libgraphite2.so.3.0.1
b66b3000-b66b8000 r-xp 00000000 08:01 528162     /usr/lib/i386-linux-gnu/libXdmcp.so.6.0.0
b66b8000-b66b9000 r--p 00004000 08:01 528162     /usr/lib/i386-linux-gnu/libXdmcp.so.6.0.0
b66b9000-b66ba000 rw-p 00005000 08:01 528162     /usr/lib/i386-linux-gnu/libXdmcp.so.6.0.0
b66ba000-b66bc000 r-xp 00000000 08:01 528151     /usr/lib/i386-linux-gnu/libXau.so.6.0.0
b66bc000-b66bd000 r--p 00001000 08:01 528151     /usr/lib/i386-linux-gnu/libXau.so.6.0.0
b66bd000-b66be000 rw-p 00002000 08:01 528151     /usr/lib/i386-linux-gnu/libXau.so.6.0.0
b66be000-b66c5000 r-xp 00000000 08:01 528398     /usr/lib/i386-linux-gnu/libdatrie.so.1.3.3
b66c5000-b66c6000 ---p 00007000 08:01 528398     /usr/lib/i386-linux-gnu/libdatrie.so.1.3.3
b66c6000-b66c7000 r--p 00007000 08:01 528398     /usr/lib/i386-linux-gnu/libdatrie.so.1.3.3
b66c7000-b66c8000 rw-p 00008000 08:01 528398     /usr/lib/i386-linux-gnu/libdatrie.so.1.3.3
b66c8000-b672a000 r-xp 00000000 08:01 528389     /usr/lib/i386-linux-gnu/libharfbuzz.so.0.10000.1
b672a000-b672b000 r--p 00061000 08:01 528389     /usr/lib/i386-linux-gnu/libharfbuzz.so.0.10000.1
b672b000-b672c000 rw-p 00062000 08:01 528389     /usr/lib/i386-linux-gnu/libharfbuzz.so.0.10000.1
b672c000-b6733000 r-xp 00000000 08:01 265393     /lib/i386-linux-gnu/librt-2.23.so
b6733000-b6734000 r--p 00006000 08:01 265393     /lib/i386-linux-gnu/librt-2.23.so
b6734000-b6735000 rw-p 00007000 08:01 265393     /lib/i386-linux-gnu/librt-2.23.so
b6735000-b6759000 r-xp 00000000 08:01 529364     /usr/lib/i386-linux-gnu/libxcb.so.1.1.0
b6759000-b675a000 r--p 00023000 08:01 529364     /usr/lib/i386-linux-gnu/libxcb.so.1.1.0
b675a000-b675b000 rw-p 00024000 08:01 529364     /usr/lib/i386-linux-gnu/libxcb.so.1.1.0
b675b000-b6764000 r-xp 00000000 08:01 529352     /usr/lib/i386-linux-gnu/libxcb-render.so.0.0.0
b6764000-b6765000 r--p 00008000 08:01 529352     /usr/lib/i386-linux-gnu/libxcb-render.so.0.0.0
b6765000-b6766000 rw-p 00009000 08:01 529352     /usr/lib/i386-linux-gnu/libxcb-render.so.0.0.0
b6766000-b6768000 r-xp 00000000 08:01 529356     /usr/lib/i386-linux-gnu/libxcb-shm.so.0.0.0
b6768000-b6769000 r--p 00001000 08:01 529356     /usr/lib/i386-linux-gnu/libxcb-shm.so.0.0.0
b6769000-b676a000 rw-p 00002000 08:01 529356     /usr/lib/i386-linux-gnu/libxcb-shm.so.0.0.0
b676a000-b6793000 r-xp 00000000 08:01 266312     /lib/i386-linux-gnu/libpng12.so.0.54.0
b6793000-b6794000 r--p 00028000 08:01 266312     /lib/i386-linux-gnu/libpng12.so.0.54.0
b6794000-b6795000 rw-p 00029000 08:01 266312     /lib/i386-linux-gnu/libpng12.so.0.54.0
b6795000-b683e000 r-xp 00000000 08:01 529030     /usr/lib/i386-linux-gnu/libpixman-1.so.0.33.6
b683e000-b6844000 r--p 000a8000 08:01 529030     /usr/lib/i386-linux-gnu/libpixman-1.so.0.33.6
b6844000-b6845000 rw-p 000ae000 08:01 529030     /usr/lib/i386-linux-gnu/libpixman-1.so.0.33.6
b6845000-b686b000 r-xp 00000000 08:01 265753     /lib/i386-linux-gnu/libexpat.so.1.6.0
b686b000-b686c000 ---p 00026000 08:01 265753     /lib/i386-linux-gnu/libexpat.so.1.6.0
b686c000-b686e000 r--p 00026000 08:01 265753     /lib/i386-linux-gnu/libexpat.so.1.6.0
b686e000-b686f000 rw-p 00028000 08:01 265753     /lib/i386-linux-gnu/libexpat.so.1.6.0
b686f000-b68e2000 r-xp 00000000 08:01 266523     /lib/i386-linux-gnu/libpcre.so.3.13.2
b68e2000-b68e3000 r--p 00072000 08:01 266523     /lib/i386-linux-gnu/libpcre.so.3.13.2
b68e3000-b68e4000 rw-p 00073000 08:01 266523     /lib/i386-linux-gnu/libpcre.so.3.13.2
b68e4000-b68eb000 r-xp 00000000 08:01 528503     /usr/lib/i386-linux-gnu/libffi.so.6.0.4
b68eb000-b68ec000 r--p 00006000 08:01 528503     /usr/lib/i386-linux-gnu/libffi.so.6.0.4
b68ec000-b68ed000 rw-p 00007000 08:01 528503     /usr/lib/i386-linux-gnu/libffi.so.6.0.4
b68ed000-b6901000 r-xp 00000000 08:01 265380     /lib/i386-linux-gnu/libresolv-2.23.so
b6901000-b6902000 ---p 00014000 08:01 265380     /lib/i386-linux-gnu/libresolv-2.23.so
b6902000-b6903000 r--p 00014000 08:01 265380     /lib/i386-linux-gnu/libresolv-2.23.so
b6903000-b6904000 rw-p 00015000 08:01 265380     /lib/i386-linux-gnu/libresolv-2.23.so
b6904000-b6906000 rw-p 00000000 00:00 0 
b6906000-b6928000 r-xp 00000000 08:01 266552     /lib/i386-linux-gnu/libselinux.so.1
b6928000-b6929000 ---p 00022000 08:01 266552     /lib/i386-linux-gnu/libselinux.so.1
b6929000-b692a000 r--p 00022000 08:01 266552     /lib/i386-linux-gnu/libselinux.so.1
b692a000-b692b000 rw-p 00023000 08:01 266552     /lib/i386-linux-gnu/libselinux.so.1
b692b000-b692c000 rw-p 00000000 00:00 0 
b692c000-b6945000 r-xp 00000000 08:01 265406     /lib/i386-linux-gnu/libz.so.1.2.8
b6945000-b6946000 r--p 00018000 08:01 265406     /lib/i386-linux-gnu/libz.so.1.2.8
b6946000-b6947000 rw-p 00019000 08:01 265406     /lib/i386-linux-gnu/libz.so.1.2.8
b6947000-b694a000 r-xp 00000000 08:01 527566     /usr/lib/i386-linux-gnu/libgmodule-2.0.so.0.4800.2
b694a000-b694b000 r--p 00002000 08:01 527566     /usr/lib/i386-linux-gnu/libgmodule-2.0.so.0.4800.2
b694b000-b694c000 rw-p 00003000 08:01 527566     /usr/lib/i386-linux-gnu/libgmodule-2.0.so.0.4800.2
b694c000-b6955000 r-xp 00000000 08:01 529218     /usr/lib/i386-linux-gnu/libthai.so.0.2.4
b6955000-b6956000 r--p 00008000 08:01 529218     /usr/lib/i386-linux-gnu/libthai.so.0.2.4
b6956000-b6957000 rw-p 00009000 08:01 529218     /usr/lib/i386-linux-gnu/libthai.so.0.2.4
b6957000-b6a02000 r-xp 00000000 08:01 526067     /usr/lib/i386-linux-gnu/libfreetype.so.6.12.1
b6a02000-b6a06000 r--p 000aa000 08:01 526067     /usr/lib/i386-linux-gnu/libfreetype.so.6.12.1
b6a06000-b6a07000 rw-p 000ae000 08:01 526067     /usr/lib/i386-linux-gnu/libfreetype.so.6.12.1
b6a07000-b6a1d000 r-xp 00000000 08:01 529010     /usr/lib/i386-linux-gnu/libpangoft2-1.0.so.0.3800.1
b6a1d000-b6a1e000 r--p 00015000 08:01 529010     /usr/lib/i386-linux-gnu/libpangoft2-1.0.so.0.3800.1
b6a1e000-b6a1f000 rw-p 00016000 08:01 529010     /usr/lib/i386-linux-gnu/libpangoft2-1.0.so.0.3800.1
b6a1f000-b6a72000 r-xp 00000000 08:01 265372     /lib/i386-linux-gnu/libm-2.23.so
b6a72000-b6a73000 r--p 00052000 08:01 265372     /lib/i386-linux-gnu/libm-2.23.so
b6a73000-b6a74000 rw-p 00053000 08:01 265372     /lib/i386-linux-gnu/libm-2.23.so
b6a74000-b6a87000 r-xp 00000000 08:01 528164     /usr/lib/i386-linux-gnu/libXext.so.6.4.0
b6a87000-b6a88000 r--p 00012000 08:01 528164     /usr/lib/i386-linux-gnu/libXext.so.6.4.0
b6a88000-b6a89000 rw-p 00013000 08:01 528164     /usr/lib/i386-linux-gnu/libXext.so.6.4.0
b6a89000-b6bcf000 r-xp 00000000 08:01 528147     /usr/lib/i386-linux-gnu/libX11.so.6.3.0
b6bcf000-b6bd0000 ---p 00146000 08:01 528147     /usr/lib/i386-linux-gnu/libX11.so.6.3.0
b6bd0000-b6bd1000 r--p 00146000 08:01 528147     /usr/lib/i386-linux-gnu/libX11.so.6.3.0
b6bd1000-b6bd3000 rw-p 00147000 08:01 528147     /usr/lib/i386-linux-gnu/libX11.so.6.3.0
b6bd3000-b6bd4000 rw-p 00000000 00:00 0 
b6bd4000-b6d11000 r-xp 00000000 08:01 528318     /usr/lib/i386-linux-gnu/libcairo.so.2.11400.6
b6d11000-b6d13000 r--p 0013c000 08:01 528318     /usr/lib/i386-linux-gnu/libcairo.so.2.11400.6
b6d13000-b6d14000 rw-p 0013e000 08:01 528318     /usr/lib/i386-linux-gnu/libcairo.so.2.11400.6
b6d14000-b6d15000 rw-p 00000000 00:00 0 
b6d15000-b6d1a000 r-xp 00000000 08:01 528166     /usr/lib/i386-linux-gnu/libXfixes.so.3.1.0
b6d1a000-b6d1b000 r--p 00004000 08:01 528166     /usr/lib/i386-linux-gnu/libXfixes.so.3.1.0
b6d1b000-b6d1c000 rw-p 00005000 08:01 528166     /usr/lib/i386-linux-gnu/libXfixes.so.3.1.0
b6d1c000-b6d1e000 r-xp 00000000 08:01 528160     /usr/lib/i386-linux-gnu/libXdamage.so.1.1.0
b6d1e000-b6d1f000 r--p 00001000 08:01 528160     /usr/lib/i386-linux-gnu/libXdamage.so.1.1.0
b6d1f000-b6d20000 rw-p 00002000 08:01 528160     /usr/lib/i386-linux-gnu/libXdamage.so.1.1.0
b6d20000-b6d2a000 r-xp 00000000 08:01 527792     /usr/lib/i386-linux-gnu/libXcursor.so.1.0.2
b6d2a000-b6d2b000 r--p 00009000 08:01 527792     /usr/lib/i386-linux-gnu/libXcursor.so.1.0.2
b6d2b000-b6d2c000 rw-p 0000a000 08:01 527792     /usr/lib/i386-linux-gnu/libXcursor.so.1.0.2
b6d2c000-b6d37000 r-xp 00000000 08:01 528182     /usr/lib/i386-linux-gnu/libXrandr.so.2.2.0
b6d37000-b6d38000 r--p 0000a000 08:01 528182     /usr/lib/i386-linux-gnu/libXrandr.so.2.2.0
b6d38000-b6d39000 rw-p 0000b000 08:01 528182     /usr/lib/i386-linux-gnu/libXrandr.so.2.2.0
b6d39000-b6d4a000 r-xp 00000000 08:01 528172     /usr/lib/i386-linux-gnu/libXi.so.6.1.0
b6d4a000-b6d4b000 r--p 00010000 08:01 528172     /usr/lib/i386-linux-gnu/libXi.so.6.1.0
b6d4b000-b6d4c000 rw-p 00011000 08:01 528172     /usr/lib/i386-linux-gnu/libXi.so.6.1.0
b6d4c000-b6d56000 r-xp 00000000 08:01 528184     /usr/lib/i386-linux-gnu/libXrender.so.1.3.0
b6d56000-b6d57000 r--p 00009000 08:01 528184     /usr/lib/i386-linux-gnu/libXrender.so.1.3.0
b6d57000-b6d58000 rw-p 0000a000 08:01 528184     /usr/lib/i386-linux-gnu/libXrender.so.1.3.0
b6d58000-b6d9a000 r-xp 00000000 08:01 525020     /usr/lib/i386-linux-gnu/libfontconfig.so.1.9.0
b6d9a000-b6d9b000 ---p 00042000 08:01 525020     /usr/lib/i386-linux-gnu/libfontconfig.so.1.9.0
b6d9b000-b6d9c000 r--p 00042000 08:01 525020     /usr/lib/i386-linux-gnu/libfontconfig.so.1.9.0
b6d9c000-b6da1000 rw-p 00043000 08:01 525020     /usr/lib/i386-linux-gnu/libfontconfig.so.1.9.0
b6da1000-b6ec8000 r-xp 00000000 08:01 265770     /lib/i386-linux-gnu/libglib-2.0.so.0.4800.2
b6ec8000-b6ec9000 r--p 00126000 08:01 265770     /lib/i386-linux-gnu/libglib-2.0.so.0.4800.2
b6ec9000-b6eca000 rw-p 00127000 08:01 265770     /lib/i386-linux-gnu/libglib-2.0.so.0.4800.2
b6eca000-b6f26000 r-xp 00000000 08:01 527571     /usr/lib/i386-linux-gnu/libgobject-2.0.so.0.4800.2
b6f26000-b6f27000 ---p 0005c000 08:01 527571     /usr/lib/i386-linux-gnu/libgobject-2.0.so.0.4800.2
b6f27000-b6f28000 r--p 0005c000 08:01 527571     /usr/lib/i386-linux-gnu/libgobject-2.0.so.0.4800.2
b6f28000-b6f29000 rw-p 0005d000 08:01 527571     /usr/lib/i386-linux-gnu/libgobject-2.0.so.0.4800.2
b6f29000-b70ed000 r-xp 00000000 08:01 527565     /usr/lib/i386-linux-gnu/libgio-2.0.so.0.4800.2
b70ed000-b70ee000 ---p 001c4000 08:01 527565     /usr/lib/i386-linux-gnu/libgio-2.0.so.0.4800.2
b70ee000-b70f0000 r--p 001c4000 08:01 527565     /usr/lib/i386-linux-gnu/libgio-2.0.so.0.4800.2
b70f0000-b70f1000 rw-p 001c6000 08:01 527565     /usr/lib/i386-linux-gnu/libgio-2.0.so.0.4800.2
b70f1000-b70f2000 rw-p 00000000 00:00 0 
b70f2000-b7119000 r-xp 00000000 08:01 527788     /usr/lib/i386-linux-gnu/libgdk_pixbuf-2.0.so.0.3200.2
b7119000-b711a000 r--p 00026000 08:01 527788     /usr/lib/i386-linux-gnu/libgdk_pixbuf-2.0.so.0.3200.2
b711a000-b711b000 rw-p 00027000 08:01 527788     /usr/lib/i386-linux-gnu/libgdk_pixbuf-2.0.so.0.3200.2
b711b000-b7169000 r-xp 00000000 08:01 529006     /usr/lib/i386-linux-gnu/libpango-1.0.so.0.3800.1
b7169000-b716a000 ---p 0004e000 08:01 529006     /usr/lib/i386-linux-gnu/libpango-1.0.so.0.3800.1
b716a000-b716b000 r--p 0004e000 08:01 529006     /usr/lib/i386-linux-gnu/libpango-1.0.so.0.3800.1
b716b000-b716c000 rw-p 0004f000 08:01 529006     /usr/lib/i386-linux-gnu/libpango-1.0.so.0.3800.1
b716c000-b7178000 r-xp 00000000 08:01 529008     /usr/lib/i386-linux-gnu/libpangocairo-1.0.so.0.3800.1
b7178000-b7179000 r--p 0000b000 08:01 529008     /usr/lib/i386-linux-gnu/libpangocairo-1.0.so.0.3800.1
b7179000-b717a000 rw-p 0000c000 08:01 529008     /usr/lib/i386-linux-gnu/libpangocairo-1.0.so.0.3800.1
b717a000-b7237000 r-xp 00000000 08:01 527818     /usr/lib/i386-linux-gnu/libgdk-x11-2.0.so.0.2400.30
b7237000-b7239000 r--p 000bc000 08:01 527818     /usr/lib/i386-linux-gnu/libgdk-x11-2.0.so.0.2400.30
b7239000-b723a000 rw-p 000be000 08:01 527818     /usr/lib/i386-linux-gnu/libgdk-x11-2.0.so.0.2400.30
b723a000-b723b000 r--s 0000a000 08:01 394150     /usr/lib/jvm/java-8-openjdk-i386/jre/lib/ext/jaccess.jar
b723b000-b723c000 rw-p 00000000 00:00 0 
b723c000-b7243000 r--s 00000000 08:01 525840     /usr/lib/i386-linux-gnu/gconv/gconv-modules.cache
b7243000-b7252000 r--p 00000000 08:01 794995     /usr/share/locale-langpack/fr/LC_MESSAGES/gtk20.mo
b7252000-b7383000 r--p 00199000 08:01 525720     /usr/lib/locale/locale-archive
b7383000-b7583000 r--p 00000000 08:01 525720     /usr/lib/locale/locale-archive
b7583000-b7585000 rw-p 00000000 00:00 0 
b7585000-b7735000 r-xp 00000000 08:01 265376     /lib/i386-linux-gnu/libc-2.23.so
b7735000-b7737000 r--p 001af000 08:01 265376     /lib/i386-linux-gnu/libc-2.23.so
b7737000-b7738000 rw-p 001b1000 08:01 265376     /lib/i386-linux-gnu/libc-2.23.so
b7738000-b773b000 rw-p 00000000 00:00 0 
b773b000-b773e000 r-xp 00000000 08:01 265378     /lib/i386-linux-gnu/libdl-2.23.so
b773e000-b773f000 r--p 00002000 08:01 265378     /lib/i386-linux-gnu/libdl-2.23.so
b773f000-b7740000 rw-p 00003000 08:01 265378     /lib/i386-linux-gnu/libdl-2.23.so
b7740000-b7759000 r-xp 00000000 08:01 265375     /lib/i386-linux-gnu/libpthread-2.23.so
b7759000-b775a000 r--p 00018000 08:01 265375     /lib/i386-linux-gnu/libpthread-2.23.so
b775a000-b775b000 rw-p 00019000 08:01 265375     /lib/i386-linux-gnu/libpthread-2.23.so
b775b000-b775d000 rw-p 00000000 00:00 0 
b775d000-b775e000 r--p 00000000 00:00 0 
b775e000-b7760000 r-xp 00000000 08:01 528156     /usr/lib/i386-linux-gnu/libXcomposite.so.1.0.0
b7760000-b7761000 r--p 00001000 08:01 528156     /usr/lib/i386-linux-gnu/libXcomposite.so.1.0.0
b7761000-b7762000 rw-p 00002000 08:01 528156     /usr/lib/i386-linux-gnu/libXcomposite.so.1.0.0
b7762000-b7764000 r-xp 00000000 08:01 528174     /usr/lib/i386-linux-gnu/libXinerama.so.1.0.0
b7764000-b7765000 r--p 00001000 08:01 528174     /usr/lib/i386-linux-gnu/libXinerama.so.1.0.0
b7765000-b7766000 rw-p 00002000 08:01 528174     /usr/lib/i386-linux-gnu/libXinerama.so.1.0.0
b7766000-b7773000 r-xp 00000000 08:01 929383     /home/etudiant/.p2/pool/plugins/org.eclipse.equinox.launcher.gtk.linux.x86_1.1.300.v20150602-1417/eclipse_1612.so
b7773000-b7774000 rw-p 0000d000 08:01 929383     /home/etudiant/.p2/pool/plugins/org.eclipse.equinox.launcher.gtk.linux.x86_1.1.300.v20150602-1417/eclipse_1612.so
b7774000-b7775000 r--p 002d9000 08:01 525720     /usr/lib/locale/locale-archive
b7775000-b7776000 rw-p 00000000 00:00 0 
b7776000-b7779000 r--p 00000000 00:00 0          [vvar]
b7779000-b777a000 r-xp 00000000 00:00 0          [vdso]
b777a000-b779d000 r-xp 00000000 08:01 265374     /lib/i386-linux-gnu/ld-2.23.so
b779d000-b779e000 r--p 00022000 08:01 265374     /lib/i386-linux-gnu/ld-2.23.so
b779e000-b779f000 rw-p 00023000 08:01 265374     /lib/i386-linux-gnu/ld-2.23.so
bf888000-bf88b000 ---p 00000000 00:00 0 
bf88b000-bf8d8000 rw-p 00000000 00:00 0          [stack]

VM Arguments:
jvm_args: -Dosgi.requiredJavaVersion=1.7 -XX:MaxPermSize=256m -Xms256m -Xmx1024m -Declipse.p2.max.threads=10 -Doomph.update.url=http://download.eclipse.org/oomph/updates/milestone/latest -Doomph.redirection.index.redirection=index:/->http://git.eclipse.org/c/oomph/org.eclipse.oomph.git/plain/setups/ 
java_command: <unknown>
java_class_path (initial): /home/etudiant/eclipse/cpp-mars/eclipse//../../../.p2/pool/plugins/org.eclipse.equinox.launcher_1.3.100.v20150511-1540.jar
Launcher Type: generic

Environment Variables:
PATH=/usr/local/sbin:/usr/local/bin:/usr/sbin:/usr/bin:/sbin:/bin:/usr/games:/usr/local/games:/snap/bin:/home/etudiant/eclipse/cpp-mars/eclipse
LD_LIBRARY_PATH=/usr/lib/jvm/java-8-openjdk-i386/jre/lib/i386/server:/usr/lib/jvm/java-8-openjdk-i386/jre/lib/i386:
SHELL=/bin/bash
DISPLAY=:0.0

Signal Handlers:
SIGSEGV: [libjvm.so+0x8de5f0], sa_mask[0]=11111111011111111101111111111110, sa_flags=SA_RESTART|SA_SIGINFO
SIGBUS: [libjvm.so+0x8de5f0], sa_mask[0]=11111111011111111101111111111110, sa_flags=SA_RESTART|SA_SIGINFO
SIGFPE: [libjvm.so+0x742e30], sa_mask[0]=11111111011111111101111111111110, sa_flags=SA_RESTART|SA_SIGINFO
SIGPIPE: SIG_IGN, sa_mask[0]=00000000000010000000000000000000, sa_flags=SA_RESTART
SIGXFSZ: [libjvm.so+0x742e30], sa_mask[0]=11111111011111111101111111111110, sa_flags=SA_RESTART|SA_SIGINFO
SIGILL: [libjvm.so+0x742e30], sa_mask[0]=11111111011111111101111111111110, sa_flags=SA_RESTART|SA_SIGINFO
SIGUSR1: SIG_DFL, sa_mask[0]=00000000000000000000000000000000, sa_flags=none
SIGUSR2: [libjvm.so+0x742c70], sa_mask[0]=00000000000000000000000000000000, sa_flags=SA_RESTART|SA_SIGINFO
SIGHUP: [libjvm.so+0x743400], sa_mask[0]=11111111011111111101111111111110, sa_flags=SA_RESTART|SA_SIGINFO
SIGINT: [libjvm.so+0x743400], sa_mask[0]=11111111011111111101111111111110, sa_flags=SA_RESTART|SA_SIGINFO
SIGTERM: [libjvm.so+0x743400], sa_mask[0]=11111111011111111101111111111110, sa_flags=SA_RESTART|SA_SIGINFO
SIGQUIT: [libjvm.so+0x743400], sa_mask[0]=11111111011111111101111111111110, sa_flags=SA_RESTART|SA_SIGINFO


---------------  S Y S T E M  ---------------

OS:DISTRIB_ID=Ubuntu
DISTRIB_RELEASE=16.04
DISTRIB_CODENAME=xenial
DISTRIB_DESCRIPTION="Ubuntu 16.04.5 LTS"

uname:Linux 4.4.0-134-generic #160-Ubuntu SMP Wed Aug 15 14:57:38 UTC 2018 i686
libc:glibc 2.23 NPTL 2.23 
rlimit: STACK 8192k, CORE 0k, NPROC 15797, NOFILE 1048576, AS infinity
load average:3,20 1,62 1,15

/proc/meminfo:
MemTotal:        2061920 kB
MemFree:           92248 kB
MemAvailable:          0 kB
Buffers:            1456 kB
Cached:            64548 kB
SwapCached:            0 kB
Active:          1831200 kB
Inactive:          52168 kB
Active(anon):    1819248 kB
Inactive(anon):    41296 kB
Active(file):      11952 kB
Inactive(file):    10872 kB
Unevictable:           0 kB
Mlocked:               0 kB
HighTotal:       1183624 kB
HighFree:            540 kB
LowTotal:         878296 kB
LowFree:           91708 kB
SwapTotal:             0 kB
SwapFree:              0 kB
Dirty:               348 kB
Writeback:             0 kB
AnonPages:       1818340 kB
Mapped:            55800 kB
Shmem:             42276 kB
Slab:              35192 kB
SReclaimable:      15268 kB
SUnreclaim:        19924 kB
KernelStack:        4640 kB
PageTables:        12340 kB
NFS_Unstable:          0 kB
Bounce:                0 kB
WritebackTmp:          0 kB
CommitLimit:     1030960 kB
Committed_AS:    5210572 kB
VmallocTotal:     122880 kB
VmallocUsed:           0 kB
VmallocChunk:          0 kB
AnonHugePages:         0 kB
CmaTotal:              0 kB
CmaFree:               0 kB
HugePages_Total:       0
HugePages_Free:        0
HugePages_Rsvd:        0
HugePages_Surp:        0
Hugepagesize:       2048 kB
DirectMap4k:       43000 kB
DirectMap2M:      870400 kB


CPU:total 4 (initial active 4) (2 cores per cpu, 1 threads per core) family 6 model 60 stepping 3, cmov, cx8, fxsr, mmx, sse, sse2, sse3, ssse3, sse4.1, sse4.2, popcnt, avx, avx2, aes, clmul, erms, lzcnt, tsc, tscinvbit, bmi1, bmi2

/proc/cpuinfo:
processor	: 0
vendor_id	: GenuineIntel
cpu family	: 6
model		: 60
model name	: Intel(R) Core(TM) i7-4600M CPU @ 2.90GHz
stepping	: 3
microcode	: 0x1a
cpu MHz		: 2893.315
cache size	: 4096 KB
physical id	: 0
siblings	: 2
core id		: 0
cpu cores	: 2
apicid		: 0
initial apicid	: 0
fdiv_bug	: no
f00f_bug	: no
coma_bug	: no
fpu		: yes
fpu_exception	: yes
cpuid level	: 13
wp		: yes
flags		: fpu vme de pse tsc msr pae mce cx8 apic sep mtrr pge mca cmov pat pse36 clflush mmx fxsr sse sse2 ss ht nx pdpe1gb rdtscp lm constant_tsc arch_perfmon xtopology tsc_reliable nonstop_tsc pni pclmulqdq ssse3 fma cx16 sse4_1 sse4_2 x2apic movbe popcnt tsc_deadline_timer aes xsave avx f16c rdrand hypervisor lahf_lm abm fsgsbase tsc_adjust bmi1 avx2 smep bmi2 invpcid xsaveopt arat
bugs		: cpu_meltdown spectre_v1 spectre_v2 spec_store_bypass l1tf
bogomips	: 5786.63
clflush size	: 64
cache_alignment	: 64
address sizes	: 42 bits physical, 48 bits virtual
power management:

processor	: 1
vendor_id	: GenuineIntel
cpu family	: 6
model		: 60
model name	: Intel(R) Core(TM) i7-4600M CPU @ 2.90GHz
stepping	: 3
microcode	: 0x1a
cpu MHz		: 2893.315
cache size	: 4096 KB
physical id	: 0
siblings	: 2
core id		: 1
cpu cores	: 2
apicid		: 1
initial apicid	: 1
fdiv_bug	: no
f00f_bug	: no
coma_bug	: no
fpu		: yes
fpu_exception	: yes
cpuid level	: 13
wp		: yes
flags		: fpu vme de pse tsc msr pae mce cx8 apic sep mtrr pge mca cmov pat pse36 clflush mmx fxsr sse sse2 ss ht nx pdpe1gb rdtscp lm constant_tsc arch_perfmon xtopology tsc_reliable nonstop_tsc pni pclmulqdq ssse3 fma cx16 sse4_1 sse4_2 x2apic movbe popcnt tsc_deadline_timer aes xsave avx f16c rdrand hypervisor lahf_lm abm fsgsbase tsc_adjust bmi1 avx2 smep bmi2 invpcid xsaveopt arat
bugs		: cpu_meltdown spectre_v1 spectre_v2 spec_store_bypass l1tf
bogomips	: 5786.63
clflush size	: 64
cache_alignment	: 64
address sizes	: 42 bits physical, 48 bits virtual
power management:

processor	: 2
vendor_id	: GenuineIntel
cpu family	: 6
model		: 60
model name	: Intel(R) Core(TM) i7-4600M CPU @ 2.90GHz
stepping	: 3
microcode	: 0x1a
cpu MHz		: 2893.315
cache size	: 4096 KB
physical id	: 1
siblings	: 2
core id		: 0
cpu cores	: 2
apicid		: 2
initial apicid	: 2
fdiv_bug	: no
f00f_bug	: no
coma_bug	: no
fpu		: yes
fpu_exception	: yes
cpuid level	: 13
wp		: yes
flags		: fpu vme de pse tsc msr pae mce cx8 apic sep mtrr pge mca cmov pat pse36 clflush mmx fxsr sse sse2 ss ht nx pdpe1gb rdtscp lm constant_tsc arch_perfmon xtopology tsc_reliable nonstop_tsc pni pclmulqdq ssse3 fma cx16 sse4_1 sse4_2 x2apic movbe popcnt tsc_deadline_timer aes xsave avx f16c rdrand hypervisor lahf_lm abm fsgsbase tsc_adjust bmi1 avx2 smep bmi2 invpcid xsaveopt arat
bugs		: cpu_meltdown spectre_v1 spectre_v2 spec_store_bypass l1tf
bogomips	: 5786.63
clflush size	: 64
cache_alignment	: 64
address sizes	: 42 bits physical, 48 bits virtual
power management:

processor	: 3
vendor_id	: GenuineIntel
cpu family	: 6
model		: 60
model name	: Intel(R) Core(TM) i7-4600M CPU @ 2.90GHz
stepping	: 3
microcode	: 0x1a
cpu MHz		: 2893.315
cache size	: 4096 KB
physical id	: 1
siblings	: 2
core id		: 1
cpu cores	: 2
apicid		: 3
initial apicid	: 3
fdiv_bug	: no
f00f_bug	: no
coma_bug	: no
fpu		: yes
fpu_exception	: yes
cpuid level	: 13
wp		: yes
flags		: fpu vme de pse tsc msr pae mce cx8 apic sep mtrr pge mca cmov pat pse36 clflush mmx fxsr sse sse2 ss ht nx pdpe1gb rdtscp lm constant_tsc arch_perfmon xtopology tsc_reliable nonstop_tsc pni pclmulqdq ssse3 fma cx16 sse4_1 sse4_2 x2apic movbe popcnt tsc_deadline_timer aes xsave avx f16c rdrand hypervisor lahf_lm abm fsgsbase tsc_adjust bmi1 avx2 smep bmi2 invpcid xsaveopt arat
bugs		: cpu_meltdown spectre_v1 spectre_v2 spec_store_bypass l1tf
bogomips	: 5786.63
clflush size	: 64
cache_alignment	: 64
address sizes	: 42 bits physical, 48 bits virtual
power management:



Memory: 4k page, physical 2061920k(92248k free), swap 0k(0k free)

vm_info: OpenJDK Server VM (25.181-b13) for linux-x86 JRE (1.8.0_181-8u181-b13-0ubuntu0.16.04.1-b13), built on Jul 30 2018 21:00:10 by "buildd" with gcc 5.4.0 20160609

time: Sat Apr 20 14:10:51 2019
elapsed time: 2600 seconds (0d 0h 43m 20s)

