#
# A fatal error has been detected by the Java Runtime Environment:
#
#  SIGSEGV (0xb) at pc=0xb76008f0, pid=11790, tid=0x5a7ffb40
#
# JRE version: OpenJDK Runtime Environment (8.0_181-b13) (build 1.8.0_181-8u181-b13-0ubuntu0.16.04.1-b13)
# Java VM: OpenJDK Server VM (25.181-b13 mixed mode linux-x86 )
# Problematic frame:
# C  [libc.so.6+0x2e8f0]
#
# Failed to write core dump. Core dumps have been disabled. To enable core dumping, try "ulimit -c unlimited" before starting Java again
#
# If you would like to submit a bug report, please visit:
#   http://bugreport.java.com/bugreport/crash.jsp
# The crash happened outside the Java Virtual Machine in native code.
# See problematic frame for where to report the bug.
#

---------------  T H R E A D  ---------------

Current thread (0x0a8f0800):  JavaThread "AWT-XAWT" daemon [_thread_in_native, id=13867, stack(0x5a7af000,0x5a800000)]

siginfo: si_signo: 11 (SIGSEGV), si_code: 2 (SEGV_ACCERR), si_addr: 0x949f9a98

Registers:
EAX=0x08be1758, EBX=0xb7784000, ECX=0x949f9a98, EDX=0x8be17580
ESP=0x5a7fedd0, EBP=0x08be2520, ESI=0x00000001, EDI=0xb77843dc
EIP=0xb76008f0, EFLAGS=0x00010202, CR2=0x949f9a98

Top of Stack: (sp=0x5a7fedd0)
0x5a7fedd0:   b77eb000 b6adde48 b678d48b 00000001
0x5a7fede0:   b77d57eb b75d67f8 b76008b9 b6c1e000
0x5a7fedf0:   0a848a28 00000000 5a7fee98 b76009ef
0x5a7fee00:   00000001 b77843dc 00000001 b76009d0
0x5a7fee10:   00000000 084c60c8 b76009d5 b6b0f2fa
0x5a7fee20:   00000001 00000000 00000000 eb290600
0x5a7fee30:   b6b0f297 b6c1e000 0a848a28 b6b0cb56
0x5a7fee40:   0a848a28 00000000 5a7fee98 b6b0cb32 

Instructions: (pc=0xb76008f0)
0xb76008d0:   24 0c e8 e9 05 00 00 8b 2f 85 ed 74 42 8d 76 00
0xb76008e0:   8b 45 04 89 c2 c1 e2 04 85 c0 8d 4c 15 f8 74 22
0xb76008f0:   8b 11 83 e8 01 89 45 04 83 fa 03 0f 84 9f 00 00
0xb7600900:   00 83 fa 04 74 72 83 fa 02 74 45 83 e9 10 85 c0 

Register to memory mapping:

EAX=0x08be1758 is an unknown value
EBX=0xb7784000: <offset 0x1b2000> in /lib/i386-linux-gnu/libc.so.6 at 0xb75d2000
ECX=0x949f9a98 is an unallocated location in the heap
EDX=0x8be17580 is an unallocated location in the heap
ESP=0x5a7fedd0 is pointing into the stack for thread: 0x0a8f0800
EBP=0x08be2520 is an unknown value
ESI=0x00000001 is an unknown value
EDI=0xb77843dc: <offset 0x1b23dc> in /lib/i386-linux-gnu/libc.so.6 at 0xb75d2000


Stack: [0x5a7af000,0x5a800000],  sp=0x5a7fedd0,  free space=319k
Native frames: (J=compiled Java code, j=interpreted, Vv=VM code, C=native code)
C  [libc.so.6+0x2e8f0]

Java frames: (J=compiled Java code, j=interpreted, Vv=VM code)
J 24879  sun.awt.X11.XlibWrapper.XEventsQueued(JI)I (0 bytes) @ 0xa6fe30ec [0xa6fe30a0+0x4c]
j  sun.awt.X11.XToolkit.run(Z)V+63
j  sun.awt.X11.XToolkit.run()V+5
j  java.lang.Thread.run()V+11
v  ~StubRoutines::call_stub

---------------  P R O C E S S  ---------------

Java Threads: ( => current thread )
  0x61c46800 JavaThread "SIGTERM handler" daemon [_thread_blocked, id=14422, stack(0x5ae45000,0x5ae96000)]
  0x61c46000 JavaThread "SIGHUP handler" daemon [_thread_in_vm, id=14421, stack(0x5655c000,0x565ad000)]
  0x64a8dc00 JavaThread "Worker-75" [_thread_blocked, id=14308, stack(0x59d7a000,0x59dcb000)]
  0x61398000 JavaThread "Worker-74" [_thread_blocked, id=14255, stack(0x5ba21000,0x5ba72000)]
  0x6109f000 JavaThread "Worker-73" [_thread_blocked, id=14201, stack(0x5a736000,0x5a787000)]
  0x64e07800 JavaThread "Worker-71" [_thread_blocked, id=14187, stack(0x5a42f000,0x5a480000)]
  0x5e287c00 JavaThread "Worker-70" [_thread_blocked, id=14179, stack(0x5adf4000,0x5ae45000)]
  0x5437e400 JavaThread "Worker-63" [_thread_blocked, id=14127, stack(0x5ae96000,0x5aee7000)]
=>0x0a8f0800 JavaThread "AWT-XAWT" daemon [_thread_in_native, id=13867, stack(0x5a7af000,0x5a800000)]
  0x0a8e7800 JavaThread "Java2D Disposer" daemon [_thread_blocked, id=13866, stack(0x5aee7000,0x5af38000)]
  0x0a772400 JavaThread "org.eclipse.cdt.internal.ui.text.CReconciler" daemon [_thread_blocked, id=12727, stack(0x59f8f000,0x59fe0000)]
  0x0a767400 JavaThread "org.eclipse.cdt.internal.ui.text.CReconciler" daemon [_thread_blocked, id=12206, stack(0x607af000,0x60800000)]
  0x0a594400 JavaThread "org.eclipse.cdt.internal.ui.text.CReconciler" daemon [_thread_blocked, id=12103, stack(0x57ca4000,0x57cf5000)]
  0x08d26000 JavaThread "org.eclipse.cdt.internal.ui.text.CReconciler" daemon [_thread_blocked, id=12098, stack(0x5ad43000,0x5ad94000)]
  0x08c4f800 JavaThread "org.eclipse.cdt.internal.ui.text.CReconciler" daemon [_thread_blocked, id=11881, stack(0x565ad000,0x565fe000)]
  0x64e5c000 JavaThread "[ThreadPool Manager] - Idle Thread" daemon [_thread_blocked, id=11857, stack(0x57c02000,0x57c53000)]
  0x5ffd3800 JavaThread "Provisioning Event Dispatcher" daemon [_thread_blocked, id=11855, stack(0x57c53000,0x57ca4000)]
  0x0a165c00 JavaThread "Thread-6" [_thread_blocked, id=11843, stack(0x5abd1000,0x5ac22000)]
  0x08d4fc00 JavaThread "org.eclipse.cdt.internal.ui.text.CReconciler" daemon [_thread_blocked, id=11816, stack(0x5dbe2000,0x5dc33000)]
  0x0954b800 JavaThread "EventAdmin Async Event Dispatcher Thread" daemon [_thread_blocked, id=11813, stack(0x61592000,0x615e3000)]
  0x61cde000 JavaThread "Bundle File Closer" daemon [_thread_blocked, id=11811, stack(0x6053c000,0x6058d000)]
  0x64bb4c00 JavaThread "EMF Reference Cleaner" daemon [_thread_blocked, id=11806, stack(0x61dea000,0x61e3b000)]
  0x64d8dc00 JavaThread "Worker-JM" [_thread_blocked, id=11805, stack(0x62052000,0x620a3000)]
  0x64b4c800 JavaThread "[Timer] - Main Queue Handler" daemon [_thread_blocked, id=11804, stack(0x620b7000,0x62108000)]
  0x087c7800 JavaThread "Start Level: Equinox Container: 2000f2b3-a166-0019-11c7-f1396a60550d" daemon [_thread_blocked, id=11802, stack(0x6225d000,0x622ae000)]
  0x087c4c00 JavaThread "Framework Event Dispatcher: Equinox Container: 2000f2b3-a166-0019-11c7-f1396a60550d" daemon [_thread_blocked, id=11801, stack(0x622ae000,0x622ff000)]
  0x08788800 JavaThread "Active Thread: Equinox Container: 2000f2b3-a166-0019-11c7-f1396a60550d" [_thread_blocked, id=11800, stack(0x64503000,0x64554000)]
  0x0858f000 JavaThread "Service Thread" daemon [_thread_blocked, id=11798, stack(0x64f0d000,0x64f5e000)]
  0x0858cc00 JavaThread "C1 CompilerThread2" daemon [_thread_blocked, id=11797, stack(0x6477f000,0x64800000)]
  0x0858b400 JavaThread "C2 CompilerThread1" daemon [_thread_blocked, id=11796, stack(0x6497f000,0x64a00000)]
  0x08589c00 JavaThread "C2 CompilerThread0" daemon [_thread_blocked, id=11795, stack(0x64c7f000,0x64d00000)]
  0x08588400 JavaThread "Signal Dispatcher" daemon [_thread_blocked, id=11794, stack(0x64f5e000,0x64faf000)]
  0x0856dc00 JavaThread "Finalizer" daemon [_thread_blocked, id=11793, stack(0x64faf000,0x65000000)]
  0x0856b000 JavaThread "Reference Handler" daemon [_thread_blocked, id=11792, stack(0x65113000,0x65164000)]
  0x08510800 JavaThread "main" [_thread_in_native, id=11790, stack(0xbff54000,0xbffa4000)]

Other Threads:
  0x08566800 VMThread [stack: 0x65164000,0x651e5000] [id=11791]
  0x08590c00 WatcherThread [stack: 0x6457f000,0x64600000] [id=11799]

VM state:not at safepoint (normal execution)

VM Mutex/Monitor currently owned by a thread:  ([mutex/lock_event])
[0x0850ddc0] Threads_lock - owner thread: 0x61c46000

Heap:
 def new generation   total 78784K, used 2314K [0x65c00000, 0x6b170000, 0x7b150000)
  eden space 70080K,   3% used [0x65c00000, 0x65e42ab0, 0x6a070000)
  from space 8704K,   0% used [0x6a8f0000, 0x6a8f0000, 0x6b170000)
  to   space 8704K,   0% used [0x6a070000, 0x6a070000, 0x6a8f0000)
 tenured generation   total 174784K, used 65309K [0x7b150000, 0x85c00000, 0xa5c00000)
   the space 174784K,  37% used [0x7b150000, 0x7f117498, 0x7f117600, 0x85c00000)
 Metaspace       used 69738K, capacity 73251K, committed 73472K, reserved 74032K

Card table byte_map: [0x659ff000,0x65c00000] byte_map_base: 0x656d1000

Polling page: 0xb77aa000

CodeCache: size=245760Kb used=67983Kb max_used=68007Kb free=177776Kb
 bounds [0xa5fe0000, 0xaa2a8000, 0xb4fe0000]
 total_blobs=19511 nmethods=19197 adapters=225
 compilation: enabled

Compilation events (10 events):
Event: 6666,149 Thread 0x08589c00 25844       4       org.eclipse.cdt.internal.ui.viewsupport.CustomBuildSettingsDecorator::isCustomizedResource (168 bytes)
Event: 6666,158 Thread 0x0858b400 25845       4       org.eclipse.core.internal.resources.Resource::isConflicting (139 bytes)
Event: 6666,169 Thread 0x0858b400 nmethod 25845 0xa63e8ec8 code [0xa63e9040, 0xa63e9c50]
Event: 6666,169 Thread 0x0858b400 25846       4       org.eclipse.cdt.internal.core.settings.model.CConfigurationDescriptionCache::getResourceDescription (10 bytes)
Event: 6666,171 Thread 0x0858b400 nmethod 25846 0xa8650408 code [0xa8650540, 0xa8650790]
Event: 6666,266 Thread 0x0858b400 25847       4       org.eclipse.core.internal.expressions.InstanceofExpression::evaluate (19 bytes)
Event: 6666,268 Thread 0x0858b400 nmethod 25847 0xa670bf48 code [0xa670c060, 0xa670c0fc]
Event: 6666,336 Thread 0x08589c00 nmethod 25844 0xaa298308 code [0xaa298940, 0xaa29c9c4]
Event: 6667,038 Thread 0x0858b400 25848       4       org.eclipse.core.runtime.Path::removeLastSegments (91 bytes)
Event: 6667,051 Thread 0x0858b400 nmethod 25848 0xa90084c8 code [0xa9008620, 0xa9008d44]

GC Heap History (10 events):
Event: 6566,417 GC heap before
{Heap before GC invocations=180 (full 104):
 def new generation   total 78784K, used 71220K [0x65c00000, 0x6b170000, 0x7b150000)
  eden space 70080K,  99% used [0x65c00000, 0x6a052830, 0x6a070000)
  from space 8704K,  14% used [0x6a8f0000, 0x6aa2abc0, 0x6b170000)
  to   space 8704K,   0% used [0x6a070000, 0x6a070000, 0x6a8f0000)
 tenured generation   total 174784K, used 59333K [0x7b150000, 0x85c00000, 0xa5c00000)
   the space 174784K,  33% used [0x7b150000, 0x7eb415e8, 0x7eb41600, 0x85c00000)
 Metaspace       used 69697K, capacity 73219K, committed 73344K, reserved 74032K
Event: 6566,607 GC heap after
Heap after GC invocations=181 (full 105):
 def new generation   total 78784K, used 0K [0x65c00000, 0x6b170000, 0x7b150000)
  eden space 70080K,   0% used [0x65c00000, 0x65c00000, 0x6a070000)
  from space 8704K,   0% used [0x6a8f0000, 0x6a8f0000, 0x6b170000)
  to   space 8704K,   0% used [0x6a070000, 0x6a070000, 0x6a8f0000)
 tenured generation   total 174784K, used 60959K [0x7b150000, 0x85c00000, 0xa5c00000)
   the space 174784K,  34% used [0x7b150000, 0x7ecd7da0, 0x7ecd7e00, 0x85c00000)
 Metaspace       used 69697K, capacity 73219K, committed 73344K, reserved 74032K
}
Event: 6626,418 GC heap before
{Heap before GC invocations=181 (full 105):
 def new generation   total 78784K, used 29619K [0x65c00000, 0x6b170000, 0x7b150000)
  eden space 70080K,  42% used [0x65c00000, 0x678eccf0, 0x6a070000)
  from space 8704K,   0% used [0x6a8f0000, 0x6a8f0000, 0x6b170000)
  to   space 8704K,   0% used [0x6a070000, 0x6a070000, 0x6a8f0000)
 tenured generation   total 174784K, used 60959K [0x7b150000, 0x85c00000, 0xa5c00000)
   the space 174784K,  34% used [0x7b150000, 0x7ecd7da0, 0x7ecd7e00, 0x85c00000)
 Metaspace       used 69700K, capacity 73219K, committed 73344K, reserved 74032K
Event: 6626,700 GC heap after
Heap after GC invocations=182 (full 106):
 def new generation   total 78784K, used 0K [0x65c00000, 0x6b170000, 0x7b150000)
  eden space 70080K,   0% used [0x65c00000, 0x65c00000, 0x6a070000)
  from space 8704K,   0% used [0x6a8f0000, 0x6a8f0000, 0x6b170000)
  to   space 8704K,   0% used [0x6a070000, 0x6a070000, 0x6a8f0000)
 tenured generation   total 174784K, used 62863K [0x7b150000, 0x85c00000, 0xa5c00000)
   the space 174784K,  35% used [0x7b150000, 0x7eeb3f08, 0x7eeb4000, 0x85c00000)
 Metaspace       used 69700K, capacity 73219K, committed 73344K, reserved 74032K
}
Event: 6660,915 GC heap before
{Heap before GC invocations=182 (full 106):
 def new generation   total 78784K, used 70080K [0x65c00000, 0x6b170000, 0x7b150000)
  eden space 70080K, 100% used [0x65c00000, 0x6a070000, 0x6a070000)
  from space 8704K,   0% used [0x6a8f0000, 0x6a8f0000, 0x6b170000)
  to   space 8704K,   0% used [0x6a070000, 0x6a070000, 0x6a8f0000)
 tenured generation   total 174784K, used 62863K [0x7b150000, 0x85c00000, 0xa5c00000)
   the space 174784K,  35% used [0x7b150000, 0x7eeb3f08, 0x7eeb4000, 0x85c00000)
 Metaspace       used 69715K, capacity 73251K, committed 73472K, reserved 74032K
Event: 6660,923 GC heap after
Heap after GC invocations=183 (full 106):
 def new generation   total 78784K, used 1375K [0x65c00000, 0x6b170000, 0x7b150000)
  eden space 70080K,   0% used [0x65c00000, 0x65c00000, 0x6a070000)
  from space 8704K,  15% used [0x6a070000, 0x6a1c7ef0, 0x6a8f0000)
  to   space 8704K,   0% used [0x6a8f0000, 0x6a8f0000, 0x6b170000)
 tenured generation   total 174784K, used 62863K [0x7b150000, 0x85c00000, 0xa5c00000)
   the space 174784K,  35% used [0x7b150000, 0x7eeb3f08, 0x7eeb4000, 0x85c00000)
 Metaspace       used 69715K, capacity 73251K, committed 73472K, reserved 74032K
}
Event: 6663,889 GC heap before
{Heap before GC invocations=183 (full 106):
 def new generation   total 78784K, used 71455K [0x65c00000, 0x6b170000, 0x7b150000)
  eden space 70080K, 100% used [0x65c00000, 0x6a070000, 0x6a070000)
  from space 8704K,  15% used [0x6a070000, 0x6a1c7ef0, 0x6a8f0000)
  to   space 8704K,   0% used [0x6a8f0000, 0x6a8f0000, 0x6b170000)
 tenured generation   total 174784K, used 62863K [0x7b150000, 0x85c00000, 0xa5c00000)
   the space 174784K,  35% used [0x7b150000, 0x7eeb3f08, 0x7eeb4000, 0x85c00000)
 Metaspace       used 69726K, capacity 73251K, committed 73472K, reserved 74032K
Event: 6663,904 GC heap after
Heap after GC invocations=184 (full 106):
 def new generation   total 78784K, used 2987K [0x65c00000, 0x6b170000, 0x7b150000)
  eden space 70080K,   0% used [0x65c00000, 0x65c00000, 0x6a070000)
  from space 8704K,  34% used [0x6a8f0000, 0x6abdae08, 0x6b170000)
  to   space 8704K,   0% used [0x6a070000, 0x6a070000, 0x6a8f0000)
 tenured generation   total 174784K, used 62863K [0x7b150000, 0x85c00000, 0xa5c00000)
   the space 174784K,  35% used [0x7b150000, 0x7eeb3f08, 0x7eeb4000, 0x85c00000)
 Metaspace       used 69726K, capacity 73251K, committed 73472K, reserved 74032K
}
Event: 6686,422 GC heap before
{Heap before GC invocations=184 (full 106):
 def new generation   total 78784K, used 53501K [0x65c00000, 0x6b170000, 0x7b150000)
  eden space 70080K,  72% used [0x65c00000, 0x68d54778, 0x6a070000)
  from space 8704K,  34% used [0x6a8f0000, 0x6abdae08, 0x6b170000)
  to   space 8704K,   0% used [0x6a070000, 0x6a070000, 0x6a8f0000)
 tenured generation   total 174784K, used 62863K [0x7b150000, 0x85c00000, 0xa5c00000)
   the space 174784K,  35% used [0x7b150000, 0x7eeb3f08, 0x7eeb4000, 0x85c00000)
 Metaspace       used 69732K, capacity 73251K, committed 73472K, reserved 74032K
Event: 6686,647 GC heap after
Heap after GC invocations=185 (full 107):
 def new generation   total 78784K, used 0K [0x65c00000, 0x6b170000, 0x7b150000)
  eden space 70080K,   0% used [0x65c00000, 0x65c00000, 0x6a070000)
  from space 8704K,   0% used [0x6a8f0000, 0x6a8f0000, 0x6b170000)
  to   space 8704K,   0% used [0x6a070000, 0x6a070000, 0x6a8f0000)
 tenured generation   total 174784K, used 65309K [0x7b150000, 0x85c00000, 0xa5c00000)
   the space 174784K,  37% used [0x7b150000, 0x7f117498, 0x7f117600, 0x85c00000)
 Metaspace       used 69732K, capacity 73251K, committed 73472K, reserved 74032K
}

Deoptimization events (10 events):
Event: 6417,377 Thread 0x0a8f0800 Uncommon trap: reason=bimorphic action=maybe_recompile pc=0xa7d30380 method=java.util.Collections$SynchronizedCollection.size()I @ 11
Event: 6417,377 Thread 0x0a8f0800 Uncommon trap: reason=bimorphic action=maybe_recompile pc=0xa7d30380 method=java.util.Collections$SynchronizedCollection.size()I @ 11
Event: 6417,377 Thread 0x0a8f0800 Uncommon trap: reason=bimorphic action=maybe_recompile pc=0xa7d30380 method=java.util.Collections$SynchronizedCollection.size()I @ 11
Event: 6480,144 Thread 0x0a772400 Uncommon trap: reason=unstable_if action=reinterpret pc=0xa9a05bec method=org.eclipse.cdt.internal.core.dom.parser.cpp.CPPASTFieldReference.createEvaluation()Lorg/eclipse/cdt/internal/core/dom/parser/cpp/ICPPEvaluation; @ 72
Event: 6483,825 Thread 0x0a772400 Uncommon trap: reason=unstable_if action=reinterpret pc=0xa6568038 method=org.eclipse.cdt.internal.core.dom.parser.cpp.CPPASTFieldReference.createEvaluation()Lorg/eclipse/cdt/internal/core/dom/parser/cpp/ICPPEvaluation; @ 72
Event: 6540,629 Thread 0x08510800 Uncommon trap: reason=unstable_if action=reinterpret pc=0xa9bb8fec method=org.eclipse.cdt.internal.core.dom.parser.cpp.semantics.CPPSemantics.createLookupData(Lorg/eclipse/cdt/core/dom/ast/IASTName;)Lorg/eclipse/cdt/internal/core/dom/parser/cpp/semantics/
Event: 6543,231 Thread 0x0a772400 Uncommon trap: reason=unstable_if action=reinterpret pc=0xa8629218 method=org.eclipse.cdt.codan.internal.checkers.AbstractClassInstantiationChecker$OnEachClass.visit(Lorg/eclipse/cdt/core/dom/ast/IASTExpression;)I @ 4
Event: 6545,262 Thread 0x0a772400 Uncommon trap: reason=bimorphic action=maybe_recompile pc=0xa974e540 method=org.eclipse.cdt.codan.internal.checkers.ProblemBindingChecker$1.visit(Lorg/eclipse/cdt/core/dom/ast/IASTName;)I @ 15
Event: 6573,866 Thread 0x08510800 Uncommon trap: reason=unstable_if action=reinterpret pc=0xa95f7e98 method=org.eclipse.cdt.internal.ui.editor.CEditor$ExclusivePositionUpdater.update(Lorg/eclipse/jface/text/DocumentEvent;)V @ 14
Event: 6665,699 Thread 0x5437e400 Uncommon trap: reason=class_check action=maybe_recompile pc=0xa8189138 method=org.eclipse.cdt.internal.core.parser.scanner.LocationCtxContainer.getSequenceNumberForOffset(IZ)I @ 44

Classes redefined (0 events):
No events

Internal exceptions (10 events):
Event: 6665,237 Thread 0x61c46800 Exception <a 'java/lang/UnsatisfiedLinkError': org.eclipse.cdt.utils.spawner.SpawnerInputStream.available0(I)I> (0x65ee8b78) thrown at [/build/openjdk-8-3XyyOX/openjdk-8-8u181-b13/src/hotspot/src/share/vm/prims/nativeLookup.cpp, line 378]
Event: 6665,400 Thread 0x61c46800 Exception <a 'java/lang/UnsatisfiedLinkError': org.eclipse.cdt.utils.spawner.SpawnerInputStream.available0(I)I> (0x65ef35a0) thrown at [/build/openjdk-8-3XyyOX/openjdk-8-8u181-b13/src/hotspot/src/share/vm/prims/nativeLookup.cpp, line 378]
Event: 6665,471 Thread 0x61c46800 Exception <a 'java/lang/UnsatisfiedLinkError': org.eclipse.cdt.utils.spawner.SpawnerInputStream.available0(I)I> (0x65f52498) thrown at [/build/openjdk-8-3XyyOX/openjdk-8-8u181-b13/src/hotspot/src/share/vm/prims/nativeLookup.cpp, line 378]
Event: 6665,639 Thread 0x64b24400 Exception <a 'java/lang/UnsatisfiedLinkError': org.eclipse.cdt.utils.spawner.SpawnerInputStream.available0(I)I> (0x660a3380) thrown at [/build/openjdk-8-3XyyOX/openjdk-8-8u181-b13/src/hotspot/src/share/vm/prims/nativeLookup.cpp, line 378]
Event: 6665,640 Thread 0x64b24400 Exception <a 'java/lang/UnsatisfiedLinkError': org.eclipse.cdt.utils.spawner.SpawnerInputStream.available0(I)I> (0x660a45b0) thrown at [/build/openjdk-8-3XyyOX/openjdk-8-8u181-b13/src/hotspot/src/share/vm/prims/nativeLookup.cpp, line 378]
Event: 6665,642 Thread 0x64b24400 Exception <a 'java/lang/UnsatisfiedLinkError': org.eclipse.cdt.utils.spawner.SpawnerInputStream.available0(I)I> (0x660b2140) thrown at [/build/openjdk-8-3XyyOX/openjdk-8-8u181-b13/src/hotspot/src/share/vm/prims/nativeLookup.cpp, line 378]
Event: 6665,642 Thread 0x64b24400 Exception <a 'java/lang/UnsatisfiedLinkError': org.eclipse.cdt.utils.spawner.SpawnerInputStream.available0(I)I> (0x660b43e0) thrown at [/build/openjdk-8-3XyyOX/openjdk-8-8u181-b13/src/hotspot/src/share/vm/prims/nativeLookup.cpp, line 378]
Event: 6665,642 Thread 0x61c46800 Exception <a 'java/lang/UnsatisfiedLinkError': org.eclipse.cdt.utils.spawner.SpawnerInputStream.available0(I)I> (0x660835d0) thrown at [/build/openjdk-8-3XyyOX/openjdk-8-8u181-b13/src/hotspot/src/share/vm/prims/nativeLookup.cpp, line 378]
Event: 6665,644 Thread 0x61c46800 Exception <a 'java/lang/UnsatisfiedLinkError': org.eclipse.cdt.utils.spawner.SpawnerInputStream.available0(I)I> (0x6616aa10) thrown at [/build/openjdk-8-3XyyOX/openjdk-8-8u181-b13/src/hotspot/src/share/vm/prims/nativeLookup.cpp, line 378]
Event: 6665,644 Thread 0x64b24400 Exception <a 'java/lang/UnsatisfiedLinkError': org.eclipse.cdt.utils.spawner.SpawnerInputStream.available0(I)I> (0x660e72d0) thrown at [/build/openjdk-8-3XyyOX/openjdk-8-8u181-b13/src/hotspot/src/share/vm/prims/nativeLookup.cpp, line 378]

Events (10 events):
Event: 6665,724 Thread 0x5437e400 DEOPT PACKING pc=0xa8db0bf8 sp=0x5aee5aa0
Event: 6665,724 Thread 0x5437e400 DEOPT UNPACKING pc=0xa601c61a sp=0x5aee59f8 mode 0
Event: 6665,726 Executing VM operation: RevokeBias
Event: 6665,726 Executing VM operation: RevokeBias done
Event: 6686,422 Executing VM operation: GenCollectFull
Event: 6686,647 Executing VM operation: GenCollectFull done
Event: 6686,647 Thread 0x5631e000 Thread added: 0x5631e000
Event: 6686,648 Thread 0x5631e000 Thread exited: 0x5631e000
Event: 6723,845 loading class sun/misc/Signal$1
Event: 6723,903 loading class sun/misc/Signal$1 done


Dynamic libraries:
08048000-0804c000 r-xp 00000000 08:01 928626     /home/etudiant/eclipse/cpp-mars/eclipse/eclipse
0804c000-0804d000 rw-p 00004000 08:01 928626     /home/etudiant/eclipse/cpp-mars/eclipse/eclipse
084c0000-0ab31000 rw-p 00000000 00:00 0          [heap]
53900000-539ef000 rw-p 00000000 00:00 0 
539ef000-53a00000 ---p 00000000 00:00 0 
53f9c000-5401c000 rw-s 00000000 00:05 8650758    /SYSV00000000 (deleted)
5401c000-540b0000 r--p 00000000 08:01 1050181    /usr/share/fonts/truetype/abyssinica/AbyssinicaSIL-R.ttf
540b0000-54130000 rw-p 00000000 00:00 0 
54130000-541b0000 ---p 00000000 00:00 0 
541b0000-541fd000 r-xp 00000000 08:01 394109     /usr/lib/jvm/java-8-openjdk-i386/jre/lib/i386/libfontmanager.so
541fd000-541fe000 ---p 0004d000 08:01 394109     /usr/lib/jvm/java-8-openjdk-i386/jre/lib/i386/libfontmanager.so
541fe000-541ff000 r--p 0004d000 08:01 394109     /usr/lib/jvm/java-8-openjdk-i386/jre/lib/i386/libfontmanager.so
541ff000-54200000 rw-p 0004e000 08:01 394109     /usr/lib/jvm/java-8-openjdk-i386/jre/lib/i386/libfontmanager.so
54200000-54300000 rw-p 00000000 00:00 0 
54300000-543a8000 rw-p 00000000 00:00 0 
543a8000-54400000 ---p 00000000 00:00 0 
54447000-544d3000 r-xp 00000000 08:01 394129     /usr/lib/jvm/java-8-openjdk-i386/jre/lib/i386/libawt.so
544d3000-544d4000 ---p 0008c000 08:01 394129     /usr/lib/jvm/java-8-openjdk-i386/jre/lib/i386/libawt.so
544d4000-544d5000 r--p 0008c000 08:01 394129     /usr/lib/jvm/java-8-openjdk-i386/jre/lib/i386/libawt.so
544d5000-544dc000 rw-p 0008d000 08:01 394129     /usr/lib/jvm/java-8-openjdk-i386/jre/lib/i386/libawt.so
544dc000-54500000 rw-p 00000000 00:00 0 
54500000-54600000 rw-p 00000000 00:00 0 
54600000-54700000 rw-p 00000000 00:00 0 
54700000-54800000 rw-p 00000000 00:00 0 
54800000-548fc000 rw-p 00000000 00:00 0 
548fc000-54900000 ---p 00000000 00:00 0 
54900000-549ff000 rw-p 00000000 00:00 0 
549ff000-54a00000 ---p 00000000 00:00 0 
54a00000-54c00000 rw-p 00000000 00:00 0 
54c00000-54df9000 rw-p 00000000 00:00 0 
54df9000-54e00000 ---p 00000000 00:00 0 
54e00000-54f00000 rw-p 00000000 00:00 0 
54f00000-54ffc000 rw-p 00000000 00:00 0 
54ffc000-55000000 ---p 00000000 00:00 0 
55000000-55100000 rw-p 00000000 00:00 0 
55100000-55200000 rw-p 00000000 00:00 0 
55200000-55300000 rw-p 00000000 00:00 0 
55300000-55400000 rw-p 00000000 00:00 0 
55400000-55500000 rw-p 00000000 00:00 0 
55500000-55600000 rw-p 00000000 00:00 0 
55600000-55700000 rw-p 00000000 00:00 0 
55700000-55800000 rw-p 00000000 00:00 0 
55800000-55900000 rw-p 00000000 00:00 0 
55900000-55a00000 rw-p 00000000 00:00 0 
55a00000-55b00000 rw-p 00000000 00:00 0 
55b4b000-55b4e000 ---p 00000000 00:00 0 
55b4e000-55c9c000 rw-p 00000000 00:00 0 
55c9c000-55d9c000 rw-p 00000000 00:00 0 
55d9c000-55dce000 r--p 00000000 08:01 1074524    /usr/share/icons/elementary-xfce/icon-theme.cache
55dce000-55e00000 r--p 00000000 08:01 1074524    /usr/share/icons/elementary-xfce/icon-theme.cache
55e00000-55efa000 rw-p 00000000 00:00 0 
55efa000-55f00000 ---p 00000000 00:00 0 
55f00000-56000000 rw-p 00000000 00:00 0 
56000000-56100000 rw-p 00000000 00:00 0 
56100000-562fd000 rw-p 00000000 00:00 0 
562fd000-56300000 ---p 00000000 00:00 0 
56300000-563fb000 rw-p 00000000 00:00 0 
563fb000-56400000 ---p 00000000 00:00 0 
56402000-56425000 r--s 00187000 08:01 929664     /home/etudiant/.p2/pool/plugins/org.eclipse.cdt.dsf.gdb_4.8.0.201602051005.jar
56425000-5645c000 r--s 0028c000 08:01 929807     /home/etudiant/.p2/pool/plugins/org.eclipse.debug.ui_3.11.101.v20160203-1230.jar
5645c000-5655c000 rw-p 00000000 00:00 0 
5655c000-5655f000 ---p 00000000 00:00 0 
5655f000-565ad000 rw-p 00000000 00:00 0 
565ad000-565b0000 ---p 00000000 00:00 0 
565b0000-566fe000 rw-p 00000000 00:00 0 
566fe000-566ff000 ---p 00000000 00:00 0 
566ff000-56eff000 rw-p 00000000 00:00 0 
56eff000-56f00000 ---p 00000000 00:00 0 
56f00000-57800000 rw-p 00000000 00:00 0 
57800000-57900000 rw-p 00000000 00:00 0 
57900000-57a00000 rw-p 00000000 00:00 0 
57a00000-57b00000 rw-p 00000000 00:00 0 
57b00000-57ba5000 rw-p 00000000 00:00 0 
57ba5000-57c00000 ---p 00000000 00:00 0 
57c02000-57c05000 ---p 00000000 00:00 0 
57c05000-57c53000 rw-p 00000000 00:00 0 
57c53000-57c56000 ---p 00000000 00:00 0 
57c56000-57ca4000 rw-p 00000000 00:00 0 
57ca4000-57ca7000 ---p 00000000 00:00 0 
57ca7000-57df5000 rw-p 00000000 00:00 0 
57df5000-57ef5000 rw-p 00000000 00:00 0 
57ef5000-57ef6000 ---p 00000000 00:00 0 
57ef6000-586f6000 rw-p 00000000 00:00 0 
586f6000-5980f000 r-xp 00000000 08:01 928872     /home/etudiant/eclipse/cpp-mars/eclipse/dropins/com.trolltech.qtcppdesignerplugins.linux.x86/dependentlibs/libQtWebKitCppIntegration.so.4.6.1
5980f000-598a5000 rw-p 01119000 08:01 928872     /home/etudiant/eclipse/cpp-mars/eclipse/dropins/com.trolltech.qtcppdesignerplugins.linux.x86/dependentlibs/libQtWebKitCppIntegration.so.4.6.1
598a5000-598b8000 rw-p 00000000 00:00 0 
598b8000-599fb000 r-xp 00000000 08:01 928860     /home/etudiant/eclipse/cpp-mars/eclipse/dropins/com.trolltech.qtcppdesignerplugins.linux.x86/dependentlibs/libQtNetworkCppIntegration.so.4.6.1
599fb000-599ff000 rw-p 00142000 08:01 928860     /home/etudiant/eclipse/cpp-mars/eclipse/dropins/com.trolltech.qtcppdesignerplugins.linux.x86/dependentlibs/libQtNetworkCppIntegration.so.4.6.1
599ff000-59d1a000 r-xp 00000000 08:01 928868     /home/etudiant/eclipse/cpp-mars/eclipse/dropins/com.trolltech.qtcppdesignerplugins.linux.x86/dependentlibs/libQt3SupportCppIntegration.so.4.6.1
59d1a000-59d2a000 rw-p 0031a000 08:01 928868     /home/etudiant/eclipse/cpp-mars/eclipse/dropins/com.trolltech.qtcppdesignerplugins.linux.x86/dependentlibs/libQt3SupportCppIntegration.so.4.6.1
59d3f000-59d76000 r-xp 00000000 08:01 525311     /usr/lib/i386-linux-gnu/gvfs/libgvfscommon.so
59d76000-59d77000 ---p 00037000 08:01 525311     /usr/lib/i386-linux-gnu/gvfs/libgvfscommon.so
59d77000-59d79000 r--p 00037000 08:01 525311     /usr/lib/i386-linux-gnu/gvfs/libgvfscommon.so
59d79000-59d7a000 rw-p 00039000 08:01 525311     /usr/lib/i386-linux-gnu/gvfs/libgvfscommon.so
59d7a000-59d7d000 ---p 00000000 00:00 0 
59d7d000-59dcb000 rw-p 00000000 00:00 0 
59dcb000-59dce000 ---p 00000000 00:00 0 
59dce000-59f1c000 rw-p 00000000 00:00 0 
59f3e000-59f41000 ---p 00000000 00:00 0 
59f41000-59f8f000 rw-p 00000000 00:00 0 
59f8f000-59f92000 ---p 00000000 00:00 0 
59f92000-5a0e0000 rw-p 00000000 00:00 0 
5a100000-5a200000 rw-p 00000000 00:00 0 
5a200000-5a2fd000 rw-p 00000000 00:00 0 
5a2fd000-5a300000 ---p 00000000 00:00 0 
5a313000-5a32f000 r--p 00000000 08:01 138800     /usr/share/icons/gnome/icon-theme.cache
5a32f000-5a42f000 rw-p 00000000 00:00 0 
5a42f000-5a432000 ---p 00000000 00:00 0 
5a432000-5a480000 rw-p 00000000 00:00 0 
5a4ab000-5a4fc000 r-xp 00000000 08:01 394117     /usr/lib/jvm/java-8-openjdk-i386/jre/lib/i386/libawt_xawt.so
5a4fc000-5a4fd000 r--p 00050000 08:01 394117     /usr/lib/jvm/java-8-openjdk-i386/jre/lib/i386/libawt_xawt.so
5a4fd000-5a4ff000 rw-p 00051000 08:01 394117     /usr/lib/jvm/java-8-openjdk-i386/jre/lib/i386/libawt_xawt.so
5a4ff000-5a600000 rw-p 00000000 00:00 0 
5a600000-5a6e2000 rw-p 00000000 00:00 0 
5a6e2000-5a700000 ---p 00000000 00:00 0 
5a703000-5a736000 r--s 00294000 08:01 929923     /home/etudiant/.p2/pool/plugins/org.eclipse.egit.ui_4.1.1.201511131810-r.jar
5a736000-5a739000 ---p 00000000 00:00 0 
5a739000-5a787000 rw-p 00000000 00:00 0 
5a793000-5a7af000 r--p 00000000 08:01 138800     /usr/share/icons/gnome/icon-theme.cache
5a7af000-5a7b2000 ---p 00000000 00:00 0 
5a7b2000-5a800000 rw-p 00000000 00:00 0 
5a800000-5a8f8000 rw-p 00000000 00:00 0 
5a8f8000-5a900000 ---p 00000000 00:00 0 
5a901000-5a90d000 r--s 00081000 08:01 929637     /home/etudiant/.p2/pool/plugins/org.eclipse.cdt.debug.mi.core_7.3.0.201602051005.jar
5a90d000-5a951000 r-xp 00000000 08:01 928864     /home/etudiant/eclipse/cpp-mars/eclipse/dropins/com.trolltech.qtcppdesignerplugins.linux.x86/dependentlibs/libQtSqlCppIntegration.so.4.6.1
5a951000-5a952000 rw-p 00044000 08:01 928864     /home/etudiant/eclipse/cpp-mars/eclipse/dropins/com.trolltech.qtcppdesignerplugins.linux.x86/dependentlibs/libQtSqlCppIntegration.so.4.6.1
5a952000-5a99f000 r-xp 00000000 08:01 928855     /home/etudiant/eclipse/cpp-mars/eclipse/dropins/com.trolltech.qtcppdesignerplugins.linux.x86/libqt3supportwidgets.so
5a99f000-5a9a2000 rw-p 0004c000 08:01 928855     /home/etudiant/eclipse/cpp-mars/eclipse/dropins/com.trolltech.qtcppdesignerplugins.linux.x86/libqt3supportwidgets.so
5a9a2000-5aaa2000 rw-p 00000000 00:00 0 
5aaa2000-5aba2000 rw-p 00000000 00:00 0 
5aba3000-5abb1000 r--s 00081000 08:01 929636     /home/etudiant/.p2/pool/plugins/org.eclipse.cdt.debug.core_7.7.0.201602051005.jar
5abb1000-5abd1000 rw-p 00000000 00:00 0 
5abd1000-5abd4000 ---p 00000000 00:00 0 
5abd4000-5ac22000 rw-p 00000000 00:00 0 
5ac22000-5ac43000 r--s 001f0000 08:01 930093     /home/etudiant/.p2/pool/plugins/org.eclipse.jgit_4.1.1.201511131810-r.jar
5ac43000-5ad43000 rw-p 00000000 00:00 0 
5ad43000-5ad46000 ---p 00000000 00:00 0 
5ad46000-5ad94000 rw-p 00000000 00:00 0 
5ad94000-5adf4000 rw-s 00000000 00:05 6619149    /SYSV00000000 (deleted)
5adf4000-5adf7000 ---p 00000000 00:00 0 
5adf7000-5ae45000 rw-p 00000000 00:00 0 
5ae45000-5ae48000 ---p 00000000 00:00 0 
5ae48000-5ae96000 rw-p 00000000 00:00 0 
5ae96000-5ae99000 ---p 00000000 00:00 0 
5ae99000-5aee7000 rw-p 00000000 00:00 0 
5aee7000-5aeea000 ---p 00000000 00:00 0 
5aeea000-5af38000 rw-p 00000000 00:00 0 
5af38000-5af3b000 ---p 00000000 00:00 0 
5af3b000-5af89000 rw-p 00000000 00:00 0 
5af89000-5afd5000 r--p 00000000 08:01 1050249    /usr/share/fonts/truetype/noto/NotoSans-Bold.ttf
5afd5000-5b020000 r--p 00000000 08:01 1050252    /usr/share/fonts/truetype/noto/NotoSans-Regular.ttf
5b020000-5b120000 rw-p 00000000 00:00 0 
5b120000-5b121000 ---p 00000000 00:00 0 
5b121000-5ba21000 rw-p 00000000 00:00 0 
5ba21000-5ba24000 ---p 00000000 00:00 0 
5ba24000-5bb72000 rw-p 00000000 00:00 0 
5bb72000-5bc1d000 r-xp 00000000 08:01 265535     /lib/i386-linux-gnu/libgcrypt.so.20.0.5
5bc1d000-5bc1e000 r--p 000aa000 08:01 265535     /lib/i386-linux-gnu/libgcrypt.so.20.0.5
5bc1e000-5bc21000 rw-p 000ab000 08:01 265535     /lib/i386-linux-gnu/libgcrypt.so.20.0.5
5bc21000-5bd21000 rw-p 00000000 00:00 0 
5bd28000-5bd48000 rw-p 00000000 00:00 0 
5bd48000-5bd6c000 r-xp 00000000 08:01 266463     /lib/i386-linux-gnu/liblzma.so.5.0.0
5bd6c000-5bd6d000 r--p 00023000 08:01 266463     /lib/i386-linux-gnu/liblzma.so.5.0.0
5bd6d000-5bd6e000 rw-p 00024000 08:01 266463     /lib/i386-linux-gnu/liblzma.so.5.0.0
5bd6e000-5bdf9000 r-xp 00000000 08:01 265781     /lib/i386-linux-gnu/libsystemd.so.0.14.0
5bdf9000-5bdfb000 r--p 0008a000 08:01 265781     /lib/i386-linux-gnu/libsystemd.so.0.14.0
5bdfb000-5bdfc000 rw-p 0008c000 08:01 265781     /lib/i386-linux-gnu/libsystemd.so.0.14.0
5bdfc000-5be12000 r-xp 00000000 08:01 528121     /usr/lib/i386-linux-gnu/libICE.so.6.3.0
5be12000-5be13000 r--p 00015000 08:01 528121     /usr/lib/i386-linux-gnu/libICE.so.6.3.0
5be13000-5be14000 rw-p 00016000 08:01 528121     /usr/lib/i386-linux-gnu/libICE.so.6.3.0
5be14000-5be16000 rw-p 00000000 00:00 0 
5be16000-5c0d1000 r-xp 00000000 08:01 928765     /home/etudiant/eclipse/cpp-mars/eclipse/dropins/com.trolltech.qtcpp.linux.x86_4.6.1/lib/libQtCoreCppIntegration.so.4.6.1
5c0d1000-5c0da000 rw-p 002bb000 08:01 928765     /home/etudiant/eclipse/cpp-mars/eclipse/dropins/com.trolltech.qtcpp.linux.x86_4.6.1/lib/libQtCoreCppIntegration.so.4.6.1
5c0da000-5cc32000 r-xp 00000000 08:01 928769     /home/etudiant/eclipse/cpp-mars/eclipse/dropins/com.trolltech.qtcpp.linux.x86_4.6.1/lib/libQtGuiCppIntegration.so.4.6.1
5cc32000-5cc5c000 rw-p 00b57000 08:01 928769     /home/etudiant/eclipse/cpp-mars/eclipse/dropins/com.trolltech.qtcpp.linux.x86_4.6.1/lib/libQtGuiCppIntegration.so.4.6.1
5cc5c000-5cc5e000 rw-p 00000000 00:00 0 
5cc5e000-5cca9000 r-xp 00000000 08:01 928773     /home/etudiant/eclipse/cpp-mars/eclipse/dropins/com.trolltech.qtcpp.linux.x86_4.6.1/lib/libQtXmlCppIntegration.so.4.6.1
5cca9000-5ccab000 rw-p 0004b000 08:01 928773     /home/etudiant/eclipse/cpp-mars/eclipse/dropins/com.trolltech.qtcpp.linux.x86_4.6.1/lib/libQtXmlCppIntegration.so.4.6.1
5ccab000-5cd0d000 r-xp 00000000 08:01 528188     /usr/lib/i386-linux-gnu/libXt.so.6.0.0
5cd0d000-5cd0e000 ---p 00062000 08:01 528188     /usr/lib/i386-linux-gnu/libXt.so.6.0.0
5cd0e000-5cd0f000 r--p 00062000 08:01 528188     /usr/lib/i386-linux-gnu/libXt.so.6.0.0
5cd0f000-5cd12000 rw-p 00063000 08:01 528188     /usr/lib/i386-linux-gnu/libXt.so.6.0.0
5cd12000-5cd13000 rw-p 00000000 00:00 0 
5cd16000-5cd2f000 r--s 00189000 08:01 930398     /home/etudiant/.p2/pool/plugins/org.eclipse.rse.ui_3.3.100.201503112018.jar
5cd2f000-5cd86000 r-xp 00000000 08:01 265741     /lib/i386-linux-gnu/libdbus-1.so.3.14.6
5cd86000-5cd87000 ---p 00057000 08:01 265741     /lib/i386-linux-gnu/libdbus-1.so.3.14.6
5cd87000-5cd88000 r--p 00057000 08:01 265741     /lib/i386-linux-gnu/libdbus-1.so.3.14.6
5cd88000-5cd89000 rw-p 00058000 08:01 265741     /lib/i386-linux-gnu/libdbus-1.so.3.14.6
5cd89000-5cdb2000 r-xp 00000000 08:01 528401     /usr/lib/i386-linux-gnu/libdbus-glib-1.so.2.3.3
5cdb2000-5cdb3000 ---p 00029000 08:01 528401     /usr/lib/i386-linux-gnu/libdbus-glib-1.so.2.3.3
5cdb3000-5cdb4000 r--p 00029000 08:01 528401     /usr/lib/i386-linux-gnu/libdbus-glib-1.so.2.3.3
5cdb4000-5cdb5000 rw-p 0002a000 08:01 528401     /usr/lib/i386-linux-gnu/libdbus-glib-1.so.2.3.3
5cdb5000-5cde8000 r-xp 00000000 08:01 528572     /usr/lib/i386-linux-gnu/libgconf-2.so.4.1.5
5cde8000-5cde9000 r--p 00032000 08:01 528572     /usr/lib/i386-linux-gnu/libgconf-2.so.4.1.5
5cde9000-5cdea000 rw-p 00033000 08:01 528572     /usr/lib/i386-linux-gnu/libgconf-2.so.4.1.5
5cdea000-5d07c000 r-xp 00000000 08:01 928777     /home/etudiant/eclipse/cpp-mars/eclipse/dropins/com.trolltech.qtcpp.linux.x86_4.6.1/lib/libQtScriptCppIntegration.so.4.6.1
5d07c000-5d087000 rw-p 00291000 08:01 928777     /home/etudiant/eclipse/cpp-mars/eclipse/dropins/com.trolltech.qtcpp.linux.x86_4.6.1/lib/libQtScriptCppIntegration.so.4.6.1
5d087000-5d097000 rw-p 00000000 00:00 0 
5d097000-5d7d3000 r-xp 00000000 08:01 928781     /home/etudiant/eclipse/cpp-mars/eclipse/dropins/com.trolltech.qtcpp.linux.x86_4.6.1/lib/libQtDesignerCppIntegration.so.4.6.1
5d7d3000-5d7e5000 rw-p 0073c000 08:01 928781     /home/etudiant/eclipse/cpp-mars/eclipse/dropins/com.trolltech.qtcpp.linux.x86_4.6.1/lib/libQtDesignerCppIntegration.so.4.6.1
5d7e5000-5daa2000 r-xp 00000000 08:01 928785     /home/etudiant/eclipse/cpp-mars/eclipse/dropins/com.trolltech.qtcpp.linux.x86_4.6.1/lib/libQtDesignerComponentsCppIntegration.so.4.6.1
5daa2000-5dab0000 rw-p 002bd000 08:01 928785     /home/etudiant/eclipse/cpp-mars/eclipse/dropins/com.trolltech.qtcpp.linux.x86_4.6.1/lib/libQtDesignerComponentsCppIntegration.so.4.6.1
5dab0000-5dae0000 r-xp 00000000 08:01 928822     /home/etudiant/eclipse/cpp-mars/eclipse/dropins/com.trolltech.qtcppdesigner.linux.x86_1.6.1/lib/libqtcppdesigner.so
5dae0000-5dae2000 rw-p 0002f000 08:01 928822     /home/etudiant/eclipse/cpp-mars/eclipse/dropins/com.trolltech.qtcppdesigner.linux.x86_1.6.1/lib/libqtcppdesigner.so
5dae2000-5dbe2000 rw-p 00000000 00:00 0 
5dbe2000-5dbe5000 ---p 00000000 00:00 0 
5dbe5000-5dd33000 rw-p 00000000 00:00 0 
5dd33000-5dd71000 r--p 00000000 08:01 1082432    /usr/share/fonts/truetype/dejavu/DejaVuSansMono-BoldOblique.ttf
5dd71000-5ddaf000 r--p 00000000 08:01 1082433    /usr/share/fonts/truetype/dejavu/DejaVuSansMono-Oblique.ttf
5ddaf000-5de00000 r--p 00000000 08:01 1050185    /usr/share/fonts/truetype/dejavu/DejaVuSansMono-Bold.ttf
5de00000-5df00000 rw-p 00000000 00:00 0 
5df00000-5e000000 rw-p 00000000 00:00 0 
5e000000-5e100000 rw-p 00000000 00:00 0 
5e100000-5e200000 rw-p 00000000 00:00 0 
5e200000-5e300000 rw-p 00000000 00:00 0 
5e300000-5e400000 rw-p 00000000 00:00 0 
5e400000-5e500000 rw-p 00000000 00:00 0 
5e500000-5e600000 rw-p 00000000 00:00 0 
5e600000-5e700000 rw-p 00000000 00:00 0 
5e700000-5e800000 rw-p 00000000 00:00 0 
5e803000-5e817000 r-xp 00000000 08:01 266440     /lib/i386-linux-gnu/libgpg-error.so.0.17.0
5e817000-5e818000 r--p 00013000 08:01 266440     /lib/i386-linux-gnu/libgpg-error.so.0.17.0
5e818000-5e819000 rw-p 00014000 08:01 266440     /lib/i386-linux-gnu/libgpg-error.so.0.17.0
5e819000-5e86d000 r--p 00000000 08:01 1050186    /usr/share/fonts/truetype/dejavu/DejaVuSansMono.ttf
5e86d000-5e8b4000 r--p 00000000 08:01 1050250    /usr/share/fonts/truetype/noto/NotoSans-BoldItalic.ttf
5e8b4000-5e9b4000 rw-p 00000000 00:00 0 
5e9b4000-5eab4000 rw-p 00000000 00:00 0 
5eab4000-5ebb4000 rw-p 00000000 00:00 0 
5ebb4000-5ec00000 r--p 00000000 08:01 1050249    /usr/share/fonts/truetype/noto/NotoSans-Bold.ttf
5ec00000-5ed00000 rw-p 00000000 00:00 0 
5ed00000-5ee00000 rw-p 00000000 00:00 0 
5ee00000-5eeff000 rw-p 00000000 00:00 0 
5eeff000-5ef00000 ---p 00000000 00:00 0 
5ef00000-5efff000 rw-p 00000000 00:00 0 
5efff000-5f000000 ---p 00000000 00:00 0 
5f000000-5f100000 rw-p 00000000 00:00 0 
5f100000-5f1f9000 rw-p 00000000 00:00 0 
5f1f9000-5f200000 ---p 00000000 00:00 0 
5f200000-5f300000 rw-p 00000000 00:00 0 
5f300000-5f400000 rw-p 00000000 00:00 0 
5f400000-5f4ff000 rw-p 00000000 00:00 0 
5f4ff000-5f500000 ---p 00000000 00:00 0 
5f505000-5f54a000 r--p 00000000 08:01 1050251    /usr/share/fonts/truetype/noto/NotoSans-Italic.ttf
5f54a000-5f59b000 r--s 004dd000 08:01 929528     /home/etudiant/.p2/pool/plugins/org.eclipse.cdt.core_5.11.0.201602051005.jar
5f59b000-5f5c6000 r-xp 00000000 08:01 394111     /usr/lib/jvm/java-8-openjdk-i386/jre/lib/i386/libsunec.so
5f5c6000-5f5c7000 ---p 0002b000 08:01 394111     /usr/lib/jvm/java-8-openjdk-i386/jre/lib/i386/libsunec.so
5f5c7000-5f5c9000 r--p 0002b000 08:01 394111     /usr/lib/jvm/java-8-openjdk-i386/jre/lib/i386/libsunec.so
5f5c9000-5f5ca000 rw-p 0002d000 08:01 394111     /usr/lib/jvm/java-8-openjdk-i386/jre/lib/i386/libsunec.so
5f5cc000-5f5f4000 r--s 001c9000 08:01 930428     /home/etudiant/.p2/pool/plugins/org.eclipse.tracecompass.tmf.ui_1.2.0.201602091005.jar
5f5f4000-5f6f4000 rw-p 00000000 00:00 0 
5f6f4000-5f7f4000 rw-p 00000000 00:00 0 
5f7f4000-5f8f4000 rw-p 00000000 00:00 0 
5f8f7000-5f900000 r--s 0004a000 08:01 929665     /home/etudiant/.p2/pool/plugins/org.eclipse.cdt.dsf_2.6.0.201602051005.jar
5f900000-5fa00000 rw-p 00000000 00:00 0 
5fa00000-5faec000 rw-p 00000000 00:00 0 
5faec000-5fb00000 ---p 00000000 00:00 0 
5fb00000-5fc00000 rw-p 00000000 00:00 0 
5fc00000-5fd00000 rw-p 00000000 00:00 0 
5fd00000-5fdff000 rw-p 00000000 00:00 0 
5fdff000-5fe00000 ---p 00000000 00:00 0 
5fe00000-5fefe000 rw-p 00000000 00:00 0 
5fefe000-5ff00000 ---p 00000000 00:00 0 
5ff00000-5fffd000 rw-p 00000000 00:00 0 
5fffd000-60000000 ---p 00000000 00:00 0 
60000000-600f9000 rw-p 00000000 00:00 0 
600f9000-60100000 ---p 00000000 00:00 0 
60100000-601fe000 rw-p 00000000 00:00 0 
601fe000-60200000 ---p 00000000 00:00 0 
60202000-6021e000 r--s 00144000 08:01 930403     /home/etudiant/.p2/pool/plugins/org.eclipse.team.ui_3.7.200.v20150203-1452.jar
6021e000-60221000 ---p 00000000 00:00 0 
60221000-6026f000 rw-p 00000000 00:00 0 
60272000-60283000 r--s 00137000 08:01 929730     /home/etudiant/.p2/pool/plugins/org.eclipse.cdt.managedbuilder.core_8.3.0.201602051005.jar
60283000-60288000 r--s 00039000 08:01 930404     /home/etudiant/.p2/pool/plugins/org.eclipse.text_3.5.400.v20150505-1044.jar
60288000-60292000 r--p 00000000 08:01 153233     /usr/share/icons/elementary-xfce-darker/icon-theme.cache
60292000-6029a000 r--s 0004a000 08:01 930239     /home/etudiant/.p2/pool/plugins/org.eclipse.ltk.core.refactoring_3.6.201.v20150819-1034.jar
6029a000-602aa000 rw-p 00000000 00:00 0 
602ac000-602bc000 r--s 000a1000 08:01 929666     /home/etudiant/.p2/pool/plugins/org.eclipse.cdt.dsf.gdb.ui_2.5.0.201602051005.jar
602cd000-602d7000 r--p 00000000 08:01 153233     /usr/share/icons/elementary-xfce-darker/icon-theme.cache
602d7000-602e5000 r--s 000ae000 08:01 929776     /home/etudiant/.p2/pool/plugins/org.eclipse.compare_3.5.600.v20150420-1449.jar
602e5000-60300000 r--s 00112000 08:01 929648     /home/etudiant/.p2/pool/plugins/org.eclipse.cdt.debug.ui_7.5.0.201602051005.jar
60300000-60400000 rw-p 00000000 00:00 0 
60400000-604fb000 rw-p 00000000 00:00 0 
604fb000-60500000 ---p 00000000 00:00 0 
60501000-60506000 r-xp 00000000 08:01 265386     /lib/i386-linux-gnu/libnss_dns-2.23.so
60506000-60507000 r--p 00004000 08:01 265386     /lib/i386-linux-gnu/libnss_dns-2.23.so
60507000-60508000 rw-p 00005000 08:01 265386     /lib/i386-linux-gnu/libnss_dns-2.23.so
6050c000-60510000 r--s 0002b000 08:01 930432     /home/etudiant/.p2/pool/plugins/org.eclipse.ui.console_3.6.100.v20150822-1912.jar
60510000-60514000 r--s 00021000 08:01 929524     /home/etudiant/.p2/pool/plugins/org.eclipse.cdt.codan.core_3.3.0.201602051005.jar
60514000-60518000 r--s 00021000 08:01 930442     /home/etudiant/.p2/pool/plugins/org.eclipse.ui.navigator.resources_3.5.1.v20160128-1644.jar
60518000-6052b000 r--s 00346000 08:01 394136     /usr/lib/jvm/java-8-openjdk-i386/jre/lib/resources.jar
6052e000-60534000 r--p 00000000 08:01 138756     /usr/share/icons/hicolor/icon-theme.cache
6053c000-6053f000 ---p 00000000 00:00 0 
6053f000-6058d000 rw-p 00000000 00:00 0 
6058d000-60597000 r--s 00067000 08:01 930240     /home/etudiant/.p2/pool/plugins/org.eclipse.ltk.ui.refactoring_3.7.200.v20140625-1835.jar
60597000-605a3000 r--s 00082000 08:01 930433     /home/etudiant/.p2/pool/plugins/org.eclipse.ui.editors_3.9.0.v20150213-1939.jar
605a3000-605da000 r-xp 00000000 08:01 525301     /usr/lib/i386-linux-gnu/gio/modules/libgvfsdbus.so
605da000-605db000 r--p 00036000 08:01 525301     /usr/lib/i386-linux-gnu/gio/modules/libgvfsdbus.so
605db000-605dc000 rw-p 00037000 08:01 525301     /usr/lib/i386-linux-gnu/gio/modules/libgvfsdbus.so
605dc000-605f7000 r--p 00000000 08:01 794996     /usr/share/locale-langpack/fr/LC_MESSAGES/glib20.mo
605f7000-606f1000 rw-p 00000000 00:00 0 
606f1000-606f7000 ---p 00000000 00:00 0 
606f8000-6071b000 r--s 001a6000 08:01 930271     /home/etudiant/.p2/pool/plugins/org.eclipse.mylyn.tasks.ui_3.18.0.v20151211-2235.jar
6071b000-6077a000 r--s 00579000 08:01 929766     /home/etudiant/.p2/pool/plugins/org.eclipse.cdt.ui_5.11.0.201602051005.jar
6077b000-60781000 r--p 00000000 08:01 138756     /usr/share/icons/hicolor/icon-theme.cache
60787000-6078e000 r--s 00046000 08:01 930253     /home/etudiant/.p2/pool/plugins/org.eclipse.mylyn.commons.ui_3.18.0.v20151116-1930.jar
6078e000-60796000 r--s 00055000 08:01 930227     /home/etudiant/.p2/pool/plugins/org.eclipse.linuxtools.systemtap.ui.ide_2.3.0.201602162146.jar
60796000-6079f000 r--s 00065000 08:01 929729     /home/etudiant/.p2/pool/plugins/org.eclipse.cdt.make.core_7.3.0.201602051005.jar
6079f000-607a7000 r--s 0003c000 08:01 930429     /home/etudiant/.p2/pool/plugins/org.eclipse.ui_3.107.0.v20150507-1945.jar
607a7000-607af000 r--s 00073000 08:01 930374     /home/etudiant/.p2/pool/plugins/org.eclipse.rse.files.ui_3.2.200.201502052140.jar
607af000-607b2000 ---p 00000000 00:00 0 
607b2000-60900000 rw-p 00000000 00:00 0 
60900000-609f9000 rw-p 00000000 00:00 0 
609f9000-60a00000 ---p 00000000 00:00 0 
60a00000-60afc000 rw-p 00000000 00:00 0 
60afc000-60b00000 ---p 00000000 00:00 0 
60b00000-60be8000 rw-p 00000000 00:00 0 
60be8000-60c00000 ---p 00000000 00:00 0 
60c00000-60cfc000 rw-p 00000000 00:00 0 
60cfc000-60d00000 ---p 00000000 00:00 0 
60d00000-60e00000 rw-p 00000000 00:00 0 
60e00000-60f00000 rw-p 00000000 00:00 0 
60f00000-60ffa000 rw-p 00000000 00:00 0 
60ffa000-61000000 ---p 00000000 00:00 0 
61000000-610fb000 rw-p 00000000 00:00 0 
610fb000-61100000 ---p 00000000 00:00 0 
61100000-61200000 rw-p 00000000 00:00 0 
61200000-61300000 rw-p 00000000 00:00 0 
61300000-61400000 rw-p 00000000 00:00 0 
61400000-614fd000 rw-p 00000000 00:00 0 
614fd000-61500000 ---p 00000000 00:00 0 
61500000-61508000 rw-p 00000000 00:00 0 
61509000-6150d000 r--s 00029000 08:01 929840     /home/etudiant/.p2/pool/plugins/org.eclipse.e4.ui.workbench.swt_0.13.0.v20150504-0621.jar
6150d000-61513000 r--s 00041000 08:01 929837     /home/etudiant/.p2/pool/plugins/org.eclipse.e4.ui.workbench_1.3.1.v20160203-0951.jar
61513000-61527000 r--s 000e5000 08:01 930092     /home/etudiant/.p2/pool/plugins/org.eclipse.jface.text_3.10.0.v20150603-1752.jar
61527000-6152f000 r--s 00051000 08:01 929798     /home/etudiant/.p2/pool/plugins/org.eclipse.debug.core_3.10.0.v20150303-1130.jar
6152f000-61539000 r--s 00070000 08:01 929728     /home/etudiant/.p2/pool/plugins/org.eclipse.cdt.make.ui_7.2.0.201602051005.jar
61539000-61544000 r--s 00085000 08:01 930494     /home/etudiant/.p2/pool/plugins/org.eclipse.ui.workbench.texteditor_3.9.100.v20141023-1946.jar
61546000-6154a000 r--s 00020000 08:01 930212     /home/etudiant/.p2/pool/plugins/org.eclipse.linuxtools.profiling.launch_3.2.0.201602162146.jar
6154a000-61552000 rw-p 00000000 00:00 0 
61552000-61557000 r-xp 00000000 08:01 928873     /home/etudiant/eclipse/cpp-mars/eclipse/dropins/com.trolltech.qtcppdesignerplugins.linux.x86/libqwebview.so
61557000-61558000 rw-p 00004000 08:01 928873     /home/etudiant/eclipse/cpp-mars/eclipse/dropins/com.trolltech.qtcppdesignerplugins.linux.x86/libqwebview.so
6155a000-61560000 r--s 00050000 08:01 929839     /home/etudiant/.p2/pool/plugins/org.eclipse.e4.ui.workbench.renderers.swt_0.13.0.v20150901-1347.jar
61560000-61569000 r--s 0005f000 08:01 930441     /home/etudiant/.p2/pool/plugins/org.eclipse.ui.navigator_3.6.0.v20150422-0725.jar
6156e000-61572000 r--s 0001c000 08:01 929526     /home/etudiant/.p2/pool/plugins/org.eclipse.cdt.codan.ui_3.2.0.201602051005.jar
61572000-6157c000 r--s 000ce000 08:01 929793     /home/etudiant/.p2/pool/plugins/org.eclipse.core.resources_3.10.1.v20150725-1910.jar
6157d000-61580000 r--s 00011000 08:01 930069     /home/etudiant/.p2/pool/plugins/org.eclipse.equinox.util_1.0.500.v20130404-1337.jar
61580000-61587000 r--s 00050000 08:01 933982     /home/etudiant/.p2/pool/plugins/org.eclipse.oomph.ui_1.9.0.v20171221-1140.jar
61589000-6158d000 r--s 00020000 08:01 930209     /home/etudiant/.p2/pool/plugins/org.eclipse.linuxtools.perf_1.2.0.201602162146.jar
6158d000-61592000 r--s 002f9000 08:01 394168     /usr/lib/jvm/java-8-openjdk-i386/jre/lib/charsets.jar
61592000-61595000 ---p 00000000 00:00 0 
61595000-615e3000 rw-p 00000000 00:00 0 
615e3000-615ed000 r-xp 00000000 08:01 928932     /home/etudiant/eclipse/cpp-mars/eclipse/configuration/org.eclipse.osgi/426/0/.cp/libswt-atk-gtk-4530.so
615ed000-615ee000 rw-p 00009000 08:01 928932     /home/etudiant/eclipse/cpp-mars/eclipse/configuration/org.eclipse.osgi/426/0/.cp/libswt-atk-gtk-4530.so
615f2000-615f6000 r--s 00025000 08:01 930258     /home/etudiant/.p2/pool/plugins/org.eclipse.mylyn.context.ui_3.18.0.v20151014-2324.jar
615f6000-615fb000 r--s 00031000 08:01 929829     /home/etudiant/.p2/pool/plugins/org.eclipse.e4.ui.css.swt_0.12.0.v20150511-1003.jar
615fb000-61600000 r-xp 00000000 08:01 527776     /usr/lib/i386-linux-gnu/gdk-pixbuf-2.0/2.10.0/loaders/libpixbufloader-png.so
61600000-61601000 r--p 00004000 08:01 527776     /usr/lib/i386-linux-gnu/gdk-pixbuf-2.0/2.10.0/loaders/libpixbufloader-png.so
61601000-61602000 rw-p 00005000 08:01 527776     /usr/lib/i386-linux-gnu/gdk-pixbuf-2.0/2.10.0/loaders/libpixbufloader-png.so
61602000-6164d000 r--p 00000000 08:01 1050252    /usr/share/fonts/truetype/noto/NotoSans-Regular.ttf
6164d000-61655000 r--s 00000000 08:01 807049     /var/cache/fontconfig/945677eb7aeaf62f1d50efc3fb3ec7d8-le32d4.cache-6
61655000-61659000 r--s 00000000 08:01 807046     /var/cache/fontconfig/2cd17615ca594fa2959ae173292e504c-le32d4.cache-6
61659000-6165a000 r--s 00000000 08:01 804601     /var/cache/fontconfig/0d8c3b2ac0904cb8a57a757ad11a4a08-le32d4.cache-6
6165a000-61669000 r--s 00000000 08:01 804579     /var/cache/fontconfig/04aabc0a78ac019cf9454389977116d2-le32d4.cache-6
61669000-6166a000 r--s 00000000 08:01 804536     /var/cache/fontconfig/1ac9eb803944fde146138c791f5cc56a-le32d4.cache-6
6166a000-6166d000 r--s 00000000 08:01 804437     /var/cache/fontconfig/385c0604a188198f04d133e54aba7fe7-le32d4.cache-6
6166d000-6166e000 r--s 00000000 08:01 804436     /var/cache/fontconfig/dc05db6664285cc2f12bf69c139ae4c3-le32d4.cache-6
6166e000-61670000 r--s 00000000 08:01 804435     /var/cache/fontconfig/767a8244fc0220cfb567a839d0392e0b-le32d4.cache-6
61670000-61671000 r--s 00000000 08:01 799835     /var/cache/fontconfig/4794a0821666d79190d59a36cb4f44b5-le32d4.cache-6
61671000-6168d000 r--s 00000000 08:01 804429     /var/cache/fontconfig/0bd3dc0958fa2205aaaa8ebb13e2872b-le32d4.cache-6
6168d000-61691000 r--s 00000000 08:01 804427     /var/cache/fontconfig/8801497958630a81b71ace7c5f9b32a8-le32d4.cache-6
61691000-61692000 r--s 00000000 08:01 804421     /var/cache/fontconfig/bab58bb527bb656aaa9f116d68a48d89-le32d4.cache-6
61692000-61697000 r--s 00000000 08:01 804417     /var/cache/fontconfig/3047814df9a2f067bd2d96a2b9c36e5a-le32d4.cache-6
61697000-61698000 r--s 00000000 08:01 804414     /var/cache/fontconfig/56cf4f4769d0f4abc89a4895d7bd3ae1-le32d4.cache-6
61698000-61699000 r--s 00000000 08:01 804413     /var/cache/fontconfig/b9d506c9ac06c20b433354fa67a72993-le32d4.cache-6
61699000-6169d000 r--s 00000000 08:01 804412     /var/cache/fontconfig/b47c4e1ecd0709278f4910c18777a504-le32d4.cache-6
6169d000-616ad000 r--s 00000000 08:01 804407     /var/cache/fontconfig/d52a8644073d54c13679302ca1180695-le32d4.cache-6
616ad000-616b6000 r--s 00000000 08:01 803331     /var/cache/fontconfig/d589a48862398ed80a3d6066f4f56f4c-le32d4.cache-6
616b6000-616be000 r--s 00000000 08:01 803324     /var/cache/fontconfig/83bf95040141907cd45bb53cf7c1c148-le32d4.cache-6
616be000-616cc000 r--s 00000000 08:01 803066     /var/cache/fontconfig/9b89f8e3dae116d678bbf48e5f21f69b-le32d4.cache-6
616cc000-616d1000 r-xp 00000000 08:01 528190     /usr/lib/i386-linux-gnu/libXtst.so.6.1.0
616d1000-616d2000 r--p 00004000 08:01 528190     /usr/lib/i386-linux-gnu/libXtst.so.6.1.0
616d2000-616d3000 rw-p 00005000 08:01 528190     /usr/lib/i386-linux-gnu/libXtst.so.6.1.0
616d3000-616d4000 r-xp 00000000 08:01 527570     /usr/lib/i386-linux-gnu/libgthread-2.0.so.0.4800.2
616d4000-616d5000 r--p 00000000 08:01 527570     /usr/lib/i386-linux-gnu/libgthread-2.0.so.0.4800.2
616d5000-616d6000 rw-p 00001000 08:01 527570     /usr/lib/i386-linux-gnu/libgthread-2.0.so.0.4800.2
616d6000-616d7000 r--s 00000000 08:01 804400     /var/cache/fontconfig/551ecf3b0e8b0bca0f25c0944f561853-le32d4.cache-6
616d7000-616d8000 r--s 00000000 08:01 803330     /var/cache/fontconfig/30829fa25452a46451e813d634d7f916-le32d4.cache-6
616d8000-616d9000 r--s 00000000 08:01 803329     /var/cache/fontconfig/0c9eb80ebd1c36541ebe2852d3bb0c49-le32d4.cache-6
616d9000-616dc000 r--s 00000000 08:01 803325     /var/cache/fontconfig/75114ca45c98e8a441da0ff356701271-le32d4.cache-6
616dc000-616de000 r--s 00000000 08:01 803293     /var/cache/fontconfig/e13b20fdb08344e0e664864cc2ede53d-le32d4.cache-6
616de000-616e1000 r--s 00000000 08:01 799843     /var/cache/fontconfig/7ef2298fde41cc6eeb7af42e48b7d293-le32d4.cache-6
616e1000-616e5000 rwxp 00000000 00:00 0 
616e5000-616ed000 r-xp 00000000 08:01 928919     /home/etudiant/eclipse/cpp-mars/eclipse/configuration/org.eclipse.osgi/426/0/.cp/libswt-cairo-gtk-4530.so
616ed000-616ee000 rw-p 00007000 08:01 928919     /home/etudiant/eclipse/cpp-mars/eclipse/configuration/org.eclipse.osgi/426/0/.cp/libswt-cairo-gtk-4530.so
616ee000-61750000 r-xp 00000000 08:01 928903     /home/etudiant/eclipse/cpp-mars/eclipse/configuration/org.eclipse.osgi/426/0/.cp/libswt-pi-gtk-4530.so
61750000-61752000 rw-p 00061000 08:01 928903     /home/etudiant/eclipse/cpp-mars/eclipse/configuration/org.eclipse.osgi/426/0/.cp/libswt-pi-gtk-4530.so
61752000-61753000 rw-p 00000000 00:00 0 
61753000-61756000 r-xp 00000000 08:01 928916     /home/etudiant/eclipse/cpp-mars/eclipse/configuration/org.eclipse.osgi/426/0/.cp/libswt-gtk-4530.so
61756000-61757000 rw-p 00003000 08:01 928916     /home/etudiant/eclipse/cpp-mars/eclipse/configuration/org.eclipse.osgi/426/0/.cp/libswt-gtk-4530.so
61757000-61858000 rw-p 00000000 00:00 0 
6185a000-61862000 r--s 0005b000 08:01 930402     /home/etudiant/.p2/pool/plugins/org.eclipse.team.core_3.7.100.v20150203-1452.jar
61862000-61865000 r--s 00010000 08:01 929744     /home/etudiant/.p2/pool/plugins/org.eclipse.cdt.mylyn.ui_3.18.0.v20151013-1847.jar
61865000-6186c000 r--s 00051000 08:01 929932     /home/etudiant/.p2/pool/plugins/org.eclipse.emf.common_2.11.1.v20160208-0816.jar
6186c000-6196c000 rw-p 00000000 00:00 0 
6196c000-619af000 r--s 003a3000 08:01 930493     /home/etudiant/.p2/pool/plugins/org.eclipse.ui.workbench_3.107.1.v20160120-2131.jar
619af000-619b2000 ---p 00000000 00:00 0 
619b2000-61b00000 rw-p 00000000 00:00 0 
61b00000-61c00000 rw-p 00000000 00:00 0 
61c00000-61ce6000 rw-p 00000000 00:00 0 
61ce6000-61d00000 ---p 00000000 00:00 0 
61d02000-61d05000 r-xp 00000000 08:01 525859     /usr/lib/i386-linux-gnu/gconv/UTF-16.so
61d05000-61d06000 r--p 00002000 08:01 525859     /usr/lib/i386-linux-gnu/gconv/UTF-16.so
61d06000-61d07000 rw-p 00003000 08:01 525859     /usr/lib/i386-linux-gnu/gconv/UTF-16.so
61d07000-61d1c000 r--s 0024a000 08:01 930401     /home/etudiant/.p2/pool/plugins/org.eclipse.swt.gtk.linux.x86_3.104.2.v20160212-1350.jar
61d1c000-61d1d000 r--s 00004000 08:01 930400     /home/etudiant/.p2/pool/plugins/org.eclipse.swt_3.104.2.v20160212-1350.jar
61d1d000-61d32000 r--s 0010e000 08:01 930090     /home/etudiant/.p2/pool/plugins/org.eclipse.jface_3.11.1.v20160128-1644.jar
61d35000-61d39000 r--p 00000000 08:01 1074530    /usr/share/icons/elementary-xfce-dark/icon-theme.cache
61d39000-61d40000 r--s 00069000 08:01 929920     /home/etudiant/.p2/pool/plugins/org.eclipse.egit.core_4.1.1.201511131810-r.jar
61d42000-61d45000 r--s 00016000 08:01 930490     /home/etudiant/.p2/pool/plugins/org.eclipse.ui.views_3.8.0.v20150422-0725.jar
61d45000-61d49000 r--s 00022000 08:01 930727     /home/etudiant/.p2/pool/plugins/org.gna.eclox.ui_0.8.0.jar
61d49000-61d50000 r--s 00042000 08:01 933949     /home/etudiant/.p2/pool/plugins/org.eclipse.oomph.p2.ui_1.9.0.v20171221-1140.jar
61d50000-61d52000 r--s 0000e000 08:01 930122     /home/etudiant/.p2/pool/plugins/org.eclipse.linuxtools.cdt.libhover_1.2.0.201602162146.jar
61d54000-61d58000 r--s 0001d000 08:01 930427     /home/etudiant/.p2/pool/plugins/org.eclipse.tracecompass.tmf.remote.ui_1.0.0.201602091005.jar
61d5a000-61d5e000 r--s 00019000 08:01 929786     /home/etudiant/.p2/pool/plugins/org.eclipse.core.filebuffers_3.5.500.v20140723-1040.jar
61d5e000-61d60000 r-xp 00000000 08:01 266499     /lib/i386-linux-gnu/libnss_mdns4_minimal.so.2
61d60000-61d61000 r--p 00001000 08:01 266499     /lib/i386-linux-gnu/libnss_mdns4_minimal.so.2
61d61000-61d62000 rw-p 00002000 08:01 266499     /lib/i386-linux-gnu/libnss_mdns4_minimal.so.2
61d62000-61dc3000 r--s 00a99000 08:01 929395     /home/etudiant/.p2/pool/plugins/com.ibm.icu_54.1.1.v201501272100.jar
61dc5000-61dc8000 r-xp 00000000 08:01 1088624    /home/etudiant/eclipse/cpp-mars/eclipse/configuration/org.eclipse.osgi/60/0/.cp/os/linux/x86/libspawner.so
61dc8000-61dc9000 rw-p 00002000 08:01 1088624    /home/etudiant/eclipse/cpp-mars/eclipse/configuration/org.eclipse.osgi/60/0/.cp/os/linux/x86/libspawner.so
61dcd000-61dd1000 r--s 00021000 08:01 930434     /home/etudiant/.p2/pool/plugins/org.eclipse.ui.externaltools_3.3.0.v20150302-1002.jar
61dd1000-61dd4000 r--s 00014000 08:01 929784     /home/etudiant/.p2/pool/plugins/org.eclipse.core.expressions_3.5.0.v20150421-2214.jar
61dd4000-61dd7000 r--s 00019000 08:01 929778     /home/etudiant/.p2/pool/plugins/org.eclipse.core.commands_3.7.0.v20150422-0725.jar
61dd7000-61ddb000 r--s 0001c000 08:01 930256     /home/etudiant/.p2/pool/plugins/org.eclipse.mylyn.context.core_3.18.0.v20151013-1847.jar
61ddb000-61ddf000 r-xp 00000000 08:01 266211     /lib/i386-linux-gnu/libuuid.so.1.3.0
61ddf000-61de0000 r--p 00003000 08:01 266211     /lib/i386-linux-gnu/libuuid.so.1.3.0
61de0000-61de1000 rw-p 00004000 08:01 266211     /lib/i386-linux-gnu/libuuid.so.1.3.0
61de1000-61de8000 r-xp 00000000 08:01 528143     /usr/lib/i386-linux-gnu/libSM.so.6.0.1
61de8000-61de9000 r--p 00006000 08:01 528143     /usr/lib/i386-linux-gnu/libSM.so.6.0.1
61de9000-61dea000 rw-p 00007000 08:01 528143     /usr/lib/i386-linux-gnu/libSM.so.6.0.1
61dea000-61ded000 ---p 00000000 00:00 0 
61ded000-61e3b000 rw-p 00000000 00:00 0 
61e3b000-61e3d000 r--s 00007000 08:01 928749     /home/etudiant/eclipse/cpp-mars/eclipse/dropins/com.trolltech.qtcppdesigner_1.6.1.jar
61e3d000-61e3f000 r--s 00007000 08:01 929531     /home/etudiant/.p2/pool/plugins/org.eclipse.cdt.core.native_5.8.1.201602051005.jar
61e40000-61e42000 r--s 0000b000 08:01 929731     /home/etudiant/.p2/pool/plugins/org.eclipse.cdt.managedbuilder.gnu.ui_8.3.0.201602051005.jar
61e46000-61e49000 r--s 00010000 08:01 929525     /home/etudiant/.p2/pool/plugins/org.eclipse.cdt.codan.core.cxx_3.3.0.201602051005.jar
61e49000-61f49000 rw-p 00000000 00:00 0 
61f4d000-6204d000 rw-p 00000000 00:00 0 
6204e000-62050000 r--s 00012000 08:01 930234     /home/etudiant/.p2/pool/plugins/org.eclipse.linuxtools.valgrind.launch_3.0.0.201602162146.jar
62052000-62055000 ---p 00000000 00:00 0 
62055000-620a3000 rw-p 00000000 00:00 0 
620a5000-620a8000 r--s 00016000 08:01 929779     /home/etudiant/.p2/pool/plugins/org.eclipse.core.contenttype_3.5.0.v20150421-2214.jar
620aa000-620ac000 r--s 0000d000 08:01 928750     /home/etudiant/eclipse/cpp-mars/eclipse/dropins/com.trolltech.qtcppdesigner.qtcpp_1.6.1.jar
620ac000-620ae000 r--s 00008000 08:01 930263     /home/etudiant/.p2/pool/plugins/org.eclipse.mylyn.monitor.core_3.18.0.v20151009-1724.jar
620ae000-620b2000 r--s 00029000 08:01 930056     /home/etudiant/.p2/pool/plugins/org.eclipse.equinox.registry_3.6.0.v20150318-1503.jar
620b2000-620b4000 r--s 00002000 08:01 929804     /home/etudiant/.p2/pool/plugins/org.eclipse.core.runtime.compatibility.registry_3.6.0.v20150318-1505/runtime_registry_compatibility.jar
620b4000-620b7000 r--s 00017000 08:01 930207     /home/etudiant/.p2/pool/plugins/org.eclipse.linuxtools.oprofile.launch_1.0.1.201602162146.jar
620b7000-620ba000 ---p 00000000 00:00 0 
620ba000-62208000 rw-p 00000000 00:00 0 
62208000-6220b000 ---p 00000000 00:00 0 
6220b000-62259000 rw-p 00000000 00:00 0 
62259000-6225b000 r--s 0000b000 08:01 929813     /home/etudiant/.p2/pool/plugins/org.eclipse.e4.core.di_1.5.0.v20150421-2214.jar
6225b000-6225d000 r--s 00007000 08:01 929797     /home/etudiant/.p2/pool/plugins/org.eclipse.core.variables_3.2.800.v20130819-1716.jar
6225d000-62260000 ---p 00000000 00:00 0 
62260000-622ae000 rw-p 00000000 00:00 0 
622ae000-622b1000 ---p 00000000 00:00 0 
622b1000-623ff000 rw-p 00000000 00:00 0 
623ff000-64000000 rw-p 00000000 00:00 0 
64000000-640ff000 rw-p 00000000 00:00 0 
640ff000-64100000 ---p 00000000 00:00 0 
64100000-64200000 rw-p 00000000 00:00 0 
64200000-64300000 rw-p 00000000 00:00 0 
64300000-643f3000 rw-p 00000000 00:00 0 
643f3000-64400000 ---p 00000000 00:00 0 
64400000-644f9000 rw-p 00000000 00:00 0 
644f9000-64500000 ---p 00000000 00:00 0 
64500000-64503000 r--s 00018000 08:01 929790     /home/etudiant/.p2/pool/plugins/org.eclipse.core.jobs_3.7.0.v20150330-2103.jar
64503000-64506000 ---p 00000000 00:00 0 
64506000-64554000 rw-p 00000000 00:00 0 
64554000-64565000 r-xp 00000000 08:01 394123     /usr/lib/jvm/java-8-openjdk-i386/jre/lib/i386/libnio.so
64565000-64566000 r--p 00010000 08:01 394123     /usr/lib/jvm/java-8-openjdk-i386/jre/lib/i386/libnio.so
64566000-64567000 rw-p 00011000 08:01 394123     /usr/lib/jvm/java-8-openjdk-i386/jre/lib/i386/libnio.so
64567000-6457d000 r-xp 00000000 08:01 394103     /usr/lib/jvm/java-8-openjdk-i386/jre/lib/i386/libnet.so
6457d000-6457e000 r--p 00015000 08:01 394103     /usr/lib/jvm/java-8-openjdk-i386/jre/lib/i386/libnet.so
6457e000-6457f000 rw-p 00016000 08:01 394103     /usr/lib/jvm/java-8-openjdk-i386/jre/lib/i386/libnet.so
6457f000-64580000 ---p 00000000 00:00 0 
64580000-64600000 rw-p 00000000 00:00 0 
64600000-646fa000 rw-p 00000000 00:00 0 
646fa000-64700000 ---p 00000000 00:00 0 
64700000-64703000 r--s 0000e000 08:01 930217     /home/etudiant/.p2/pool/plugins/org.eclipse.linuxtools.rpm.ui_1.1.0.201602162146.jar
64703000-64706000 r--s 00019000 08:01 929975     /home/etudiant/.p2/pool/plugins/org.eclipse.equinox.common_3.7.0.v20150402-1709.jar
64706000-6471b000 r--s 0012b000 08:01 930293     /home/etudiant/.p2/pool/plugins/org.eclipse.osgi_3.10.102.v20160118-1700.jar
6471b000-6471d000 r--s 00016000 08:01 930111     /home/etudiant/.p2/pool/plugins/org.eclipse.linuxtools.callgraph.launch_2.0.0.201602162146.jar
6471d000-64722000 r--s 00039000 08:01 929708     /home/etudiant/.p2/pool/plugins/org.eclipse.cdt.launch_7.3.0.201602051005.jar
64722000-64723000 r--p 00000000 00:00 0 
64723000-64727000 r--p 00000000 08:01 1074530    /usr/share/icons/elementary-xfce-dark/icon-theme.cache
64727000-64729000 r--s 0000b000 08:01 930264     /home/etudiant/.p2/pool/plugins/org.eclipse.mylyn.monitor.ui_3.18.0.v20151009-1724.jar
64729000-6472b000 r--s 00007000 08:01 929523     /home/etudiant/.p2/pool/plugins/org.eclipse.cdt.codan.checkers.ui_3.2.0.201602051005.jar
6472b000-6472d000 r--s 0000e000 08:01 930723     /home/etudiant/.p2/pool/plugins/org.gna.eclox.core_0.8.0.jar
6472d000-64731000 r--s 00035000 08:01 929957     /home/etudiant/.p2/pool/plugins/org.eclipse.emf.ecore.xmi_2.11.1.v20160208-0816.jar
64731000-64734000 r--s 0001c000 08:01 929499     /home/etudiant/.p2/pool/plugins/org.eclipse.cdt.autotools.core_1.5.0.201602051005.jar
64734000-64736000 r--s 0000f000 08:01 930265     /home/etudiant/.p2/pool/plugins/org.eclipse.mylyn.resources.ui_3.18.0.v20151013-1847.jar
64736000-6473a000 r--s 00020000 08:01 928751     /home/etudiant/eclipse/cpp-mars/eclipse/dropins/com.trolltech.qtcppproject_1.6.1.jar
6473a000-6473e000 r--s 00023000 08:01 929638     /home/etudiant/.p2/pool/plugins/org.eclipse.cdt.debug.mi.ui_6.2.0.201602051005.jar
6473e000-6473f000 r--s 00004000 08:01 929733     /home/etudiant/.p2/pool/plugins/org.eclipse.cdt.msw.build_1.0.0.201602051005.jar
6473f000-64741000 r--s 00002000 08:01 929529     /home/etudiant/.p2/pool/plugins/org.eclipse.cdt.core.linux_5.3.0.201602051005.jar
64741000-64742000 r--s 00005000 08:01 934238     /home/etudiant/.p2/pool/plugins/net.mihai-nita.ansicon.plugin_1.3.5.201612301822.jar
64742000-64744000 r-xp 00000000 08:01 928939     /home/etudiant/eclipse/cpp-mars/eclipse/configuration/org.eclipse.osgi/105/0/.cp/os/linux/x86/libunixfile_1_0_0.so
64744000-64745000 rw-p 00001000 08:01 928939     /home/etudiant/eclipse/cpp-mars/eclipse/configuration/org.eclipse.osgi/105/0/.cp/os/linux/x86/libunixfile_1_0_0.so
64745000-6474b000 r-xp 00000000 08:01 527784     /usr/lib/i386-linux-gnu/gdk-pixbuf-2.0/2.10.0/loaders/libpixbufloader-gif.so
6474b000-6474c000 r--p 00005000 08:01 527784     /usr/lib/i386-linux-gnu/gdk-pixbuf-2.0/2.10.0/loaders/libpixbufloader-gif.so
6474c000-6474d000 rw-p 00006000 08:01 527784     /usr/lib/i386-linux-gnu/gdk-pixbuf-2.0/2.10.0/loaders/libpixbufloader-gif.so
6474d000-6474f000 r--s 00005000 08:01 929811     /home/etudiant/.p2/pool/plugins/org.eclipse.e4.core.commands_0.11.0.v20150422-0725.jar
6474f000-64750000 r-xp 00000000 08:01 1088657    /home/etudiant/eclipse/cpp-mars/eclipse/configuration/org.eclipse.osgi/60/0/.cp/os/linux/x86/libpty.so
64750000-64751000 rw-p 00001000 08:01 1088657    /home/etudiant/eclipse/cpp-mars/eclipse/configuration/org.eclipse.osgi/60/0/.cp/os/linux/x86/libpty.so
64751000-64753000 r--s 00005000 08:01 929834     /home/etudiant/.p2/pool/plugins/org.eclipse.e4.ui.services_1.2.0.v20150422-0725.jar
64753000-64755000 r--s 0000b000 08:01 930708     /home/etudiant/.p2/pool/plugins/ch.hsr.ifs.cute.elevator_4.13.0.201511301316.jar
64755000-6477c000 r--s 00218000 08:01 930436     /home/etudiant/.p2/pool/plugins/org.eclipse.ui.ide_3.11.0.v20150825-2158.jar
6477c000-6477d000 r-xp 00000000 08:01 527827     /usr/lib/i386-linux-gnu/gtk-2.0/2.10.0/immodules/im-cedilla.so
6477d000-6477e000 r--p 00000000 08:01 527827     /usr/lib/i386-linux-gnu/gtk-2.0/2.10.0/immodules/im-cedilla.so
6477e000-6477f000 rw-p 00001000 08:01 527827     /usr/lib/i386-linux-gnu/gtk-2.0/2.10.0/immodules/im-cedilla.so
6477f000-64782000 ---p 00000000 00:00 0 
64782000-64800000 rw-p 00000000 00:00 0 
64800000-64900000 rw-p 00000000 00:00 0 
64900000-64960000 rw-s 00000000 00:05 1212428    /SYSV00000000 (deleted)
64960000-6497f000 r--s 00000000 08:01 796909     /usr/share/mime/mime.cache
6497f000-64982000 ---p 00000000 00:00 0 
64982000-64a00000 rw-p 00000000 00:00 0 
64a00000-64afa000 rw-p 00000000 00:00 0 
64afa000-64b00000 ---p 00000000 00:00 0 
64b00000-64c00000 rw-p 00000000 00:00 0 
64c00000-64c01000 r--s 00004000 08:01 929530     /home/etudiant/.p2/pool/plugins/org.eclipse.cdt.core.linux.x86_5.3.0.201602051005.jar
64c01000-64c02000 r--s 00003000 08:01 928748     /home/etudiant/eclipse/cpp-mars/eclipse/dropins/com.trolltech.qtcpp_1.6.1.jar
64c02000-64c05000 r-xp 00000000 08:01 527774     /usr/lib/i386-linux-gnu/gdk-pixbuf-2.0/2.10.0/loaders/libpixbufloader-bmp.so
64c05000-64c06000 r--p 00002000 08:01 527774     /usr/lib/i386-linux-gnu/gdk-pixbuf-2.0/2.10.0/loaders/libpixbufloader-bmp.so
64c06000-64c07000 rw-p 00003000 08:01 527774     /usr/lib/i386-linux-gnu/gdk-pixbuf-2.0/2.10.0/loaders/libpixbufloader-bmp.so
64c07000-64c26000 r--s 00000000 08:01 796909     /usr/share/mime/mime.cache
64c26000-64c62000 r-xp 00000000 08:01 525298     /usr/lib/i386-linux-gnu/gtk-2.0/2.10.0/engines/libmurrine.so
64c62000-64c63000 r--p 0003b000 08:01 525298     /usr/lib/i386-linux-gnu/gtk-2.0/2.10.0/engines/libmurrine.so
64c63000-64c64000 rw-p 0003c000 08:01 525298     /usr/lib/i386-linux-gnu/gtk-2.0/2.10.0/engines/libmurrine.so
64c64000-64c7f000 r--s 001d6000 08:01 394142     /usr/lib/jvm/java-8-openjdk-i386/jre/lib/ext/nashorn.jar
64c7f000-64c82000 ---p 00000000 00:00 0 
64c82000-64d00000 rw-p 00000000 00:00 0 
64d00000-64e00000 rw-p 00000000 00:00 0 
64e00000-64e9c000 rw-p 00000000 00:00 0 
64e9c000-64f00000 ---p 00000000 00:00 0 
64f00000-64f01000 r--s 00006000 08:01 929527     /home/etudiant/.p2/pool/plugins/org.eclipse.cdt.codan.ui.cxx_3.2.0.201602051005.jar
64f01000-64f0b000 r-xp 00000000 08:01 525724     /usr/lib/i386-linux-gnu/gtk-2.0/2.10.0/engines/libpixmap.so
64f0b000-64f0c000 r--p 00009000 08:01 525724     /usr/lib/i386-linux-gnu/gtk-2.0/2.10.0/engines/libpixmap.so
64f0c000-64f0d000 rw-p 0000a000 08:01 525724     /usr/lib/i386-linux-gnu/gtk-2.0/2.10.0/engines/libpixmap.so
64f0d000-64f10000 ---p 00000000 00:00 0 
64f10000-64f5e000 rw-p 00000000 00:00 0 
64f5e000-64f61000 ---p 00000000 00:00 0 
64f61000-64faf000 rw-p 00000000 00:00 0 
64faf000-64fb2000 ---p 00000000 00:00 0 
64fb2000-65000000 rw-p 00000000 00:00 0 
65000000-650fd000 rw-p 00000000 00:00 0 
650fd000-65100000 ---p 00000000 00:00 0 
65100000-65102000 r--s 00039000 08:01 930294     /home/etudiant/.p2/pool/plugins/org.eclipse.osgi.compatibility.state_1.0.100.v20150402-1551.jar
65102000-65104000 r--s 00016000 08:01 394153     /usr/lib/jvm/java-8-openjdk-i386/jre/lib/jce.jar
65104000-65109000 r--s 0009d000 08:01 394134     /usr/lib/jvm/java-8-openjdk-i386/jre/lib/jsse.jar
65109000-65113000 r--s 00116000 08:01 394147     /usr/lib/jvm/java-8-openjdk-i386/jre/lib/ext/localedata.jar
65113000-65116000 ---p 00000000 00:00 0 
65116000-65164000 rw-p 00000000 00:00 0 
65164000-65165000 ---p 00000000 00:00 0 
65165000-65233000 rw-p 00000000 00:00 0 
65233000-65402000 r--s 03c32000 08:01 394135     /usr/lib/jvm/java-8-openjdk-i386/jre/lib/rt.jar
65402000-658a3000 rw-p 00000000 00:00 0 
658a3000-658a9000 ---p 00000000 00:00 0 
658a9000-658ff000 rw-p 00000000 00:00 0 
658ff000-659ff000 ---p 00000000 00:00 0 
659ff000-65a2a000 rw-p 00000000 00:00 0 
65a2a000-65aa9000 ---p 00000000 00:00 0 
65aa9000-65aff000 rw-p 00000000 00:00 0 
65aff000-65bff000 ---p 00000000 00:00 0 
65bff000-6b170000 rw-p 00000000 00:00 0 
6b170000-7b150000 ---p 00000000 00:00 0 
7b150000-85c00000 rw-p 00000000 00:00 0 
85c00000-a5c00000 ---p 00000000 00:00 0 
a5c00000-a5c02000 r--s 0000b000 08:01 929987     /home/etudiant/.p2/pool/plugins/org.eclipse.equinox.launcher_1.3.100.v20150511-1540.jar
a5c02000-a5c05000 r--s 00038000 08:01 394144     /usr/lib/jvm/java-8-openjdk-i386/jre/lib/ext/sunpkcs11.jar
a5c05000-a5c20000 r--s 00394000 08:01 394143     /usr/lib/jvm/java-8-openjdk-i386/jre/lib/ext/cldrdata.jar
a5c20000-a5d2c000 rw-p 00000000 00:00 0 
a5d2c000-a5fe0000 ---p 00000000 00:00 0 
a5fe0000-aa2a8000 rwxp 00000000 00:00 0 
aa2a8000-b4fe0000 ---p 00000000 00:00 0 
b4fe0000-b4feb000 r-xp 00000000 08:01 265389     /lib/i386-linux-gnu/libnss_files-2.23.so
b4feb000-b4fec000 r--p 0000a000 08:01 265389     /lib/i386-linux-gnu/libnss_files-2.23.so
b4fec000-b4fed000 rw-p 0000b000 08:01 265389     /lib/i386-linux-gnu/libnss_files-2.23.so
b4fed000-b4ff3000 rw-p 00000000 00:00 0 
b4ff3000-b4ffe000 r-xp 00000000 08:01 265392     /lib/i386-linux-gnu/libnss_nis-2.23.so
b4ffe000-b4fff000 r--p 0000a000 08:01 265392     /lib/i386-linux-gnu/libnss_nis-2.23.so
b4fff000-b5000000 rw-p 0000b000 08:01 265392     /lib/i386-linux-gnu/libnss_nis-2.23.so
b5000000-b5017000 r-xp 00000000 08:01 265373     /lib/i386-linux-gnu/libnsl-2.23.so
b5017000-b5018000 r--p 00016000 08:01 265373     /lib/i386-linux-gnu/libnsl-2.23.so
b5018000-b5019000 rw-p 00017000 08:01 265373     /lib/i386-linux-gnu/libnsl-2.23.so
b5019000-b501b000 rw-p 00000000 00:00 0 
b501b000-b5023000 r-xp 00000000 08:01 265384     /lib/i386-linux-gnu/libnss_compat-2.23.so
b5023000-b5024000 r--p 00007000 08:01 265384     /lib/i386-linux-gnu/libnss_compat-2.23.so
b5024000-b5025000 rw-p 00008000 08:01 265384     /lib/i386-linux-gnu/libnss_compat-2.23.so
b5025000-b5027000 r--s 00001000 08:01 394145     /usr/lib/jvm/java-8-openjdk-i386/jre/lib/ext/dnsns.jar
b5027000-b5029000 r--s 00008000 08:01 394149     /usr/lib/jvm/java-8-openjdk-i386/jre/lib/ext/sunec.jar
b5029000-b502f000 r--s 0003b000 08:01 394148     /usr/lib/jvm/java-8-openjdk-i386/jre/lib/ext/sunjce_provider.jar
b502f000-b5030000 r--s 00010000 08:01 394146     /usr/lib/jvm/java-8-openjdk-i386/jre/lib/ext/zipfs.jar
b5030000-b5033000 r--s 0000f000 08:01 394141     /usr/lib/jvm/java-8-openjdk-i386/jre/lib/ext/icedtea-sound.jar
b5033000-b503b000 r-xp 00000000 08:01 394116     /usr/lib/jvm/java-8-openjdk-i386/jre/lib/i386/libzip.so
b503b000-b503c000 r--p 00007000 08:01 394116     /usr/lib/jvm/java-8-openjdk-i386/jre/lib/i386/libzip.so
b503c000-b503d000 rw-p 00008000 08:01 394116     /usr/lib/jvm/java-8-openjdk-i386/jre/lib/i386/libzip.so
b503d000-b5065000 r-xp 00000000 08:01 394133     /usr/lib/jvm/java-8-openjdk-i386/jre/lib/i386/libjava.so
b5065000-b5066000 r--p 00027000 08:01 394133     /usr/lib/jvm/java-8-openjdk-i386/jre/lib/i386/libjava.so
b5066000-b5067000 rw-p 00028000 08:01 394133     /usr/lib/jvm/java-8-openjdk-i386/jre/lib/i386/libjava.so
b5067000-b5083000 r-xp 00000000 08:01 266434     /lib/i386-linux-gnu/libgcc_s.so.1
b5083000-b5084000 rw-p 0001b000 08:01 266434     /lib/i386-linux-gnu/libgcc_s.so.1
b5084000-b51f1000 r-xp 00000000 08:01 527491     /usr/lib/i386-linux-gnu/libstdc++.so.6.0.21
b51f1000-b51f2000 ---p 0016d000 08:01 527491     /usr/lib/i386-linux-gnu/libstdc++.so.6.0.21
b51f2000-b51f7000 r--p 0016d000 08:01 527491     /usr/lib/i386-linux-gnu/libstdc++.so.6.0.21
b51f7000-b51f8000 rw-p 00172000 08:01 527491     /usr/lib/i386-linux-gnu/libstdc++.so.6.0.21
b51f8000-b51fb000 rw-p 00000000 00:00 0 
b51fb000-b5203000 rw-s 00000000 08:01 281231     /tmp/hsperfdata_etudiant/11790
b5203000-b5211000 r-xp 00000000 08:01 394121     /usr/lib/jvm/java-8-openjdk-i386/jre/lib/i386/libverify.so
b5211000-b5212000 r--p 0000d000 08:01 394121     /usr/lib/jvm/java-8-openjdk-i386/jre/lib/i386/libverify.so
b5212000-b5213000 rw-p 0000e000 08:01 394121     /usr/lib/jvm/java-8-openjdk-i386/jre/lib/i386/libverify.so
b5213000-b5ced000 r-xp 00000000 08:01 394098     /usr/lib/jvm/java-8-openjdk-i386/jre/lib/i386/server/libjvm.so
b5ced000-b5cee000 ---p 00ada000 08:01 394098     /usr/lib/jvm/java-8-openjdk-i386/jre/lib/i386/server/libjvm.so
b5cee000-b5d34000 r--p 00ada000 08:01 394098     /usr/lib/jvm/java-8-openjdk-i386/jre/lib/i386/server/libjvm.so
b5d34000-b5d4b000 rw-p 00b20000 08:01 394098     /usr/lib/jvm/java-8-openjdk-i386/jre/lib/i386/server/libjvm.so
b5d4b000-b616a000 rw-p 00000000 00:00 0 
b616a000-b6195000 r--p 00000000 08:01 795042     /usr/share/locale-langpack/fr/LC_MESSAGES/gtk20-properties.mo
b6195000-b61bb000 r--p 00000000 08:01 794920     /usr/share/locale-langpack/fr/LC_MESSAGES/libc.mo
b61bb000-b61df000 r-xp 00000000 08:01 528248     /usr/lib/i386-linux-gnu/libatk-1.0.so.0.21809.1
b61df000-b61e1000 r--p 00023000 08:01 528248     /usr/lib/i386-linux-gnu/libatk-1.0.so.0.21809.1
b61e1000-b61e2000 rw-p 00025000 08:01 528248     /usr/lib/i386-linux-gnu/libatk-1.0.so.0.21809.1
b61e2000-b66cf000 r-xp 00000000 08:01 527819     /usr/lib/i386-linux-gnu/libgtk-x11-2.0.so.0.2400.30
b66cf000-b66d0000 ---p 004ed000 08:01 527819     /usr/lib/i386-linux-gnu/libgtk-x11-2.0.so.0.2400.30
b66d0000-b66d4000 r--p 004ed000 08:01 527819     /usr/lib/i386-linux-gnu/libgtk-x11-2.0.so.0.2400.30
b66d4000-b66d6000 rw-p 004f1000 08:01 527819     /usr/lib/i386-linux-gnu/libgtk-x11-2.0.so.0.2400.30
b66d6000-b66d8000 rw-p 00000000 00:00 0 
b66d8000-b66fd000 r-xp 00000000 08:01 527922     /usr/lib/i386-linux-gnu/libgraphite2.so.3.0.1
b66fd000-b66fe000 ---p 00025000 08:01 527922     /usr/lib/i386-linux-gnu/libgraphite2.so.3.0.1
b66fe000-b66ff000 r--p 00025000 08:01 527922     /usr/lib/i386-linux-gnu/libgraphite2.so.3.0.1
b66ff000-b6700000 rw-p 00026000 08:01 527922     /usr/lib/i386-linux-gnu/libgraphite2.so.3.0.1
b6700000-b6705000 r-xp 00000000 08:01 528162     /usr/lib/i386-linux-gnu/libXdmcp.so.6.0.0
b6705000-b6706000 r--p 00004000 08:01 528162     /usr/lib/i386-linux-gnu/libXdmcp.so.6.0.0
b6706000-b6707000 rw-p 00005000 08:01 528162     /usr/lib/i386-linux-gnu/libXdmcp.so.6.0.0
b6707000-b6709000 r-xp 00000000 08:01 528151     /usr/lib/i386-linux-gnu/libXau.so.6.0.0
b6709000-b670a000 r--p 00001000 08:01 528151     /usr/lib/i386-linux-gnu/libXau.so.6.0.0
b670a000-b670b000 rw-p 00002000 08:01 528151     /usr/lib/i386-linux-gnu/libXau.so.6.0.0
b670b000-b6712000 r-xp 00000000 08:01 528398     /usr/lib/i386-linux-gnu/libdatrie.so.1.3.3
b6712000-b6713000 ---p 00007000 08:01 528398     /usr/lib/i386-linux-gnu/libdatrie.so.1.3.3
b6713000-b6714000 r--p 00007000 08:01 528398     /usr/lib/i386-linux-gnu/libdatrie.so.1.3.3
b6714000-b6715000 rw-p 00008000 08:01 528398     /usr/lib/i386-linux-gnu/libdatrie.so.1.3.3
b6715000-b6777000 r-xp 00000000 08:01 528389     /usr/lib/i386-linux-gnu/libharfbuzz.so.0.10000.1
b6777000-b6778000 r--p 00061000 08:01 528389     /usr/lib/i386-linux-gnu/libharfbuzz.so.0.10000.1
b6778000-b6779000 rw-p 00062000 08:01 528389     /usr/lib/i386-linux-gnu/libharfbuzz.so.0.10000.1
b6779000-b6780000 r-xp 00000000 08:01 265393     /lib/i386-linux-gnu/librt-2.23.so
b6780000-b6781000 r--p 00006000 08:01 265393     /lib/i386-linux-gnu/librt-2.23.so
b6781000-b6782000 rw-p 00007000 08:01 265393     /lib/i386-linux-gnu/librt-2.23.so
b6782000-b67a6000 r-xp 00000000 08:01 529364     /usr/lib/i386-linux-gnu/libxcb.so.1.1.0
b67a6000-b67a7000 r--p 00023000 08:01 529364     /usr/lib/i386-linux-gnu/libxcb.so.1.1.0
b67a7000-b67a8000 rw-p 00024000 08:01 529364     /usr/lib/i386-linux-gnu/libxcb.so.1.1.0
b67a8000-b67b1000 r-xp 00000000 08:01 529352     /usr/lib/i386-linux-gnu/libxcb-render.so.0.0.0
b67b1000-b67b2000 r--p 00008000 08:01 529352     /usr/lib/i386-linux-gnu/libxcb-render.so.0.0.0
b67b2000-b67b3000 rw-p 00009000 08:01 529352     /usr/lib/i386-linux-gnu/libxcb-render.so.0.0.0
b67b3000-b67b5000 r-xp 00000000 08:01 529356     /usr/lib/i386-linux-gnu/libxcb-shm.so.0.0.0
b67b5000-b67b6000 r--p 00001000 08:01 529356     /usr/lib/i386-linux-gnu/libxcb-shm.so.0.0.0
b67b6000-b67b7000 rw-p 00002000 08:01 529356     /usr/lib/i386-linux-gnu/libxcb-shm.so.0.0.0
b67b7000-b67e0000 r-xp 00000000 08:01 266312     /lib/i386-linux-gnu/libpng12.so.0.54.0
b67e0000-b67e1000 r--p 00028000 08:01 266312     /lib/i386-linux-gnu/libpng12.so.0.54.0
b67e1000-b67e2000 rw-p 00029000 08:01 266312     /lib/i386-linux-gnu/libpng12.so.0.54.0
b67e2000-b688b000 r-xp 00000000 08:01 529030     /usr/lib/i386-linux-gnu/libpixman-1.so.0.33.6
b688b000-b6891000 r--p 000a8000 08:01 529030     /usr/lib/i386-linux-gnu/libpixman-1.so.0.33.6
b6891000-b6892000 rw-p 000ae000 08:01 529030     /usr/lib/i386-linux-gnu/libpixman-1.so.0.33.6
b6892000-b68b8000 r-xp 00000000 08:01 265753     /lib/i386-linux-gnu/libexpat.so.1.6.0
b68b8000-b68b9000 ---p 00026000 08:01 265753     /lib/i386-linux-gnu/libexpat.so.1.6.0
b68b9000-b68bb000 r--p 00026000 08:01 265753     /lib/i386-linux-gnu/libexpat.so.1.6.0
b68bb000-b68bc000 rw-p 00028000 08:01 265753     /lib/i386-linux-gnu/libexpat.so.1.6.0
b68bc000-b692f000 r-xp 00000000 08:01 266523     /lib/i386-linux-gnu/libpcre.so.3.13.2
b692f000-b6930000 r--p 00072000 08:01 266523     /lib/i386-linux-gnu/libpcre.so.3.13.2
b6930000-b6931000 rw-p 00073000 08:01 266523     /lib/i386-linux-gnu/libpcre.so.3.13.2
b6931000-b6938000 r-xp 00000000 08:01 528503     /usr/lib/i386-linux-gnu/libffi.so.6.0.4
b6938000-b6939000 r--p 00006000 08:01 528503     /usr/lib/i386-linux-gnu/libffi.so.6.0.4
b6939000-b693a000 rw-p 00007000 08:01 528503     /usr/lib/i386-linux-gnu/libffi.so.6.0.4
b693a000-b694e000 r-xp 00000000 08:01 265380     /lib/i386-linux-gnu/libresolv-2.23.so
b694e000-b694f000 ---p 00014000 08:01 265380     /lib/i386-linux-gnu/libresolv-2.23.so
b694f000-b6950000 r--p 00014000 08:01 265380     /lib/i386-linux-gnu/libresolv-2.23.so
b6950000-b6951000 rw-p 00015000 08:01 265380     /lib/i386-linux-gnu/libresolv-2.23.so
b6951000-b6953000 rw-p 00000000 00:00 0 
b6953000-b6975000 r-xp 00000000 08:01 266552     /lib/i386-linux-gnu/libselinux.so.1
b6975000-b6976000 ---p 00022000 08:01 266552     /lib/i386-linux-gnu/libselinux.so.1
b6976000-b6977000 r--p 00022000 08:01 266552     /lib/i386-linux-gnu/libselinux.so.1
b6977000-b6978000 rw-p 00023000 08:01 266552     /lib/i386-linux-gnu/libselinux.so.1
b6978000-b6979000 rw-p 00000000 00:00 0 
b6979000-b6992000 r-xp 00000000 08:01 265406     /lib/i386-linux-gnu/libz.so.1.2.8
b6992000-b6993000 r--p 00018000 08:01 265406     /lib/i386-linux-gnu/libz.so.1.2.8
b6993000-b6994000 rw-p 00019000 08:01 265406     /lib/i386-linux-gnu/libz.so.1.2.8
b6994000-b6997000 r-xp 00000000 08:01 527566     /usr/lib/i386-linux-gnu/libgmodule-2.0.so.0.4800.2
b6997000-b6998000 r--p 00002000 08:01 527566     /usr/lib/i386-linux-gnu/libgmodule-2.0.so.0.4800.2
b6998000-b6999000 rw-p 00003000 08:01 527566     /usr/lib/i386-linux-gnu/libgmodule-2.0.so.0.4800.2
b6999000-b69a2000 r-xp 00000000 08:01 529218     /usr/lib/i386-linux-gnu/libthai.so.0.2.4
b69a2000-b69a3000 r--p 00008000 08:01 529218     /usr/lib/i386-linux-gnu/libthai.so.0.2.4
b69a3000-b69a4000 rw-p 00009000 08:01 529218     /usr/lib/i386-linux-gnu/libthai.so.0.2.4
b69a4000-b6a4f000 r-xp 00000000 08:01 526067     /usr/lib/i386-linux-gnu/libfreetype.so.6.12.1
b6a4f000-b6a53000 r--p 000aa000 08:01 526067     /usr/lib/i386-linux-gnu/libfreetype.so.6.12.1
b6a53000-b6a54000 rw-p 000ae000 08:01 526067     /usr/lib/i386-linux-gnu/libfreetype.so.6.12.1
b6a54000-b6a6a000 r-xp 00000000 08:01 529010     /usr/lib/i386-linux-gnu/libpangoft2-1.0.so.0.3800.1
b6a6a000-b6a6b000 r--p 00015000 08:01 529010     /usr/lib/i386-linux-gnu/libpangoft2-1.0.so.0.3800.1
b6a6b000-b6a6c000 rw-p 00016000 08:01 529010     /usr/lib/i386-linux-gnu/libpangoft2-1.0.so.0.3800.1
b6a6c000-b6abf000 r-xp 00000000 08:01 265372     /lib/i386-linux-gnu/libm-2.23.so
b6abf000-b6ac0000 r--p 00052000 08:01 265372     /lib/i386-linux-gnu/libm-2.23.so
b6ac0000-b6ac1000 rw-p 00053000 08:01 265372     /lib/i386-linux-gnu/libm-2.23.so
b6ac1000-b6ad4000 r-xp 00000000 08:01 528164     /usr/lib/i386-linux-gnu/libXext.so.6.4.0
b6ad4000-b6ad5000 r--p 00012000 08:01 528164     /usr/lib/i386-linux-gnu/libXext.so.6.4.0
b6ad5000-b6ad6000 rw-p 00013000 08:01 528164     /usr/lib/i386-linux-gnu/libXext.so.6.4.0
b6ad6000-b6c1c000 r-xp 00000000 08:01 528147     /usr/lib/i386-linux-gnu/libX11.so.6.3.0
b6c1c000-b6c1d000 ---p 00146000 08:01 528147     /usr/lib/i386-linux-gnu/libX11.so.6.3.0
b6c1d000-b6c1e000 r--p 00146000 08:01 528147     /usr/lib/i386-linux-gnu/libX11.so.6.3.0
b6c1e000-b6c20000 rw-p 00147000 08:01 528147     /usr/lib/i386-linux-gnu/libX11.so.6.3.0
b6c20000-b6c21000 rw-p 00000000 00:00 0 
b6c21000-b6d5e000 r-xp 00000000 08:01 528318     /usr/lib/i386-linux-gnu/libcairo.so.2.11400.6
b6d5e000-b6d60000 r--p 0013c000 08:01 528318     /usr/lib/i386-linux-gnu/libcairo.so.2.11400.6
b6d60000-b6d61000 rw-p 0013e000 08:01 528318     /usr/lib/i386-linux-gnu/libcairo.so.2.11400.6
b6d61000-b6d62000 rw-p 00000000 00:00 0 
b6d62000-b6d67000 r-xp 00000000 08:01 528166     /usr/lib/i386-linux-gnu/libXfixes.so.3.1.0
b6d67000-b6d68000 r--p 00004000 08:01 528166     /usr/lib/i386-linux-gnu/libXfixes.so.3.1.0
b6d68000-b6d69000 rw-p 00005000 08:01 528166     /usr/lib/i386-linux-gnu/libXfixes.so.3.1.0
b6d69000-b6d6b000 r-xp 00000000 08:01 528160     /usr/lib/i386-linux-gnu/libXdamage.so.1.1.0
b6d6b000-b6d6c000 r--p 00001000 08:01 528160     /usr/lib/i386-linux-gnu/libXdamage.so.1.1.0
b6d6c000-b6d6d000 rw-p 00002000 08:01 528160     /usr/lib/i386-linux-gnu/libXdamage.so.1.1.0
b6d6d000-b6d77000 r-xp 00000000 08:01 527792     /usr/lib/i386-linux-gnu/libXcursor.so.1.0.2
b6d77000-b6d78000 r--p 00009000 08:01 527792     /usr/lib/i386-linux-gnu/libXcursor.so.1.0.2
b6d78000-b6d79000 rw-p 0000a000 08:01 527792     /usr/lib/i386-linux-gnu/libXcursor.so.1.0.2
b6d79000-b6d84000 r-xp 00000000 08:01 528182     /usr/lib/i386-linux-gnu/libXrandr.so.2.2.0
b6d84000-b6d85000 r--p 0000a000 08:01 528182     /usr/lib/i386-linux-gnu/libXrandr.so.2.2.0
b6d85000-b6d86000 rw-p 0000b000 08:01 528182     /usr/lib/i386-linux-gnu/libXrandr.so.2.2.0
b6d86000-b6d97000 r-xp 00000000 08:01 528172     /usr/lib/i386-linux-gnu/libXi.so.6.1.0
b6d97000-b6d98000 r--p 00010000 08:01 528172     /usr/lib/i386-linux-gnu/libXi.so.6.1.0
b6d98000-b6d99000 rw-p 00011000 08:01 528172     /usr/lib/i386-linux-gnu/libXi.so.6.1.0
b6d99000-b6da3000 r-xp 00000000 08:01 528184     /usr/lib/i386-linux-gnu/libXrender.so.1.3.0
b6da3000-b6da4000 r--p 00009000 08:01 528184     /usr/lib/i386-linux-gnu/libXrender.so.1.3.0
b6da4000-b6da5000 rw-p 0000a000 08:01 528184     /usr/lib/i386-linux-gnu/libXrender.so.1.3.0
b6da5000-b6de7000 r-xp 00000000 08:01 525020     /usr/lib/i386-linux-gnu/libfontconfig.so.1.9.0
b6de7000-b6de8000 ---p 00042000 08:01 525020     /usr/lib/i386-linux-gnu/libfontconfig.so.1.9.0
b6de8000-b6de9000 r--p 00042000 08:01 525020     /usr/lib/i386-linux-gnu/libfontconfig.so.1.9.0
b6de9000-b6dee000 rw-p 00043000 08:01 525020     /usr/lib/i386-linux-gnu/libfontconfig.so.1.9.0
b6dee000-b6f15000 r-xp 00000000 08:01 265770     /lib/i386-linux-gnu/libglib-2.0.so.0.4800.2
b6f15000-b6f16000 r--p 00126000 08:01 265770     /lib/i386-linux-gnu/libglib-2.0.so.0.4800.2
b6f16000-b6f17000 rw-p 00127000 08:01 265770     /lib/i386-linux-gnu/libglib-2.0.so.0.4800.2
b6f17000-b6f73000 r-xp 00000000 08:01 527571     /usr/lib/i386-linux-gnu/libgobject-2.0.so.0.4800.2
b6f73000-b6f74000 ---p 0005c000 08:01 527571     /usr/lib/i386-linux-gnu/libgobject-2.0.so.0.4800.2
b6f74000-b6f75000 r--p 0005c000 08:01 527571     /usr/lib/i386-linux-gnu/libgobject-2.0.so.0.4800.2
b6f75000-b6f76000 rw-p 0005d000 08:01 527571     /usr/lib/i386-linux-gnu/libgobject-2.0.so.0.4800.2
b6f76000-b713a000 r-xp 00000000 08:01 527565     /usr/lib/i386-linux-gnu/libgio-2.0.so.0.4800.2
b713a000-b713b000 ---p 001c4000 08:01 527565     /usr/lib/i386-linux-gnu/libgio-2.0.so.0.4800.2
b713b000-b713d000 r--p 001c4000 08:01 527565     /usr/lib/i386-linux-gnu/libgio-2.0.so.0.4800.2
b713d000-b713e000 rw-p 001c6000 08:01 527565     /usr/lib/i386-linux-gnu/libgio-2.0.so.0.4800.2
b713e000-b713f000 rw-p 00000000 00:00 0 
b713f000-b7166000 r-xp 00000000 08:01 527788     /usr/lib/i386-linux-gnu/libgdk_pixbuf-2.0.so.0.3200.2
b7166000-b7167000 r--p 00026000 08:01 527788     /usr/lib/i386-linux-gnu/libgdk_pixbuf-2.0.so.0.3200.2
b7167000-b7168000 rw-p 00027000 08:01 527788     /usr/lib/i386-linux-gnu/libgdk_pixbuf-2.0.so.0.3200.2
b7168000-b71b6000 r-xp 00000000 08:01 529006     /usr/lib/i386-linux-gnu/libpango-1.0.so.0.3800.1
b71b6000-b71b7000 ---p 0004e000 08:01 529006     /usr/lib/i386-linux-gnu/libpango-1.0.so.0.3800.1
b71b7000-b71b8000 r--p 0004e000 08:01 529006     /usr/lib/i386-linux-gnu/libpango-1.0.so.0.3800.1
b71b8000-b71b9000 rw-p 0004f000 08:01 529006     /usr/lib/i386-linux-gnu/libpango-1.0.so.0.3800.1
b71b9000-b71c5000 r-xp 00000000 08:01 529008     /usr/lib/i386-linux-gnu/libpangocairo-1.0.so.0.3800.1
b71c5000-b71c6000 r--p 0000b000 08:01 529008     /usr/lib/i386-linux-gnu/libpangocairo-1.0.so.0.3800.1
b71c6000-b71c7000 rw-p 0000c000 08:01 529008     /usr/lib/i386-linux-gnu/libpangocairo-1.0.so.0.3800.1
b71c7000-b7284000 r-xp 00000000 08:01 527818     /usr/lib/i386-linux-gnu/libgdk-x11-2.0.so.0.2400.30
b7284000-b7286000 r--p 000bc000 08:01 527818     /usr/lib/i386-linux-gnu/libgdk-x11-2.0.so.0.2400.30
b7286000-b7287000 rw-p 000be000 08:01 527818     /usr/lib/i386-linux-gnu/libgdk-x11-2.0.so.0.2400.30
b7287000-b7288000 r--s 0000a000 08:01 394150     /usr/lib/jvm/java-8-openjdk-i386/jre/lib/ext/jaccess.jar
b7288000-b7289000 rw-p 00000000 00:00 0 
b7289000-b7290000 r--s 00000000 08:01 525840     /usr/lib/i386-linux-gnu/gconv/gconv-modules.cache
b7290000-b729f000 r--p 00000000 08:01 794995     /usr/share/locale-langpack/fr/LC_MESSAGES/gtk20.mo
b729f000-b73d0000 r--p 00199000 08:01 525720     /usr/lib/locale/locale-archive
b73d0000-b75d0000 r--p 00000000 08:01 525720     /usr/lib/locale/locale-archive
b75d0000-b75d2000 rw-p 00000000 00:00 0 
b75d2000-b7782000 r-xp 00000000 08:01 265376     /lib/i386-linux-gnu/libc-2.23.so
b7782000-b7784000 r--p 001af000 08:01 265376     /lib/i386-linux-gnu/libc-2.23.so
b7784000-b7785000 rw-p 001b1000 08:01 265376     /lib/i386-linux-gnu/libc-2.23.so
b7785000-b7788000 rw-p 00000000 00:00 0 
b7788000-b778b000 r-xp 00000000 08:01 265378     /lib/i386-linux-gnu/libdl-2.23.so
b778b000-b778c000 r--p 00002000 08:01 265378     /lib/i386-linux-gnu/libdl-2.23.so
b778c000-b778d000 rw-p 00003000 08:01 265378     /lib/i386-linux-gnu/libdl-2.23.so
b778d000-b77a6000 r-xp 00000000 08:01 265375     /lib/i386-linux-gnu/libpthread-2.23.so
b77a6000-b77a7000 r--p 00018000 08:01 265375     /lib/i386-linux-gnu/libpthread-2.23.so
b77a7000-b77a8000 rw-p 00019000 08:01 265375     /lib/i386-linux-gnu/libpthread-2.23.so
b77a8000-b77aa000 rw-p 00000000 00:00 0 
b77aa000-b77ab000 r--p 00000000 00:00 0 
b77ab000-b77ad000 r-xp 00000000 08:01 528156     /usr/lib/i386-linux-gnu/libXcomposite.so.1.0.0
b77ad000-b77ae000 r--p 00001000 08:01 528156     /usr/lib/i386-linux-gnu/libXcomposite.so.1.0.0
b77ae000-b77af000 rw-p 00002000 08:01 528156     /usr/lib/i386-linux-gnu/libXcomposite.so.1.0.0
b77af000-b77b1000 r-xp 00000000 08:01 528174     /usr/lib/i386-linux-gnu/libXinerama.so.1.0.0
b77b1000-b77b2000 r--p 00001000 08:01 528174     /usr/lib/i386-linux-gnu/libXinerama.so.1.0.0
b77b2000-b77b3000 rw-p 00002000 08:01 528174     /usr/lib/i386-linux-gnu/libXinerama.so.1.0.0
b77b3000-b77c0000 r-xp 00000000 08:01 929383     /home/etudiant/.p2/pool/plugins/org.eclipse.equinox.launcher.gtk.linux.x86_1.1.300.v20150602-1417/eclipse_1612.so
b77c0000-b77c1000 rw-p 0000d000 08:01 929383     /home/etudiant/.p2/pool/plugins/org.eclipse.equinox.launcher.gtk.linux.x86_1.1.300.v20150602-1417/eclipse_1612.so
b77c1000-b77c2000 r--p 002d9000 08:01 525720     /usr/lib/locale/locale-archive
b77c2000-b77c3000 rw-p 00000000 00:00 0 
b77c3000-b77c6000 r--p 00000000 00:00 0          [vvar]
b77c6000-b77c7000 r-xp 00000000 00:00 0          [vdso]
b77c7000-b77ea000 r-xp 00000000 08:01 265374     /lib/i386-linux-gnu/ld-2.23.so
b77ea000-b77eb000 r--p 00022000 08:01 265374     /lib/i386-linux-gnu/ld-2.23.so
b77eb000-b77ec000 rw-p 00023000 08:01 265374     /lib/i386-linux-gnu/ld-2.23.so
bff54000-bff57000 ---p 00000000 00:00 0 
bff57000-bffa4000 rw-p 00000000 00:00 0          [stack]

VM Arguments:
jvm_args: -Dosgi.requiredJavaVersion=1.7 -XX:MaxPermSize=256m -Xms256m -Xmx1024m -Declipse.p2.max.threads=10 -Doomph.update.url=http://download.eclipse.org/oomph/updates/milestone/latest -Doomph.redirection.index.redirection=index:/->http://git.eclipse.org/c/oomph/org.eclipse.oomph.git/plain/setups/ 
java_command: <unknown>
java_class_path (initial): /home/etudiant/eclipse/cpp-mars/eclipse//../../../.p2/pool/plugins/org.eclipse.equinox.launcher_1.3.100.v20150511-1540.jar
Launcher Type: generic

Environment Variables:
PATH=/usr/local/sbin:/usr/local/bin:/usr/sbin:/usr/bin:/sbin:/bin:/usr/games:/usr/local/games:/snap/bin:/home/etudiant/eclipse/cpp-mars/eclipse
LD_LIBRARY_PATH=/usr/lib/jvm/java-8-openjdk-i386/jre/lib/i386/server:/usr/lib/jvm/java-8-openjdk-i386/jre/lib/i386:
SHELL=/bin/bash
DISPLAY=:0.0

Signal Handlers:
SIGSEGV: [libjvm.so+0x8de5f0], sa_mask[0]=11111111011111111101111111111110, sa_flags=SA_RESTART|SA_SIGINFO
SIGBUS: 